[Fri Feb 09 11:30:22.399693 2024] [mpm_winnt:notice] [pid 1232:tid 428] AH00455: Apache/2.4.54 (Win64) PHP/8.2.0 configured -- resuming normal operations
[Fri Feb 09 11:30:22.399693 2024] [mpm_winnt:notice] [pid 1232:tid 428] AH00456: Apache Lounge VS16 Server built: Nov  2 2022 10:09:33
[Fri Feb 09 11:30:22.399693 2024] [core:notice] [pid 1232:tid 428] AH00094: Command line: 'C:\\Users\\masiero.christian\\Desktop\\UniserverCI4\\UniServerZ\\core\\apache2\\bin\\httpd_z.exe -d C:/Users/masiero.christian/Desktop/UniserverCI4/UniServerZ/core/apache2 -f C:\\Users\\masiero.christian\\Desktop\\UniserverCI4\\UniServerZ\\core\\apache2\\conf\\httpd.conf -d C:\\Users\\masiero.christian\\Desktop\\UniserverCI4\\UniServerZ\\core\\apache2'
[Fri Feb 09 11:30:22.403793 2024] [mpm_winnt:notice] [pid 1232:tid 428] AH00418: Parent: Created child process 4912
[Fri Feb 09 11:30:22.726631 2024] [mpm_winnt:notice] [pid 4912:tid 432] AH00354: Child: Starting 150 worker threads.
[Fri Feb 09 12:02:57.202549 2024] [core:warn] [pid 13412:tid 428] AH00098: pid file C:/Users/masiero.christian/Desktop/UniserverCI4/UniServerZ/core/apache2/logs/httpd.pid overwritten -- Unclean shutdown of previous Apache run?
[Fri Feb 09 12:02:57.222832 2024] [mpm_winnt:notice] [pid 13412:tid 428] AH00455: Apache/2.4.54 (Win64) PHP/8.2.0 configured -- resuming normal operations
[Fri Feb 09 12:02:57.222832 2024] [mpm_winnt:notice] [pid 13412:tid 428] AH00456: Apache Lounge VS16 Server built: Nov  2 2022 10:09:33
[Fri Feb 09 12:02:57.222832 2024] [core:notice] [pid 13412:tid 428] AH00094: Command line: 'C:\\Users\\masiero.christian\\Desktop\\UniserverCI4\\UniServerZ\\core\\apache2\\bin\\httpd_z.exe -d C:/Users/masiero.christian/Desktop/UniserverCI4/UniServerZ/core/apache2 -f C:\\Users\\masiero.christian\\Desktop\\UniserverCI4\\UniServerZ\\core\\apache2\\conf\\httpd.conf -d C:\\Users\\masiero.christian\\Desktop\\UniserverCI4\\UniServerZ\\core\\apache2'
[Fri Feb 09 12:02:57.226140 2024] [mpm_winnt:notice] [pid 13412:tid 428] AH00418: Parent: Created child process 4108
[Fri Feb 09 12:02:57.549845 2024] [mpm_winnt:notice] [pid 4108:tid 432] AH00354: Child: Starting 150 worker threads.
[Fri Feb 09 12:26:56.963318 2024] [core:warn] [pid 11636:tid 400] AH00098: pid file C:/Users/masiero.christian/Desktop/UniserverCI4/UniServerZ/core/apache2/logs/httpd.pid overwritten -- Unclean shutdown of previous Apache run?
[Fri Feb 09 12:26:57.177084 2024] [mpm_winnt:notice] [pid 11636:tid 400] AH00455: Apache/2.4.54 (Win64) PHP/8.2.0 configured -- resuming normal operations
[Fri Feb 09 12:26:57.178081 2024] [mpm_winnt:notice] [pid 11636:tid 400] AH00456: Apache Lounge VS16 Server built: Nov  2 2022 10:09:33
[Fri Feb 09 12:26:57.178081 2024] [core:notice] [pid 11636:tid 400] AH00094: Command line: 'C:\\Users\\masiero.christian\\Desktop\\UniserverCI4\\UniServerZ\\core\\apache2\\bin\\httpd_z.exe -d C:/Users/masiero.christian/Desktop/UniserverCI4/UniServerZ/core/apache2 -f C:\\Users\\masiero.christian\\Desktop\\UniserverCI4\\UniServerZ\\core\\apache2\\conf\\httpd.conf -d C:\\Users\\masiero.christian\\Desktop\\UniserverCI4\\UniServerZ\\core\\apache2'
[Fri Feb 09 12:26:57.180083 2024] [mpm_winnt:notice] [pid 11636:tid 400] AH00418: Parent: Created child process 9608
[Fri Feb 09 12:26:57.589414 2024] [mpm_winnt:notice] [pid 9608:tid 412] AH00354: Child: Starting 150 worker threads.
[Fri Feb 09 13:11:23.551199 2024] [core:warn] [pid 7364:tid 400] AH00098: pid file C:/Users/masiero.christian/Desktop/UniserverCI4/UniServerZ/core/apache2/logs/httpd.pid overwritten -- Unclean shutdown of previous Apache run?
[Fri Feb 09 13:11:23.700753 2024] [mpm_winnt:notice] [pid 7364:tid 400] AH00455: Apache/2.4.54 (Win64) PHP/8.2.0 configured -- resuming normal operations
[Fri Feb 09 13:11:23.700753 2024] [mpm_winnt:notice] [pid 7364:tid 400] AH00456: Apache Lounge VS16 Server built: Nov  2 2022 10:09:33
[Fri Feb 09 13:11:23.700753 2024] [core:notice] [pid 7364:tid 400] AH00094: Command line: 'C:\\Users\\masiero.christian\\Desktop\\UniserverCI4\\UniServerZ\\core\\apache2\\bin\\httpd_z.exe -d C:/Users/masiero.christian/Desktop/UniserverCI4/UniServerZ/core/apache2 -f C:\\Users\\masiero.christian\\Desktop\\UniserverCI4\\UniServerZ\\core\\apache2\\conf\\httpd.conf -d C:\\Users\\masiero.christian\\Desktop\\UniserverCI4\\UniServerZ\\core\\apache2'
[Fri Feb 09 13:11:23.702720 2024] [mpm_winnt:notice] [pid 7364:tid 400] AH00418: Parent: Created child process 6792
[Fri Feb 09 13:11:23.943076 2024] [mpm_winnt:notice] [pid 6792:tid 404] AH00354: Child: Starting 150 worker threads.
[Fri Feb 09 13:21:13.685173 2024] [core:warn] [pid 11596:tid 400] AH00098: pid file C:/Users/masiero.christian/Desktop/UniserverCI4/UniServerZ/core/apache2/logs/httpd.pid overwritten -- Unclean shutdown of previous Apache run?
[Fri Feb 09 13:21:13.705119 2024] [mpm_winnt:notice] [pid 11596:tid 400] AH00455: Apache/2.4.54 (Win64) PHP/8.2.0 configured -- resuming normal operations
[Fri Feb 09 13:21:13.705119 2024] [mpm_winnt:notice] [pid 11596:tid 400] AH00456: Apache Lounge VS16 Server built: Nov  2 2022 10:09:33
[Fri Feb 09 13:21:13.705119 2024] [core:notice] [pid 11596:tid 400] AH00094: Command line: 'C:\\Users\\masiero.christian\\Desktop\\UniserverCI4\\UniServerZ\\core\\apache2\\bin\\httpd_z.exe -d C:/Users/masiero.christian/Desktop/UniserverCI4/UniServerZ/core/apache2 -f C:\\Users\\masiero.christian\\Desktop\\UniserverCI4\\UniServerZ\\core\\apache2\\conf\\httpd.conf -d C:\\Users\\masiero.christian\\Desktop\\UniserverCI4\\UniServerZ\\core\\apache2'
[Fri Feb 09 13:21:13.706866 2024] [mpm_winnt:notice] [pid 11596:tid 400] AH00418: Parent: Created child process 5476
[Fri Feb 09 13:21:13.947172 2024] [mpm_winnt:notice] [pid 5476:tid 404] AH00354: Child: Starting 150 worker threads.
[Fri Feb 09 13:39:33.331257 2024] [php:notice] [pid 5476:tid 1788] [client ::1:51008] PHP Parse error:  syntax error, unexpected token "[", expecting "," or ";" in C:\\Users\\masiero.christian\\Desktop\\UniserverCI4\\UniServerZ\\www\\ci4\\app\\Config\\Autoload.php on line 87
[Fri Feb 09 13:39:34.794118 2024] [php:notice] [pid 5476:tid 1792] [client ::1:51009] PHP Parse error:  syntax error, unexpected token "[", expecting "," or ";" in C:\\Users\\masiero.christian\\Desktop\\UniserverCI4\\UniServerZ\\www\\ci4\\app\\Config\\Autoload.php on line 87
[Fri Feb 09 13:39:35.552016 2024] [php:notice] [pid 5476:tid 1788] [client ::1:51012] PHP Parse error:  syntax error, unexpected token "[", expecting "," or ";" in C:\\Users\\masiero.christian\\Desktop\\UniserverCI4\\UniServerZ\\www\\ci4\\app\\Config\\Autoload.php on line 87
[Fri Feb 09 13:39:36.041166 2024] [php:notice] [pid 5476:tid 1792] [client ::1:51013] PHP Parse error:  syntax error, unexpected token "[", expecting "," or ";" in C:\\Users\\masiero.christian\\Desktop\\UniserverCI4\\UniServerZ\\www\\ci4\\app\\Config\\Autoload.php on line 87
[Fri Feb 09 13:39:36.214390 2024] [php:notice] [pid 5476:tid 1788] [client ::1:51014] PHP Parse error:  syntax error, unexpected token "[", expecting "," or ";" in C:\\Users\\masiero.christian\\Desktop\\UniserverCI4\\UniServerZ\\www\\ci4\\app\\Config\\Autoload.php on line 87
[Fri Feb 09 13:39:36.375192 2024] [php:notice] [pid 5476:tid 1792] [client ::1:51016] PHP Parse error:  syntax error, unexpected token "[", expecting "," or ";" in C:\\Users\\masiero.christian\\Desktop\\UniserverCI4\\UniServerZ\\www\\ci4\\app\\Config\\Autoload.php on line 87
[Fri Feb 09 13:39:39.591082 2024] [php:notice] [pid 5476:tid 1788] [client ::1:51018] PHP Parse error:  syntax error, unexpected token "[", expecting "," or ";" in C:\\Users\\masiero.christian\\Desktop\\UniserverCI4\\UniServerZ\\www\\ci4\\app\\Config\\Autoload.php on line 87
[Fri Feb 09 13:39:47.006420 2024] [php:notice] [pid 5476:tid 1792] [client ::1:51023] PHP Parse error:  syntax error, unexpected token "[", expecting "," or ";" in C:\\Users\\masiero.christian\\Desktop\\UniserverCI4\\UniServerZ\\www\\ci4\\app\\Config\\Autoload.php on line 87
[Fri Feb 09 13:39:47.182412 2024] [php:notice] [pid 5476:tid 1788] [client ::1:51027] PHP Parse error:  syntax error, unexpected token "[", expecting "," or ";" in C:\\Users\\masiero.christian\\Desktop\\UniserverCI4\\UniServerZ\\www\\ci4\\app\\Config\\Autoload.php on line 87
[Fri Feb 09 13:39:47.334298 2024] [php:notice] [pid 5476:tid 1792] [client ::1:51029] PHP Parse error:  syntax error, unexpected token "[", expecting "," or ";" in C:\\Users\\masiero.christian\\Desktop\\UniserverCI4\\UniServerZ\\www\\ci4\\app\\Config\\Autoload.php on line 87
[Fri Feb 09 13:39:53.277647 2024] [php:notice] [pid 5476:tid 1788] [client ::1:51031] PHP Parse error:  syntax error, unexpected token "[", expecting "," or ";" in C:\\Users\\masiero.christian\\Desktop\\UniserverCI4\\UniServerZ\\www\\ci4\\app\\Config\\Autoload.php on line 87
[Fri Feb 09 13:39:53.966633 2024] [php:notice] [pid 5476:tid 1792] [client ::1:51032] PHP Parse error:  syntax error, unexpected token "[", expecting "," or ";" in C:\\Users\\masiero.christian\\Desktop\\UniserverCI4\\UniServerZ\\www\\ci4\\app\\Config\\Autoload.php on line 87
[Fri Feb 09 13:39:54.186995 2024] [php:notice] [pid 5476:tid 1788] [client ::1:51035] PHP Parse error:  syntax error, unexpected token "[", expecting "," or ";" in C:\\Users\\masiero.christian\\Desktop\\UniserverCI4\\UniServerZ\\www\\ci4\\app\\Config\\Autoload.php on line 87
[Fri Feb 09 13:39:54.357740 2024] [php:notice] [pid 5476:tid 1792] [client ::1:51036] PHP Parse error:  syntax error, unexpected token "[", expecting "," or ";" in C:\\Users\\masiero.christian\\Desktop\\UniserverCI4\\UniServerZ\\www\\ci4\\app\\Config\\Autoload.php on line 87
[Fri Feb 09 13:39:54.525806 2024] [php:notice] [pid 5476:tid 1788] [client ::1:51037] PHP Parse error:  syntax error, unexpected token "[", expecting "," or ";" in C:\\Users\\masiero.christian\\Desktop\\UniserverCI4\\UniServerZ\\www\\ci4\\app\\Config\\Autoload.php on line 87
[Fri Feb 09 13:39:54.684715 2024] [php:notice] [pid 5476:tid 1792] [client ::1:51038] PHP Parse error:  syntax error, unexpected token "[", expecting "," or ";" in C:\\Users\\masiero.christian\\Desktop\\UniserverCI4\\UniServerZ\\www\\ci4\\app\\Config\\Autoload.php on line 87
[Fri Feb 09 13:39:54.845833 2024] [php:notice] [pid 5476:tid 1788] [client ::1:51039] PHP Parse error:  syntax error, unexpected token "[", expecting "," or ";" in C:\\Users\\masiero.christian\\Desktop\\UniserverCI4\\UniServerZ\\www\\ci4\\app\\Config\\Autoload.php on line 87
[Fri Feb 09 13:39:55.026160 2024] [php:notice] [pid 5476:tid 1792] [client ::1:51040] PHP Parse error:  syntax error, unexpected token "[", expecting "," or ";" in C:\\Users\\masiero.christian\\Desktop\\UniserverCI4\\UniServerZ\\www\\ci4\\app\\Config\\Autoload.php on line 87
[Fri Feb 09 13:39:55.808309 2024] [php:notice] [pid 5476:tid 1788] [client ::1:51041] PHP Parse error:  syntax error, unexpected token "[", expecting "," or ";" in C:\\Users\\masiero.christian\\Desktop\\UniserverCI4\\UniServerZ\\www\\ci4\\app\\Config\\Autoload.php on line 87
[Fri Feb 09 13:39:55.982996 2024] [php:notice] [pid 5476:tid 1792] [client ::1:51042] PHP Parse error:  syntax error, unexpected token "[", expecting "," or ";" in C:\\Users\\masiero.christian\\Desktop\\UniserverCI4\\UniServerZ\\www\\ci4\\app\\Config\\Autoload.php on line 87
[Fri Feb 09 13:39:56.133754 2024] [php:notice] [pid 5476:tid 1788] [client ::1:51044] PHP Parse error:  syntax error, unexpected token "[", expecting "," or ";" in C:\\Users\\masiero.christian\\Desktop\\UniserverCI4\\UniServerZ\\www\\ci4\\app\\Config\\Autoload.php on line 87
[Fri Feb 09 13:39:56.302150 2024] [php:notice] [pid 5476:tid 1792] [client ::1:51046] PHP Parse error:  syntax error, unexpected token "[", expecting "," or ";" in C:\\Users\\masiero.christian\\Desktop\\UniserverCI4\\UniServerZ\\www\\ci4\\app\\Config\\Autoload.php on line 87
[Fri Feb 09 13:39:56.456039 2024] [php:notice] [pid 5476:tid 1788] [client ::1:51047] PHP Parse error:  syntax error, unexpected token "[", expecting "," or ";" in C:\\Users\\masiero.christian\\Desktop\\UniserverCI4\\UniServerZ\\www\\ci4\\app\\Config\\Autoload.php on line 87
[Fri Feb 09 13:40:04.782925 2024] [core:warn] [pid 8184:tid 400] AH00098: pid file C:/Users/masiero.christian/Desktop/UniserverCI4/UniServerZ/core/apache2/logs/httpd.pid overwritten -- Unclean shutdown of previous Apache run?
[Fri Feb 09 13:40:04.804504 2024] [mpm_winnt:notice] [pid 8184:tid 400] AH00455: Apache/2.4.54 (Win64) PHP/8.2.0 configured -- resuming normal operations
[Fri Feb 09 13:40:04.804504 2024] [mpm_winnt:notice] [pid 8184:tid 400] AH00456: Apache Lounge VS16 Server built: Nov  2 2022 10:09:33
[Fri Feb 09 13:40:04.804504 2024] [core:notice] [pid 8184:tid 400] AH00094: Command line: 'C:\\Users\\masiero.christian\\Desktop\\UniserverCI4\\UniServerZ\\core\\apache2\\bin\\httpd_z.exe -d C:/Users/masiero.christian/Desktop/UniserverCI4/UniServerZ/core/apache2 -f C:\\Users\\masiero.christian\\Desktop\\UniserverCI4\\UniServerZ\\core\\apache2\\conf\\httpd.conf -d C:\\Users\\masiero.christian\\Desktop\\UniserverCI4\\UniServerZ\\core\\apache2'
[Fri Feb 09 13:40:04.806499 2024] [mpm_winnt:notice] [pid 8184:tid 400] AH00418: Parent: Created child process 13876
[Fri Feb 09 13:40:05.156573 2024] [mpm_winnt:notice] [pid 13876:tid 404] AH00354: Child: Starting 150 worker threads.
[Fri Feb 09 13:40:05.743690 2024] [php:notice] [pid 13876:tid 1796] [client ::1:51053] PHP Parse error:  syntax error, unexpected token "[", expecting "," or ";" in C:\\Users\\masiero.christian\\Desktop\\UniserverCI4\\UniServerZ\\www\\ci4\\app\\Config\\Autoload.php on line 87
[Fri Feb 09 13:40:11.982575 2024] [php:notice] [pid 13876:tid 1796] [client ::1:51060] PHP Parse error:  syntax error, unexpected token "[", expecting "," or ";" in C:\\Users\\masiero.christian\\Desktop\\UniserverCI4\\UniServerZ\\www\\ci4\\app\\Config\\Autoload.php on line 87
[Fri Feb 09 13:40:12.597863 2024] [php:notice] [pid 13876:tid 1788] [client ::1:51065] PHP Parse error:  syntax error, unexpected token "[", expecting "," or ";" in C:\\Users\\masiero.christian\\Desktop\\UniserverCI4\\UniServerZ\\www\\ci4\\app\\Config\\Autoload.php on line 87
[Fri Feb 09 13:40:12.772542 2024] [php:notice] [pid 13876:tid 1796] [client ::1:51068] PHP Parse error:  syntax error, unexpected token "[", expecting "," or ";" in C:\\Users\\masiero.christian\\Desktop\\UniserverCI4\\UniServerZ\\www\\ci4\\app\\Config\\Autoload.php on line 87
[Fri Feb 09 13:40:12.939465 2024] [php:notice] [pid 13876:tid 1788] [client ::1:51069] PHP Parse error:  syntax error, unexpected token "[", expecting "," or ";" in C:\\Users\\masiero.christian\\Desktop\\UniserverCI4\\UniServerZ\\www\\ci4\\app\\Config\\Autoload.php on line 87
[Fri Feb 09 13:40:13.099471 2024] [php:notice] [pid 13876:tid 1796] [client ::1:51070] PHP Parse error:  syntax error, unexpected token "[", expecting "," or ";" in C:\\Users\\masiero.christian\\Desktop\\UniserverCI4\\UniServerZ\\www\\ci4\\app\\Config\\Autoload.php on line 87
[Fri Feb 09 13:40:13.265337 2024] [php:notice] [pid 13876:tid 1788] [client ::1:51071] PHP Parse error:  syntax error, unexpected token "[", expecting "," or ";" in C:\\Users\\masiero.christian\\Desktop\\UniserverCI4\\UniServerZ\\www\\ci4\\app\\Config\\Autoload.php on line 87
[Fri Feb 09 13:41:45.680871 2024] [core:warn] [pid 12536:tid 400] AH00098: pid file C:/Users/masiero.christian/Desktop/UniserverCI4/UniServerZ/core/apache2/logs/httpd.pid overwritten -- Unclean shutdown of previous Apache run?
[Fri Feb 09 13:41:45.702303 2024] [mpm_winnt:notice] [pid 12536:tid 400] AH00455: Apache/2.4.54 (Win64) PHP/8.2.0 configured -- resuming normal operations
[Fri Feb 09 13:41:45.702303 2024] [mpm_winnt:notice] [pid 12536:tid 400] AH00456: Apache Lounge VS16 Server built: Nov  2 2022 10:09:33
[Fri Feb 09 13:41:45.702303 2024] [core:notice] [pid 12536:tid 400] AH00094: Command line: 'C:\\Users\\masiero.christian\\Desktop\\UniserverCI4\\UniServerZ\\core\\apache2\\bin\\httpd_z.exe -d C:/Users/masiero.christian/Desktop/UniserverCI4/UniServerZ/core/apache2 -f C:\\Users\\masiero.christian\\Desktop\\UniserverCI4\\UniServerZ\\core\\apache2\\conf\\httpd.conf -d C:\\Users\\masiero.christian\\Desktop\\UniserverCI4\\UniServerZ\\core\\apache2'
[Fri Feb 09 13:41:45.704270 2024] [mpm_winnt:notice] [pid 12536:tid 400] AH00418: Parent: Created child process 524
[Fri Feb 09 13:41:45.941287 2024] [mpm_winnt:notice] [pid 524:tid 404] AH00354: Child: Starting 150 worker threads.
[Fri Feb 09 13:41:46.583278 2024] [php:notice] [pid 524:tid 1792] [client ::1:51084] PHP Parse error:  syntax error, unexpected token "[", expecting "," or ";" in C:\\Users\\masiero.christian\\Desktop\\UniserverCI4\\UniServerZ\\www\\ci4\\app\\Config\\Autoload.php on line 87
[Fri Feb 09 13:41:49.069851 2024] [php:notice] [pid 524:tid 1788] [client ::1:51085] PHP Parse error:  syntax error, unexpected token "[", expecting "," or ";" in C:\\Users\\masiero.christian\\Desktop\\UniserverCI4\\UniServerZ\\www\\ci4\\app\\Config\\Autoload.php on line 87
[Fri Feb 09 13:41:49.522371 2024] [php:notice] [pid 524:tid 1792] [client ::1:51088] PHP Parse error:  syntax error, unexpected token "[", expecting "," or ";" in C:\\Users\\masiero.christian\\Desktop\\UniserverCI4\\UniServerZ\\www\\ci4\\app\\Config\\Autoload.php on line 87
[Fri Feb 09 13:41:49.689543 2024] [php:notice] [pid 524:tid 1788] [client ::1:51089] PHP Parse error:  syntax error, unexpected token "[", expecting "," or ";" in C:\\Users\\masiero.christian\\Desktop\\UniserverCI4\\UniServerZ\\www\\ci4\\app\\Config\\Autoload.php on line 87
[Fri Feb 09 13:41:49.842849 2024] [php:notice] [pid 524:tid 1792] [client ::1:51090] PHP Parse error:  syntax error, unexpected token "[", expecting "," or ";" in C:\\Users\\masiero.christian\\Desktop\\UniserverCI4\\UniServerZ\\www\\ci4\\app\\Config\\Autoload.php on line 87
[Fri Feb 09 13:41:50.018119 2024] [php:notice] [pid 524:tid 1788] [client ::1:51091] PHP Parse error:  syntax error, unexpected token "[", expecting "," or ";" in C:\\Users\\masiero.christian\\Desktop\\UniserverCI4\\UniServerZ\\www\\ci4\\app\\Config\\Autoload.php on line 87
[Sun Mar 17 18:36:13.871989 2024] [core:warn] [pid 19712:tid 340] AH00098: pid file C:/Users/chrim/Desktop/UniserverCI4/UniServerZ/core/apache2/logs/httpd.pid overwritten -- Unclean shutdown of previous Apache run?
[Sun Mar 17 18:36:14.593010 2024] [mpm_winnt:notice] [pid 19712:tid 340] AH00455: Apache/2.4.54 (Win64) PHP/8.2.0 configured -- resuming normal operations
[Sun Mar 17 18:36:14.593533 2024] [mpm_winnt:notice] [pid 19712:tid 340] AH00456: Apache Lounge VS16 Server built: Nov  2 2022 10:09:33
[Sun Mar 17 18:36:14.593533 2024] [core:notice] [pid 19712:tid 340] AH00094: Command line: 'C:\\Users\\chrim\\Desktop\\UniserverCI4\\UniServerZ\\core\\apache2\\bin\\httpd_z.exe -d C:/Users/chrim/Desktop/UniserverCI4/UniServerZ/core/apache2 -f C:\\Users\\chrim\\Desktop\\UniserverCI4\\UniServerZ\\core\\apache2\\conf\\httpd.conf -d C:\\Users\\chrim\\Desktop\\UniserverCI4\\UniServerZ\\core\\apache2'
[Sun Mar 17 18:36:14.599722 2024] [mpm_winnt:notice] [pid 19712:tid 340] AH00418: Parent: Created child process 14544
[Sun Mar 17 18:36:16.271624 2024] [mpm_winnt:notice] [pid 14544:tid 320] AH00354: Child: Starting 150 worker threads.
[Sun Mar 17 18:42:28.256371 2024] [core:warn] [pid 14828:tid 324] AH00098: pid file C:/Users/chrim/Desktop/UniserverCI4/UniServerZ/core/apache2/logs/httpd.pid overwritten -- Unclean shutdown of previous Apache run?
[Sun Mar 17 18:42:28.446482 2024] [mpm_winnt:notice] [pid 14828:tid 324] AH00455: Apache/2.4.54 (Win64) PHP/8.2.0 configured -- resuming normal operations
[Sun Mar 17 18:42:28.446482 2024] [mpm_winnt:notice] [pid 14828:tid 324] AH00456: Apache Lounge VS16 Server built: Nov  2 2022 10:09:33
[Sun Mar 17 18:42:28.446482 2024] [core:notice] [pid 14828:tid 324] AH00094: Command line: 'C:\\Users\\chrim\\Desktop\\UniserverCI4\\UniServerZ\\core\\apache2\\bin\\httpd_z.exe -d C:/Users/chrim/Desktop/UniserverCI4/UniServerZ/core/apache2 -f C:\\Users\\chrim\\Desktop\\UniserverCI4\\UniServerZ\\core\\apache2\\conf\\httpd.conf -d C:\\Users\\chrim\\Desktop\\UniserverCI4\\UniServerZ\\core\\apache2'
[Sun Mar 17 18:42:28.458954 2024] [mpm_winnt:notice] [pid 14828:tid 324] AH00418: Parent: Created child process 13752
[Sun Mar 17 18:42:31.446665 2024] [mpm_winnt:notice] [pid 13752:tid 328] AH00354: Child: Starting 150 worker threads.
[Sun Apr 07 12:33:22.389940 2024] [core:warn] [pid 5620:tid 368] AH00098: pid file C:/Users/chrim/Desktop/UniserverCI4/UniServerZ/core/apache2/logs/httpd.pid overwritten -- Unclean shutdown of previous Apache run?
[Sun Apr 07 12:33:24.038339 2024] [mpm_winnt:notice] [pid 5620:tid 368] AH00455: Apache/2.4.54 (Win64) PHP/8.2.0 configured -- resuming normal operations
[Sun Apr 07 12:33:24.038339 2024] [mpm_winnt:notice] [pid 5620:tid 368] AH00456: Apache Lounge VS16 Server built: Nov  2 2022 10:09:33
[Sun Apr 07 12:33:24.038339 2024] [core:notice] [pid 5620:tid 368] AH00094: Command line: 'C:\\Users\\chrim\\Desktop\\UniserverCI4\\UniServerZ\\core\\apache2\\bin\\httpd_z.exe -d C:/Users/chrim/Desktop/UniserverCI4/UniServerZ/core/apache2 -f C:\\Users\\chrim\\Desktop\\UniserverCI4\\UniServerZ\\core\\apache2\\conf\\httpd.conf -d C:\\Users\\chrim\\Desktop\\UniserverCI4\\UniServerZ\\core\\apache2'
[Sun Apr 07 12:33:24.056261 2024] [mpm_winnt:notice] [pid 5620:tid 368] AH00418: Parent: Created child process 14372
[Sun Apr 07 12:33:26.228539 2024] [mpm_winnt:notice] [pid 14372:tid 380] AH00354: Child: Starting 150 worker threads.
[Sun Apr 07 13:37:04.002508 2024] [php:notice] [pid 14372:tid 1860] [client ::1:52079] PHP Fatal error:  Cannot redeclare App\\Controllers\\Utenti::vLogin() in C:\\Users\\chrim\\Desktop\\UniserverCI4\\UniServerZ\\www\\ci4\\app\\Controllers\\Utenti.php on line 62, referer: http://localhost/Utenti/vLogin
[Sun Apr 07 13:37:04.003020 2024] [php:notice] [pid 14372:tid 1860] [client ::1:52079] PHP Stack trace:, referer: http://localhost/Utenti/vLogin
[Sun Apr 07 13:37:04.003020 2024] [php:notice] [pid 14372:tid 1860] [client ::1:52079] PHP   1. {main}() C:\\Users\\chrim\\Desktop\\UniserverCI4\\UniServerZ\\www\\ci4\\public\\index.php:0, referer: http://localhost/Utenti/vLogin
[Sun Apr 07 13:37:04.003020 2024] [php:notice] [pid 14372:tid 1860] [client ::1:52079] PHP   2. CodeIgniter\\CodeIgniter->run($routes = *uninitialized*, $returnResponse = *uninitialized*) C:\\Users\\chrim\\Desktop\\UniserverCI4\\UniServerZ\\www\\ci4\\public\\index.php:79, referer: http://localhost/Utenti/vLogin
[Sun Apr 07 13:37:04.003020 2024] [php:notice] [pid 14372:tid 1860] [client ::1:52079] PHP   3. CodeIgniter\\CodeIgniter->handleRequest($routes = NULL, $cacheConfig = class Config\\Cache { public string $handler = 'file'; public string $backupHandler = 'dummy'; public string $storePath = 'C:\\\\Users\\\\chrim\\\\Desktop\\\\UniserverCI4\\\\UniServerZ\\\\www\\\\ci4\\\\writable\\\\cache/'; public $cacheQueryString = FALSE; public string $prefix = ''; public int $ttl = 60; public string $reservedCharacters = '{}()/\\\\@:'; public array $file = ['storePath' => 'C:\\\\Users\\\\chrim\\\\Desktop\\\\UniserverCI4\\\\UniServerZ\\\\www\\\\ci4\\\\writable\\\\cache/', 'mode' => 416]; public array $memcached = ['host' => '127.0.0.1', 'port' => 11211, 'weight' => 1, 'raw' => FALSE]; public array $redis = ['host' => '127.0.0.1', 'password' => NULL, 'port' => 6379, 'timeout' => 0, 'database' => 0]; public array $validHandlers = ['dummy' => 'CodeIgniter\\\\Cache\\\\Handlers\\\\DummyHandler', 'file' => 'CodeIgniter\\\\Cache\\\\Handlers\\\\FileHandler', 'memcached' => 'CodeIgniter\\\\Cache\\\\Handlers\\\\MemcachedHandler', 'predis' => 'CodeIgniter\\\\Cache\\\\Handlers\\\\PredisHandler', 'redis' => 'CodeIgniter\\\\Cache\\\\Handlers\\\\RedisHandler', 'wincache' => 'CodeIgniter\\\\Cache\\\\Handlers\\\\WincacheHandler'] }, $returnResponse = FALSE) C:\\Users\\chrim\\Desktop\\UniserverCI4\\UniServerZ\\www\\ci4\\system\\CodeIgniter.php:361, referer: http://localhost/Utenti/vLogin
[Sun Apr 07 13:37:04.003020 2024] [php:notice] [pid 14372:tid 1860] [client ::1:52079] PHP   4. CodeIgniter\\CodeIgniter->tryToRouteIt($routes = NULL) C:\\Users\\chrim\\Desktop\\UniserverCI4\\UniServerZ\\www\\ci4\\system\\CodeIgniter.php:450, referer: http://localhost/Utenti/vLogin
[Sun Apr 07 13:37:04.003020 2024] [php:notice] [pid 14372:tid 1860] [client ::1:52079] PHP   5. CodeIgniter\\Router\\Router->handle($uri = 'utenti/LoggingIn') C:\\Users\\chrim\\Desktop\\UniserverCI4\\UniServerZ\\www\\ci4\\system\\CodeIgniter.php:823, referer: http://localhost/Utenti/vLogin
[Sun Apr 07 13:37:04.003020 2024] [php:notice] [pid 14372:tid 1860] [client ::1:52079] PHP   6. CodeIgniter\\Router\\Router->autoRoute($uri = 'utenti/LoggingIn') C:\\Users\\chrim\\Desktop\\UniserverCI4\\UniServerZ\\www\\ci4\\system\\Router\\Router.php:210, referer: http://localhost/Utenti/vLogin
[Sun Apr 07 13:37:04.003533 2024] [php:notice] [pid 14372:tid 1860] [client ::1:52079] PHP   7. CodeIgniter\\Router\\AutoRouter->getRoute($uri = 'utenti/LoggingIn', $httpVerb = 'post') C:\\Users\\chrim\\Desktop\\UniserverCI4\\UniServerZ\\www\\ci4\\system\\Router\\Router.php:514, referer: http://localhost/Utenti/vLogin
[Sun Apr 07 13:37:23.232009 2024] [php:notice] [pid 14372:tid 1860] [client ::1:52098] PHP Fatal error:  Cannot redeclare App\\Controllers\\Utenti::vLogin() in C:\\Users\\chrim\\Desktop\\UniserverCI4\\UniServerZ\\www\\ci4\\app\\Controllers\\Utenti.php on line 62, referer: http://localhost/
[Sun Apr 07 13:37:23.232009 2024] [php:notice] [pid 14372:tid 1860] [client ::1:52098] PHP Stack trace:, referer: http://localhost/
[Sun Apr 07 13:37:23.232009 2024] [php:notice] [pid 14372:tid 1860] [client ::1:52098] PHP   1. {main}() C:\\Users\\chrim\\Desktop\\UniserverCI4\\UniServerZ\\www\\ci4\\public\\index.php:0, referer: http://localhost/
[Sun Apr 07 13:37:23.232009 2024] [php:notice] [pid 14372:tid 1860] [client ::1:52098] PHP   2. CodeIgniter\\CodeIgniter->run($routes = *uninitialized*, $returnResponse = *uninitialized*) C:\\Users\\chrim\\Desktop\\UniserverCI4\\UniServerZ\\www\\ci4\\public\\index.php:79, referer: http://localhost/
[Sun Apr 07 13:37:23.232009 2024] [php:notice] [pid 14372:tid 1860] [client ::1:52098] PHP   3. CodeIgniter\\CodeIgniter->handleRequest($routes = NULL, $cacheConfig = class Config\\Cache { public string $handler = 'file'; public string $backupHandler = 'dummy'; public string $storePath = 'C:\\\\Users\\\\chrim\\\\Desktop\\\\UniserverCI4\\\\UniServerZ\\\\www\\\\ci4\\\\writable\\\\cache/'; public $cacheQueryString = FALSE; public string $prefix = ''; public int $ttl = 60; public string $reservedCharacters = '{}()/\\\\@:'; public array $file = ['storePath' => 'C:\\\\Users\\\\chrim\\\\Desktop\\\\UniserverCI4\\\\UniServerZ\\\\www\\\\ci4\\\\writable\\\\cache/', 'mode' => 416]; public array $memcached = ['host' => '127.0.0.1', 'port' => 11211, 'weight' => 1, 'raw' => FALSE]; public array $redis = ['host' => '127.0.0.1', 'password' => NULL, 'port' => 6379, 'timeout' => 0, 'database' => 0]; public array $validHandlers = ['dummy' => 'CodeIgniter\\\\Cache\\\\Handlers\\\\DummyHandler', 'file' => 'CodeIgniter\\\\Cache\\\\Handlers\\\\FileHandler', 'memcached' => 'CodeIgniter\\\\Cache\\\\Handlers\\\\MemcachedHandler', 'predis' => 'CodeIgniter\\\\Cache\\\\Handlers\\\\PredisHandler', 'redis' => 'CodeIgniter\\\\Cache\\\\Handlers\\\\RedisHandler', 'wincache' => 'CodeIgniter\\\\Cache\\\\Handlers\\\\WincacheHandler'] }, $returnResponse = FALSE) C:\\Users\\chrim\\Desktop\\UniserverCI4\\UniServerZ\\www\\ci4\\system\\CodeIgniter.php:361, referer: http://localhost/
[Sun Apr 07 13:37:23.232009 2024] [php:notice] [pid 14372:tid 1860] [client ::1:52098] PHP   4. CodeIgniter\\CodeIgniter->tryToRouteIt($routes = NULL) C:\\Users\\chrim\\Desktop\\UniserverCI4\\UniServerZ\\www\\ci4\\system\\CodeIgniter.php:450, referer: http://localhost/
[Sun Apr 07 13:37:23.232564 2024] [php:notice] [pid 14372:tid 1860] [client ::1:52098] PHP   5. CodeIgniter\\Router\\Router->handle($uri = 'Utenti/vLogin') C:\\Users\\chrim\\Desktop\\UniserverCI4\\UniServerZ\\www\\ci4\\system\\CodeIgniter.php:823, referer: http://localhost/
[Sun Apr 07 13:37:23.232564 2024] [php:notice] [pid 14372:tid 1860] [client ::1:52098] PHP   6. CodeIgniter\\Router\\Router->autoRoute($uri = 'Utenti/vLogin') C:\\Users\\chrim\\Desktop\\UniserverCI4\\UniServerZ\\www\\ci4\\system\\Router\\Router.php:210, referer: http://localhost/
[Sun Apr 07 13:37:23.232564 2024] [php:notice] [pid 14372:tid 1860] [client ::1:52098] PHP   7. CodeIgniter\\Router\\AutoRouter->getRoute($uri = 'Utenti/vLogin', $httpVerb = 'get') C:\\Users\\chrim\\Desktop\\UniserverCI4\\UniServerZ\\www\\ci4\\system\\Router\\Router.php:514, referer: http://localhost/
[Thu May 02 18:04:00.328437 2024] [core:warn] [pid 9860:tid 372] AH00098: pid file C:/Users/chrim/Desktop/UniserverCI4/UniServerZ/core/apache2/logs/httpd.pid overwritten -- Unclean shutdown of previous Apache run?
[Thu May 02 18:04:01.053707 2024] [mpm_winnt:notice] [pid 9860:tid 372] AH00455: Apache/2.4.54 (Win64) PHP/8.2.0 configured -- resuming normal operations
[Thu May 02 18:04:01.053707 2024] [mpm_winnt:notice] [pid 9860:tid 372] AH00456: Apache Lounge VS16 Server built: Nov  2 2022 10:09:33
[Thu May 02 18:04:01.053707 2024] [core:notice] [pid 9860:tid 372] AH00094: Command line: 'C:\\Users\\chrim\\Desktop\\UniserverCI4\\UniServerZ\\core\\apache2\\bin\\httpd_z.exe -d C:/Users/chrim/Desktop/UniserverCI4/UniServerZ/core/apache2 -f C:\\Users\\chrim\\Desktop\\UniserverCI4\\UniServerZ\\core\\apache2\\conf\\httpd.conf -d C:\\Users\\chrim\\Desktop\\UniserverCI4\\UniServerZ\\core\\apache2'
[Thu May 02 18:04:01.062540 2024] [mpm_winnt:notice] [pid 9860:tid 372] AH00418: Parent: Created child process 14152
[Thu May 02 18:04:02.526141 2024] [mpm_winnt:notice] [pid 14152:tid 356] AH00354: Child: Starting 150 worker threads.
[Sat May 04 18:56:45.319856 2024] [core:warn] [pid 15304:tid 412] AH00098: pid file C:/Users/chrim/Desktop/UniserverCI4/UniServerZ/core/apache2/logs/httpd.pid overwritten -- Unclean shutdown of previous Apache run?
[Sat May 04 18:56:45.923725 2024] [mpm_winnt:notice] [pid 15304:tid 412] AH00455: Apache/2.4.54 (Win64) PHP/8.2.0 configured -- resuming normal operations
[Sat May 04 18:56:45.923725 2024] [mpm_winnt:notice] [pid 15304:tid 412] AH00456: Apache Lounge VS16 Server built: Nov  2 2022 10:09:33
[Sat May 04 18:56:45.923725 2024] [core:notice] [pid 15304:tid 412] AH00094: Command line: 'C:\\Users\\chrim\\Desktop\\UniserverCI4\\UniServerZ\\core\\apache2\\bin\\httpd_z.exe -d C:/Users/chrim/Desktop/UniserverCI4/UniServerZ/core/apache2 -f C:\\Users\\chrim\\Desktop\\UniserverCI4\\UniServerZ\\core\\apache2\\conf\\httpd.conf -d C:\\Users\\chrim\\Desktop\\UniserverCI4\\UniServerZ\\core\\apache2'
[Sat May 04 18:56:45.964879 2024] [mpm_winnt:notice] [pid 15304:tid 412] AH00418: Parent: Created child process 13880
[Sat May 04 18:56:48.041817 2024] [mpm_winnt:notice] [pid 13880:tid 364] AH00354: Child: Starting 150 worker threads.
[Tue May 14 19:40:02.978001 2024] [core:warn] [pid 10080:tid 360] AH00098: pid file C:/Users/chrim/Desktop/UniserverCI4/UniServerZ/core/apache2/logs/httpd.pid overwritten -- Unclean shutdown of previous Apache run?
[Tue May 14 19:40:04.456993 2024] [mpm_winnt:notice] [pid 10080:tid 360] AH00455: Apache/2.4.54 (Win64) PHP/8.2.0 configured -- resuming normal operations
[Tue May 14 19:40:04.456993 2024] [mpm_winnt:notice] [pid 10080:tid 360] AH00456: Apache Lounge VS16 Server built: Nov  2 2022 10:09:33
[Tue May 14 19:40:04.457513 2024] [core:notice] [pid 10080:tid 360] AH00094: Command line: 'C:\\Users\\chrim\\Desktop\\UniserverCI4\\UniServerZ\\core\\apache2\\bin\\httpd_z.exe -d C:/Users/chrim/Desktop/UniserverCI4/UniServerZ/core/apache2 -f C:\\Users\\chrim\\Desktop\\UniserverCI4\\UniServerZ\\core\\apache2\\conf\\httpd.conf -d C:\\Users\\chrim\\Desktop\\UniserverCI4\\UniServerZ\\core\\apache2'
[Tue May 14 19:40:04.470014 2024] [mpm_winnt:notice] [pid 10080:tid 360] AH00418: Parent: Created child process 11968
[Tue May 14 19:40:09.004053 2024] [mpm_winnt:notice] [pid 11968:tid 212] AH00354: Child: Starting 150 worker threads.
[Wed May 15 10:39:08.781603 2024] [core:warn] [pid 2280:tid 376] AH00098: pid file C:/Users/chrim/Desktop/UniserverCI4/UniServerZ/core/apache2/logs/httpd.pid overwritten -- Unclean shutdown of previous Apache run?
[Wed May 15 10:39:09.427180 2024] [mpm_winnt:notice] [pid 2280:tid 376] AH00455: Apache/2.4.54 (Win64) PHP/8.2.0 configured -- resuming normal operations
[Wed May 15 10:39:09.427180 2024] [mpm_winnt:notice] [pid 2280:tid 376] AH00456: Apache Lounge VS16 Server built: Nov  2 2022 10:09:33
[Wed May 15 10:39:09.427180 2024] [core:notice] [pid 2280:tid 376] AH00094: Command line: 'C:\\Users\\chrim\\Desktop\\UniserverCI4\\UniServerZ\\core\\apache2\\bin\\httpd_z.exe -d C:/Users/chrim/Desktop/UniserverCI4/UniServerZ/core/apache2 -f C:\\Users\\chrim\\Desktop\\UniserverCI4\\UniServerZ\\core\\apache2\\conf\\httpd.conf -d C:\\Users\\chrim\\Desktop\\UniserverCI4\\UniServerZ\\core\\apache2'
[Wed May 15 10:39:09.435966 2024] [mpm_winnt:notice] [pid 2280:tid 376] AH00418: Parent: Created child process 15476
[Wed May 15 10:39:11.689963 2024] [mpm_winnt:notice] [pid 15476:tid 364] AH00354: Child: Starting 150 worker threads.
[Sat May 18 00:40:46.125870 2024] [core:warn] [pid 16188:tid 372] AH00098: pid file C:/Users/chrim/Desktop/UniserverCI4/UniServerZ/core/apache2/logs/httpd.pid overwritten -- Unclean shutdown of previous Apache run?
[Sat May 18 00:40:47.104979 2024] [mpm_winnt:notice] [pid 16188:tid 372] AH00455: Apache/2.4.54 (Win64) PHP/8.2.0 configured -- resuming normal operations
[Sat May 18 00:40:47.104979 2024] [mpm_winnt:notice] [pid 16188:tid 372] AH00456: Apache Lounge VS16 Server built: Nov  2 2022 10:09:33
[Sat May 18 00:40:47.105497 2024] [core:notice] [pid 16188:tid 372] AH00094: Command line: 'C:\\Users\\chrim\\Desktop\\UniserverCI4\\UniServerZ\\core\\apache2\\bin\\httpd_z.exe -d C:/Users/chrim/Desktop/UniserverCI4/UniServerZ/core/apache2 -f C:\\Users\\chrim\\Desktop\\UniserverCI4\\UniServerZ\\core\\apache2\\conf\\httpd.conf -d C:\\Users\\chrim\\Desktop\\UniserverCI4\\UniServerZ\\core\\apache2'
[Sat May 18 00:40:47.165463 2024] [mpm_winnt:notice] [pid 16188:tid 372] AH00418: Parent: Created child process 11096
[Sat May 18 00:40:49.221027 2024] [mpm_winnt:notice] [pid 11096:tid 368] AH00354: Child: Starting 150 worker threads.
[Sat May 18 08:14:53.807156 2024] [core:warn] [pid 7764:tid 424] AH00098: pid file C:/Users/masiero.christian/Desktop/UniServerZ/core/apache2/logs/httpd.pid overwritten -- Unclean shutdown of previous Apache run?
[Sat May 18 08:14:54.371594 2024] [mpm_winnt:notice] [pid 7764:tid 424] AH00455: Apache/2.4.54 (Win64) PHP/8.2.0 configured -- resuming normal operations
[Sat May 18 08:14:54.371594 2024] [mpm_winnt:notice] [pid 7764:tid 424] AH00456: Apache Lounge VS16 Server built: Nov  2 2022 10:09:33
[Sat May 18 08:14:54.371594 2024] [core:notice] [pid 7764:tid 424] AH00094: Command line: 'C:\\Users\\masiero.christian\\Desktop\\UniServerZ\\core\\apache2\\bin\\httpd_z.exe -d C:/Users/masiero.christian/Desktop/UniServerZ/core/apache2 -f C:\\Users\\masiero.christian\\Desktop\\UniServerZ\\core\\apache2\\conf\\httpd.conf -d C:\\Users\\masiero.christian\\Desktop\\UniServerZ\\core\\apache2'
[Sat May 18 08:14:54.387310 2024] [mpm_winnt:notice] [pid 7764:tid 424] AH00418: Parent: Created child process 12348
[Sat May 18 08:14:54.618090 2024] [mpm_winnt:notice] [pid 12348:tid 404] AH00354: Child: Starting 150 worker threads.
[Fri May 24 11:16:59.432683 2024] [core:warn] [pid 1380:tid 400] AH00098: pid file C:/Users/masiero.christian/Desktop/UniServerZ/core/apache2/logs/httpd.pid overwritten -- Unclean shutdown of previous Apache run?
[Fri May 24 11:16:59.746607 2024] [mpm_winnt:notice] [pid 1380:tid 400] AH00455: Apache/2.4.54 (Win64) PHP/8.2.0 configured -- resuming normal operations
[Fri May 24 11:16:59.746607 2024] [mpm_winnt:notice] [pid 1380:tid 400] AH00456: Apache Lounge VS16 Server built: Nov  2 2022 10:09:33
[Fri May 24 11:16:59.746607 2024] [core:notice] [pid 1380:tid 400] AH00094: Command line: 'C:\\Users\\masiero.christian\\Desktop\\UniServerZ\\core\\apache2\\bin\\httpd_z.exe -d C:/Users/masiero.christian/Desktop/UniServerZ/core/apache2 -f C:\\Users\\masiero.christian\\Desktop\\UniServerZ\\core\\apache2\\conf\\httpd.conf -d C:\\Users\\masiero.christian\\Desktop\\UniServerZ\\core\\apache2'
[Fri May 24 11:16:59.749578 2024] [mpm_winnt:notice] [pid 1380:tid 400] AH00418: Parent: Created child process 5144
[Fri May 24 11:17:00.091336 2024] [mpm_winnt:notice] [pid 5144:tid 404] AH00354: Child: Starting 150 worker threads.
[Tue May 28 08:14:44.492402 2024] [core:warn] [pid 14264:tid 400] AH00098: pid file C:/Users/masiero.christian/Desktop/UniServerZ/core/apache2/logs/httpd.pid overwritten -- Unclean shutdown of previous Apache run?
[Tue May 28 08:14:44.837396 2024] [mpm_winnt:notice] [pid 14264:tid 400] AH00455: Apache/2.4.54 (Win64) PHP/8.2.0 configured -- resuming normal operations
[Tue May 28 08:14:44.837396 2024] [mpm_winnt:notice] [pid 14264:tid 400] AH00456: Apache Lounge VS16 Server built: Nov  2 2022 10:09:33
[Tue May 28 08:14:44.837396 2024] [core:notice] [pid 14264:tid 400] AH00094: Command line: 'C:\\Users\\masiero.christian\\Desktop\\UniServerZ\\core\\apache2\\bin\\httpd_z.exe -d C:/Users/masiero.christian/Desktop/UniServerZ/core/apache2 -f C:\\Users\\masiero.christian\\Desktop\\UniServerZ\\core\\apache2\\conf\\httpd.conf -d C:\\Users\\masiero.christian\\Desktop\\UniServerZ\\core\\apache2'
[Tue May 28 08:14:44.840359 2024] [mpm_winnt:notice] [pid 14264:tid 400] AH00418: Parent: Created child process 3376
[Tue May 28 08:14:45.071758 2024] [mpm_winnt:notice] [pid 3376:tid 404] AH00354: Child: Starting 150 worker threads.
[Fri May 31 11:15:36.238891 2024] [core:warn] [pid 9512:tid 400] AH00098: pid file C:/Users/masiero.christian/Desktop/UniServerZ/core/apache2/logs/httpd.pid overwritten -- Unclean shutdown of previous Apache run?
[Fri May 31 11:15:36.613888 2024] [mpm_winnt:notice] [pid 9512:tid 400] AH00455: Apache/2.4.54 (Win64) PHP/8.2.0 configured -- resuming normal operations
[Fri May 31 11:15:36.613888 2024] [mpm_winnt:notice] [pid 9512:tid 400] AH00456: Apache Lounge VS16 Server built: Nov  2 2022 10:09:33
[Fri May 31 11:15:36.613888 2024] [core:notice] [pid 9512:tid 400] AH00094: Command line: 'C:\\Users\\masiero.christian\\Desktop\\UniServerZ\\core\\apache2\\bin\\httpd_z.exe -d C:/Users/masiero.christian/Desktop/UniServerZ/core/apache2 -f C:\\Users\\masiero.christian\\Desktop\\UniServerZ\\core\\apache2\\conf\\httpd.conf -d C:\\Users\\masiero.christian\\Desktop\\UniServerZ\\core\\apache2'
[Fri May 31 11:15:36.616880 2024] [mpm_winnt:notice] [pid 9512:tid 400] AH00418: Parent: Created child process 11420
[Fri May 31 11:15:36.873031 2024] [mpm_winnt:notice] [pid 11420:tid 412] AH00354: Child: Starting 150 worker threads.
[Fri Jun 07 12:33:12.739670 2024] [core:warn] [pid 9644:tid 400] AH00098: pid file C:/Users/masiero.christian/Desktop/UniServerZ/core/apache2/logs/httpd.pid overwritten -- Unclean shutdown of previous Apache run?
[Fri Jun 07 12:33:13.327572 2024] [mpm_winnt:notice] [pid 9644:tid 400] AH00455: Apache/2.4.54 (Win64) PHP/8.2.0 configured -- resuming normal operations
[Fri Jun 07 12:33:13.327572 2024] [mpm_winnt:notice] [pid 9644:tid 400] AH00456: Apache Lounge VS16 Server built: Nov  2 2022 10:09:33
[Fri Jun 07 12:33:13.327572 2024] [core:notice] [pid 9644:tid 400] AH00094: Command line: 'C:\\Users\\masiero.christian\\Desktop\\UniServerZ\\core\\apache2\\bin\\httpd_z.exe -d C:/Users/masiero.christian/Desktop/UniServerZ/core/apache2 -f C:\\Users\\masiero.christian\\Desktop\\UniServerZ\\core\\apache2\\conf\\httpd.conf -d C:\\Users\\masiero.christian\\Desktop\\UniServerZ\\core\\apache2'
[Fri Jun 07 12:33:13.343536 2024] [mpm_winnt:notice] [pid 9644:tid 400] AH00418: Parent: Created child process 32
[Fri Jun 07 12:33:15.940033 2024] [mpm_winnt:notice] [pid 32:tid 404] AH00354: Child: Starting 150 worker threads.
