CRITICAL - 2024-05-24 09:26:16 --> ParseError: Unterminated comment starting line 136
in APPPATH\Controllers\Segnalazioni.php on line 136.
 1 SYSTEMPATH\Router\Router.php(514): CodeIgniter\Router\AutoRouter->getRoute()
 2 SYSTEMPATH\Router\Router.php(210): CodeIgniter\Router\Router->autoRoute()
 3 SYSTEMPATH\CodeIgniter.php(823): CodeIgniter\Router\Router->handle()
 4 SYSTEMPATH\CodeIgniter.php(450): CodeIgniter\CodeIgniter->tryToRouteIt()
 5 SYSTEMPATH\CodeIgniter.php(361): CodeIgniter\CodeIgniter->handleRequest()
 6 FCPATH\index.php(79): CodeIgniter\CodeIgniter->run()
CRITICAL - 2024-05-24 09:26:17 --> ParseError: Unterminated comment starting line 136
in APPPATH\Controllers\Segnalazioni.php on line 136.
 1 SYSTEMPATH\Router\Router.php(514): CodeIgniter\Router\AutoRouter->getRoute()
 2 SYSTEMPATH\Router\Router.php(210): CodeIgniter\Router\Router->autoRoute()
 3 SYSTEMPATH\CodeIgniter.php(823): CodeIgniter\Router\Router->handle()
 4 SYSTEMPATH\CodeIgniter.php(450): CodeIgniter\CodeIgniter->tryToRouteIt()
 5 SYSTEMPATH\CodeIgniter.php(361): CodeIgniter\CodeIgniter->handleRequest()
 6 FCPATH\index.php(79): CodeIgniter\CodeIgniter->run()
INFO - 2024-05-24 09:26:48 --> Session: Class initialized using 'CodeIgniter\Session\Handlers\FileHandler' driver.
WARNING - 2024-05-24 09:26:48 --> [DEPRECATED] Creation of dynamic property App\Controllers\Segnalazioni::$session is deprecated in APPPATH\Controllers\BaseController.php on line 61.
 1 SYSTEMPATH\CodeIgniter.php(914): App\Controllers\BaseController->initController(Object(CodeIgniter\HTTP\IncomingRequest), Object(CodeIgniter\HTTP\Response), Object(CodeIgniter\Log\Logger))
 2 SYSTEMPATH\CodeIgniter.php(493): CodeIgniter\CodeIgniter->createController()
 3 SYSTEMPATH\CodeIgniter.php(361): CodeIgniter\CodeIgniter->handleRequest(null, Object(Config\Cache), false)
 4 FCPATH\index.php(79): CodeIgniter\CodeIgniter->run()
INFO - 2024-05-24 09:38:39 --> Session: Class initialized using 'CodeIgniter\Session\Handlers\FileHandler' driver.
WARNING - 2024-05-24 09:38:39 --> [DEPRECATED] Creation of dynamic property App\Controllers\Utenti::$session is deprecated in APPPATH\Controllers\BaseController.php on line 61.
 1 SYSTEMPATH\CodeIgniter.php(914): App\Controllers\BaseController->initController(Object(CodeIgniter\HTTP\IncomingRequest), Object(CodeIgniter\HTTP\Response), Object(CodeIgniter\Log\Logger))
 2 SYSTEMPATH\CodeIgniter.php(493): CodeIgniter\CodeIgniter->createController()
 3 SYSTEMPATH\CodeIgniter.php(361): CodeIgniter\CodeIgniter->handleRequest(null, Object(Config\Cache), false)
 4 FCPATH\index.php(79): CodeIgniter\CodeIgniter->run()
INFO - 2024-05-24 09:38:49 --> Session: Class initialized using 'CodeIgniter\Session\Handlers\FileHandler' driver.
WARNING - 2024-05-24 09:38:49 --> [DEPRECATED] Creation of dynamic property App\Controllers\Utenti::$session is deprecated in APPPATH\Controllers\BaseController.php on line 61.
 1 SYSTEMPATH\CodeIgniter.php(914): App\Controllers\BaseController->initController(Object(CodeIgniter\HTTP\IncomingRequest), Object(CodeIgniter\HTTP\Response), Object(CodeIgniter\Log\Logger))
 2 SYSTEMPATH\CodeIgniter.php(493): CodeIgniter\CodeIgniter->createController()
 3 SYSTEMPATH\CodeIgniter.php(361): CodeIgniter\CodeIgniter->handleRequest(null, Object(Config\Cache), false)
 4 FCPATH\index.php(79): CodeIgniter\CodeIgniter->run()
INFO - 2024-05-24 09:38:51 --> Session: Class initialized using 'CodeIgniter\Session\Handlers\FileHandler' driver.
WARNING - 2024-05-24 09:38:51 --> [DEPRECATED] Creation of dynamic property App\Controllers\Home::$session is deprecated in APPPATH\Controllers\BaseController.php on line 61.
 1 SYSTEMPATH\CodeIgniter.php(914): App\Controllers\BaseController->initController(Object(CodeIgniter\HTTP\IncomingRequest), Object(CodeIgniter\HTTP\Response), Object(CodeIgniter\Log\Logger))
 2 SYSTEMPATH\CodeIgniter.php(493): CodeIgniter\CodeIgniter->createController()
 3 SYSTEMPATH\CodeIgniter.php(361): CodeIgniter\CodeIgniter->handleRequest(null, Object(Config\Cache), false)
 4 FCPATH\index.php(79): CodeIgniter\CodeIgniter->run()
INFO - 2024-05-24 09:39:00 --> Session: Class initialized using 'CodeIgniter\Session\Handlers\FileHandler' driver.
WARNING - 2024-05-24 09:39:00 --> [DEPRECATED] Creation of dynamic property App\Controllers\Segnalazioni::$session is deprecated in APPPATH\Controllers\BaseController.php on line 61.
 1 SYSTEMPATH\CodeIgniter.php(914): App\Controllers\BaseController->initController(Object(CodeIgniter\HTTP\IncomingRequest), Object(CodeIgniter\HTTP\Response), Object(CodeIgniter\Log\Logger))
 2 SYSTEMPATH\CodeIgniter.php(493): CodeIgniter\CodeIgniter->createController()
 3 SYSTEMPATH\CodeIgniter.php(361): CodeIgniter\CodeIgniter->handleRequest(null, Object(Config\Cache), false)
 4 FCPATH\index.php(79): CodeIgniter\CodeIgniter->run()
INFO - 2024-05-24 09:39:13 --> Session: Class initialized using 'CodeIgniter\Session\Handlers\FileHandler' driver.
WARNING - 2024-05-24 09:39:13 --> [DEPRECATED] Creation of dynamic property App\Controllers\Segnalazioni::$session is deprecated in APPPATH\Controllers\BaseController.php on line 61.
 1 SYSTEMPATH\CodeIgniter.php(914): App\Controllers\BaseController->initController(Object(CodeIgniter\HTTP\IncomingRequest), Object(CodeIgniter\HTTP\Response), Object(CodeIgniter\Log\Logger))
 2 SYSTEMPATH\CodeIgniter.php(493): CodeIgniter\CodeIgniter->createController()
 3 SYSTEMPATH\CodeIgniter.php(361): CodeIgniter\CodeIgniter->handleRequest(null, Object(Config\Cache), false)
 4 FCPATH\index.php(79): CodeIgniter\CodeIgniter->run()
INFO - 2024-05-24 09:39:33 --> Session: Class initialized using 'CodeIgniter\Session\Handlers\FileHandler' driver.
WARNING - 2024-05-24 09:39:33 --> [DEPRECATED] Creation of dynamic property App\Controllers\Segnalazioni::$session is deprecated in APPPATH\Controllers\BaseController.php on line 61.
 1 SYSTEMPATH\CodeIgniter.php(914): App\Controllers\BaseController->initController(Object(CodeIgniter\HTTP\IncomingRequest), Object(CodeIgniter\HTTP\Response), Object(CodeIgniter\Log\Logger))
 2 SYSTEMPATH\CodeIgniter.php(493): CodeIgniter\CodeIgniter->createController()
 3 SYSTEMPATH\CodeIgniter.php(361): CodeIgniter\CodeIgniter->handleRequest(null, Object(Config\Cache), false)
 4 FCPATH\index.php(79): CodeIgniter\CodeIgniter->run()
INFO - 2024-05-24 09:39:35 --> Session: Class initialized using 'CodeIgniter\Session\Handlers\FileHandler' driver.
WARNING - 2024-05-24 09:39:35 --> [DEPRECATED] Creation of dynamic property App\Controllers\Segnalazioni::$session is deprecated in APPPATH\Controllers\BaseController.php on line 61.
 1 SYSTEMPATH\CodeIgniter.php(914): App\Controllers\BaseController->initController(Object(CodeIgniter\HTTP\IncomingRequest), Object(CodeIgniter\HTTP\Response), Object(CodeIgniter\Log\Logger))
 2 SYSTEMPATH\CodeIgniter.php(493): CodeIgniter\CodeIgniter->createController()
 3 SYSTEMPATH\CodeIgniter.php(361): CodeIgniter\CodeIgniter->handleRequest(null, Object(Config\Cache), false)
 4 FCPATH\index.php(79): CodeIgniter\CodeIgniter->run()
INFO - 2024-05-24 09:39:35 --> Session: Class initialized using 'CodeIgniter\Session\Handlers\FileHandler' driver.
WARNING - 2024-05-24 09:39:35 --> [DEPRECATED] Creation of dynamic property App\Controllers\Home::$session is deprecated in APPPATH\Controllers\BaseController.php on line 61.
 1 SYSTEMPATH\CodeIgniter.php(914): App\Controllers\BaseController->initController(Object(CodeIgniter\HTTP\IncomingRequest), Object(CodeIgniter\HTTP\Response), Object(CodeIgniter\Log\Logger))
 2 SYSTEMPATH\CodeIgniter.php(493): CodeIgniter\CodeIgniter->createController()
 3 SYSTEMPATH\CodeIgniter.php(361): CodeIgniter\CodeIgniter->handleRequest(null, Object(Config\Cache), false)
 4 FCPATH\index.php(79): CodeIgniter\CodeIgniter->run()
INFO - 2024-05-24 09:40:34 --> Session: Class initialized using 'CodeIgniter\Session\Handlers\FileHandler' driver.
WARNING - 2024-05-24 09:40:34 --> [DEPRECATED] Creation of dynamic property App\Controllers\Utenti::$session is deprecated in APPPATH\Controllers\BaseController.php on line 61.
 1 SYSTEMPATH\CodeIgniter.php(914): App\Controllers\BaseController->initController(Object(CodeIgniter\HTTP\IncomingRequest), Object(CodeIgniter\HTTP\Response), Object(CodeIgniter\Log\Logger))
 2 SYSTEMPATH\CodeIgniter.php(493): CodeIgniter\CodeIgniter->createController()
 3 SYSTEMPATH\CodeIgniter.php(361): CodeIgniter\CodeIgniter->handleRequest(null, Object(Config\Cache), false)
 4 FCPATH\index.php(79): CodeIgniter\CodeIgniter->run()
INFO - 2024-05-24 09:40:38 --> Session: Class initialized using 'CodeIgniter\Session\Handlers\FileHandler' driver.
WARNING - 2024-05-24 09:40:38 --> [DEPRECATED] Creation of dynamic property App\Controllers\Segnalazioni::$session is deprecated in APPPATH\Controllers\BaseController.php on line 61.
 1 SYSTEMPATH\CodeIgniter.php(914): App\Controllers\BaseController->initController(Object(CodeIgniter\HTTP\IncomingRequest), Object(CodeIgniter\HTTP\Response), Object(CodeIgniter\Log\Logger))
 2 SYSTEMPATH\CodeIgniter.php(493): CodeIgniter\CodeIgniter->createController()
 3 SYSTEMPATH\CodeIgniter.php(361): CodeIgniter\CodeIgniter->handleRequest(null, Object(Config\Cache), false)
 4 FCPATH\index.php(79): CodeIgniter\CodeIgniter->run()
INFO - 2024-05-24 09:40:41 --> Session: Class initialized using 'CodeIgniter\Session\Handlers\FileHandler' driver.
WARNING - 2024-05-24 09:40:41 --> [DEPRECATED] Creation of dynamic property App\Controllers\Segnalazioni::$session is deprecated in APPPATH\Controllers\BaseController.php on line 61.
 1 SYSTEMPATH\CodeIgniter.php(914): App\Controllers\BaseController->initController(Object(CodeIgniter\HTTP\IncomingRequest), Object(CodeIgniter\HTTP\Response), Object(CodeIgniter\Log\Logger))
 2 SYSTEMPATH\CodeIgniter.php(493): CodeIgniter\CodeIgniter->createController()
 3 SYSTEMPATH\CodeIgniter.php(361): CodeIgniter\CodeIgniter->handleRequest(null, Object(Config\Cache), false)
 4 FCPATH\index.php(79): CodeIgniter\CodeIgniter->run()
INFO - 2024-05-24 09:41:29 --> Session: Class initialized using 'CodeIgniter\Session\Handlers\FileHandler' driver.
WARNING - 2024-05-24 09:41:29 --> [DEPRECATED] Creation of dynamic property App\Controllers\Home::$session is deprecated in APPPATH\Controllers\BaseController.php on line 61.
 1 SYSTEMPATH\CodeIgniter.php(914): App\Controllers\BaseController->initController(Object(CodeIgniter\HTTP\IncomingRequest), Object(CodeIgniter\HTTP\Response), Object(CodeIgniter\Log\Logger))
 2 SYSTEMPATH\CodeIgniter.php(493): CodeIgniter\CodeIgniter->createController()
 3 SYSTEMPATH\CodeIgniter.php(361): CodeIgniter\CodeIgniter->handleRequest(null, Object(Config\Cache), false)
 4 FCPATH\index.php(79): CodeIgniter\CodeIgniter->run()
INFO - 2024-05-24 09:41:48 --> Session: Class initialized using 'CodeIgniter\Session\Handlers\FileHandler' driver.
WARNING - 2024-05-24 09:41:48 --> [DEPRECATED] Creation of dynamic property App\Controllers\Segnalazioni::$session is deprecated in APPPATH\Controllers\BaseController.php on line 61.
 1 SYSTEMPATH\CodeIgniter.php(914): App\Controllers\BaseController->initController(Object(CodeIgniter\HTTP\IncomingRequest), Object(CodeIgniter\HTTP\Response), Object(CodeIgniter\Log\Logger))
 2 SYSTEMPATH\CodeIgniter.php(493): CodeIgniter\CodeIgniter->createController()
 3 SYSTEMPATH\CodeIgniter.php(361): CodeIgniter\CodeIgniter->handleRequest(null, Object(Config\Cache), false)
 4 FCPATH\index.php(79): CodeIgniter\CodeIgniter->run()
INFO - 2024-05-24 09:41:50 --> Session: Class initialized using 'CodeIgniter\Session\Handlers\FileHandler' driver.
WARNING - 2024-05-24 09:41:50 --> [DEPRECATED] Creation of dynamic property App\Controllers\Home::$session is deprecated in APPPATH\Controllers\BaseController.php on line 61.
 1 SYSTEMPATH\CodeIgniter.php(914): App\Controllers\BaseController->initController(Object(CodeIgniter\HTTP\IncomingRequest), Object(CodeIgniter\HTTP\Response), Object(CodeIgniter\Log\Logger))
 2 SYSTEMPATH\CodeIgniter.php(493): CodeIgniter\CodeIgniter->createController()
 3 SYSTEMPATH\CodeIgniter.php(361): CodeIgniter\CodeIgniter->handleRequest(null, Object(Config\Cache), false)
 4 FCPATH\index.php(79): CodeIgniter\CodeIgniter->run()
INFO - 2024-05-24 09:41:56 --> Session: Class initialized using 'CodeIgniter\Session\Handlers\FileHandler' driver.
WARNING - 2024-05-24 09:41:56 --> [DEPRECATED] Creation of dynamic property App\Controllers\Home::$session is deprecated in APPPATH\Controllers\BaseController.php on line 61.
 1 SYSTEMPATH\CodeIgniter.php(914): App\Controllers\BaseController->initController(Object(CodeIgniter\HTTP\IncomingRequest), Object(CodeIgniter\HTTP\Response), Object(CodeIgniter\Log\Logger))
 2 SYSTEMPATH\CodeIgniter.php(493): CodeIgniter\CodeIgniter->createController()
 3 SYSTEMPATH\CodeIgniter.php(361): CodeIgniter\CodeIgniter->handleRequest(null, Object(Config\Cache), false)
 4 FCPATH\index.php(79): CodeIgniter\CodeIgniter->run()
INFO - 2024-05-24 09:54:30 --> Session: Class initialized using 'CodeIgniter\Session\Handlers\FileHandler' driver.
WARNING - 2024-05-24 09:54:30 --> [DEPRECATED] Creation of dynamic property App\Controllers\Home::$session is deprecated in APPPATH\Controllers\BaseController.php on line 61.
 1 SYSTEMPATH\CodeIgniter.php(914): App\Controllers\BaseController->initController(Object(CodeIgniter\HTTP\IncomingRequest), Object(CodeIgniter\HTTP\Response), Object(CodeIgniter\Log\Logger))
 2 SYSTEMPATH\CodeIgniter.php(493): CodeIgniter\CodeIgniter->createController()
 3 SYSTEMPATH\CodeIgniter.php(361): CodeIgniter\CodeIgniter->handleRequest(null, Object(Config\Cache), false)
 4 FCPATH\index.php(79): CodeIgniter\CodeIgniter->run()
INFO - 2024-05-24 10:09:28 --> Session: Class initialized using 'CodeIgniter\Session\Handlers\FileHandler' driver.
WARNING - 2024-05-24 10:09:28 --> [DEPRECATED] Creation of dynamic property App\Controllers\Home::$session is deprecated in APPPATH\Controllers\BaseController.php on line 61.
 1 SYSTEMPATH\CodeIgniter.php(914): App\Controllers\BaseController->initController(Object(CodeIgniter\HTTP\IncomingRequest), Object(CodeIgniter\HTTP\Response), Object(CodeIgniter\Log\Logger))
 2 SYSTEMPATH\CodeIgniter.php(493): CodeIgniter\CodeIgniter->createController()
 3 SYSTEMPATH\CodeIgniter.php(361): CodeIgniter\CodeIgniter->handleRequest(null, Object(Config\Cache), false)
 4 FCPATH\index.php(79): CodeIgniter\CodeIgniter->run()
INFO - 2024-05-24 10:09:31 --> Session: Class initialized using 'CodeIgniter\Session\Handlers\FileHandler' driver.
WARNING - 2024-05-24 10:09:31 --> [DEPRECATED] Creation of dynamic property App\Controllers\Utenti::$session is deprecated in APPPATH\Controllers\BaseController.php on line 61.
 1 SYSTEMPATH\CodeIgniter.php(914): App\Controllers\BaseController->initController(Object(CodeIgniter\HTTP\IncomingRequest), Object(CodeIgniter\HTTP\Response), Object(CodeIgniter\Log\Logger))
 2 SYSTEMPATH\CodeIgniter.php(493): CodeIgniter\CodeIgniter->createController()
 3 SYSTEMPATH\CodeIgniter.php(361): CodeIgniter\CodeIgniter->handleRequest(null, Object(Config\Cache), false)
 4 FCPATH\index.php(79): CodeIgniter\CodeIgniter->run()
INFO - 2024-05-24 10:27:56 --> Session: Class initialized using 'CodeIgniter\Session\Handlers\FileHandler' driver.
WARNING - 2024-05-24 10:27:56 --> [DEPRECATED] Creation of dynamic property App\Controllers\Home::$session is deprecated in APPPATH\Controllers\BaseController.php on line 61.
 1 SYSTEMPATH\CodeIgniter.php(914): App\Controllers\BaseController->initController(Object(CodeIgniter\HTTP\IncomingRequest), Object(CodeIgniter\HTTP\Response), Object(CodeIgniter\Log\Logger))
 2 SYSTEMPATH\CodeIgniter.php(493): CodeIgniter\CodeIgniter->createController()
 3 SYSTEMPATH\CodeIgniter.php(361): CodeIgniter\CodeIgniter->handleRequest(null, Object(Config\Cache), false)
 4 FCPATH\index.php(79): CodeIgniter\CodeIgniter->run()
INFO - 2024-05-24 10:27:59 --> Session: Class initialized using 'CodeIgniter\Session\Handlers\FileHandler' driver.
WARNING - 2024-05-24 10:27:59 --> [DEPRECATED] Creation of dynamic property App\Controllers\Segnalazioni::$session is deprecated in APPPATH\Controllers\BaseController.php on line 61.
 1 SYSTEMPATH\CodeIgniter.php(914): App\Controllers\BaseController->initController(Object(CodeIgniter\HTTP\IncomingRequest), Object(CodeIgniter\HTTP\Response), Object(CodeIgniter\Log\Logger))
 2 SYSTEMPATH\CodeIgniter.php(493): CodeIgniter\CodeIgniter->createController()
 3 SYSTEMPATH\CodeIgniter.php(361): CodeIgniter\CodeIgniter->handleRequest(null, Object(Config\Cache), false)
 4 FCPATH\index.php(79): CodeIgniter\CodeIgniter->run()
INFO - 2024-05-24 10:28:00 --> Session: Class initialized using 'CodeIgniter\Session\Handlers\FileHandler' driver.
WARNING - 2024-05-24 10:28:00 --> [DEPRECATED] Creation of dynamic property App\Controllers\Utenti::$session is deprecated in APPPATH\Controllers\BaseController.php on line 61.
 1 SYSTEMPATH\CodeIgniter.php(914): App\Controllers\BaseController->initController(Object(CodeIgniter\HTTP\IncomingRequest), Object(CodeIgniter\HTTP\Response), Object(CodeIgniter\Log\Logger))
 2 SYSTEMPATH\CodeIgniter.php(493): CodeIgniter\CodeIgniter->createController()
 3 SYSTEMPATH\CodeIgniter.php(361): CodeIgniter\CodeIgniter->handleRequest(null, Object(Config\Cache), false)
 4 FCPATH\index.php(79): CodeIgniter\CodeIgniter->run()
INFO - 2024-05-24 10:28:03 --> Session: Class initialized using 'CodeIgniter\Session\Handlers\FileHandler' driver.
WARNING - 2024-05-24 10:28:03 --> [DEPRECATED] Creation of dynamic property App\Controllers\Utenti::$session is deprecated in APPPATH\Controllers\BaseController.php on line 61.
 1 SYSTEMPATH\CodeIgniter.php(914): App\Controllers\BaseController->initController(Object(CodeIgniter\HTTP\IncomingRequest), Object(CodeIgniter\HTTP\Response), Object(CodeIgniter\Log\Logger))
 2 SYSTEMPATH\CodeIgniter.php(493): CodeIgniter\CodeIgniter->createController()
 3 SYSTEMPATH\CodeIgniter.php(361): CodeIgniter\CodeIgniter->handleRequest(null, Object(Config\Cache), false)
 4 FCPATH\index.php(79): CodeIgniter\CodeIgniter->run()
INFO - 2024-05-24 10:28:26 --> Session: Class initialized using 'CodeIgniter\Session\Handlers\FileHandler' driver.
WARNING - 2024-05-24 10:28:26 --> [DEPRECATED] Creation of dynamic property App\Controllers\Segnalazioni::$session is deprecated in APPPATH\Controllers\BaseController.php on line 61.
 1 SYSTEMPATH\CodeIgniter.php(914): App\Controllers\BaseController->initController(Object(CodeIgniter\HTTP\IncomingRequest), Object(CodeIgniter\HTTP\Response), Object(CodeIgniter\Log\Logger))
 2 SYSTEMPATH\CodeIgniter.php(493): CodeIgniter\CodeIgniter->createController()
 3 SYSTEMPATH\CodeIgniter.php(361): CodeIgniter\CodeIgniter->handleRequest(null, Object(Config\Cache), false)
 4 FCPATH\index.php(79): CodeIgniter\CodeIgniter->run()
INFO - 2024-05-24 10:28:31 --> Session: Class initialized using 'CodeIgniter\Session\Handlers\FileHandler' driver.
WARNING - 2024-05-24 10:28:31 --> [DEPRECATED] Creation of dynamic property App\Controllers\Utenti::$session is deprecated in APPPATH\Controllers\BaseController.php on line 61.
 1 SYSTEMPATH\CodeIgniter.php(914): App\Controllers\BaseController->initController(Object(CodeIgniter\HTTP\IncomingRequest), Object(CodeIgniter\HTTP\Response), Object(CodeIgniter\Log\Logger))
 2 SYSTEMPATH\CodeIgniter.php(493): CodeIgniter\CodeIgniter->createController()
 3 SYSTEMPATH\CodeIgniter.php(361): CodeIgniter\CodeIgniter->handleRequest(null, Object(Config\Cache), false)
 4 FCPATH\index.php(79): CodeIgniter\CodeIgniter->run()
ERROR - 2024-05-24 10:28:33 --> mysqli_sql_exception: Unknown column 'comune_residenza' in 'field list' in C:\Users\masiero.christian\Desktop\UniServerZ\www\ci4\system\Database\MySQLi\Connection.php:306
Stack trace:
#0 C:\Users\masiero.christian\Desktop\UniServerZ\www\ci4\system\Database\MySQLi\Connection.php(306): mysqli->query()
#1 C:\Users\masiero.christian\Desktop\UniServerZ\www\ci4\system\Database\BaseConnection.php(693): CodeIgniter\Database\MySQLi\Connection->execute()
#2 C:\Users\masiero.christian\Desktop\UniServerZ\www\ci4\system\Database\BaseConnection.php(607): CodeIgniter\Database\BaseConnection->simpleQuery()
#3 C:\Users\masiero.christian\Desktop\UniServerZ\www\ci4\system\Database\BaseBuilder.php(2469): CodeIgniter\Database\BaseConnection->query()
#4 C:\Users\masiero.christian\Desktop\UniServerZ\www\ci4\app\Models\UtentiModel.php(52): CodeIgniter\Database\BaseBuilder->update()
#5 C:\Users\masiero.christian\Desktop\UniServerZ\www\ci4\app\Controllers\Utenti.php(104): App\Models\UtentiModel->updateUserInfo()
#6 C:\Users\masiero.christian\Desktop\UniServerZ\www\ci4\system\CodeIgniter.php(941): App\Controllers\Utenti->modificaDati()
#7 C:\Users\masiero.christian\Desktop\UniServerZ\www\ci4\system\CodeIgniter.php(502): CodeIgniter\CodeIgniter->runController()
#8 C:\Users\masiero.christian\Desktop\UniServerZ\www\ci4\system\CodeIgniter.php(361): CodeIgniter\CodeIgniter->handleRequest()
#9 C:\Users\masiero.christian\Desktop\UniServerZ\www\ci4\public\index.php(79): CodeIgniter\CodeIgniter->run()
#10 {main}
CRITICAL - 2024-05-24 10:28:33 --> CodeIgniter\Database\Exceptions\DatabaseException: Unknown column 'comune_residenza' in 'field list'
in SYSTEMPATH\Database\BaseConnection.php on line 647.
 1 SYSTEMPATH\Database\BaseBuilder.php(2469): CodeIgniter\Database\BaseConnection->query()
 2 APPPATH\Models\UtentiModel.php(52): CodeIgniter\Database\BaseBuilder->update()
 3 APPPATH\Controllers\Utenti.php(104): App\Models\UtentiModel->updateUserInfo()
 4 SYSTEMPATH\CodeIgniter.php(941): App\Controllers\Utenti->modificaDati()
 5 SYSTEMPATH\CodeIgniter.php(502): CodeIgniter\CodeIgniter->runController()
 6 SYSTEMPATH\CodeIgniter.php(361): CodeIgniter\CodeIgniter->handleRequest()
 7 FCPATH\index.php(79): CodeIgniter\CodeIgniter->run()
CRITICAL - 2024-05-24 10:28:33 --> [Caused by] CodeIgniter\Database\Exceptions\DatabaseException: Unknown column 'comune_residenza' in 'field list'
in SYSTEMPATH\Database\MySQLi\Connection.php on line 311.
 1 SYSTEMPATH\Database\BaseConnection.php(693): CodeIgniter\Database\MySQLi\Connection->execute()
 2 SYSTEMPATH\Database\BaseConnection.php(607): CodeIgniter\Database\BaseConnection->simpleQuery()
 3 SYSTEMPATH\Database\BaseBuilder.php(2469): CodeIgniter\Database\BaseConnection->query()
 4 APPPATH\Models\UtentiModel.php(52): CodeIgniter\Database\BaseBuilder->update()
 5 APPPATH\Controllers\Utenti.php(104): App\Models\UtentiModel->updateUserInfo()
 6 SYSTEMPATH\CodeIgniter.php(941): App\Controllers\Utenti->modificaDati()
 7 SYSTEMPATH\CodeIgniter.php(502): CodeIgniter\CodeIgniter->runController()
 8 SYSTEMPATH\CodeIgniter.php(361): CodeIgniter\CodeIgniter->handleRequest()
 9 FCPATH\index.php(79): CodeIgniter\CodeIgniter->run()
CRITICAL - 2024-05-24 10:28:33 --> [Caused by] mysqli_sql_exception: Unknown column 'comune_residenza' in 'field list'
in SYSTEMPATH\Database\MySQLi\Connection.php on line 306.
 1 SYSTEMPATH\Database\MySQLi\Connection.php(306): mysqli->query()
 2 SYSTEMPATH\Database\BaseConnection.php(693): CodeIgniter\Database\MySQLi\Connection->execute()
 3 SYSTEMPATH\Database\BaseConnection.php(607): CodeIgniter\Database\BaseConnection->simpleQuery()
 4 SYSTEMPATH\Database\BaseBuilder.php(2469): CodeIgniter\Database\BaseConnection->query()
 5 APPPATH\Models\UtentiModel.php(52): CodeIgniter\Database\BaseBuilder->update()
 6 APPPATH\Controllers\Utenti.php(104): App\Models\UtentiModel->updateUserInfo()
 7 SYSTEMPATH\CodeIgniter.php(941): App\Controllers\Utenti->modificaDati()
 8 SYSTEMPATH\CodeIgniter.php(502): CodeIgniter\CodeIgniter->runController()
 9 SYSTEMPATH\CodeIgniter.php(361): CodeIgniter\CodeIgniter->handleRequest()
10 FCPATH\index.php(79): CodeIgniter\CodeIgniter->run()
INFO - 2024-05-24 10:30:25 --> Session: Class initialized using 'CodeIgniter\Session\Handlers\FileHandler' driver.
WARNING - 2024-05-24 10:30:25 --> [DEPRECATED] Creation of dynamic property App\Controllers\Utenti::$session is deprecated in APPPATH\Controllers\BaseController.php on line 61.
 1 SYSTEMPATH\CodeIgniter.php(914): App\Controllers\BaseController->initController(Object(CodeIgniter\HTTP\IncomingRequest), Object(CodeIgniter\HTTP\Response), Object(CodeIgniter\Log\Logger))
 2 SYSTEMPATH\CodeIgniter.php(493): CodeIgniter\CodeIgniter->createController()
 3 SYSTEMPATH\CodeIgniter.php(361): CodeIgniter\CodeIgniter->handleRequest(null, Object(Config\Cache), false)
 4 FCPATH\index.php(79): CodeIgniter\CodeIgniter->run()
ERROR - 2024-05-24 10:30:28 --> mysqli_sql_exception: Cannot add or update a child row: a foreign key constraint fails (`comune_in_ascolto`.`utenti`, CONSTRAINT `fk_ComuneResidenza` FOREIGN KEY (`ComuneResidenza`) REFERENCES `gi_comuni` (`nomeComune`)) in C:\Users\masiero.christian\Desktop\UniServerZ\www\ci4\system\Database\MySQLi\Connection.php:306
Stack trace:
#0 C:\Users\masiero.christian\Desktop\UniServerZ\www\ci4\system\Database\MySQLi\Connection.php(306): mysqli->query()
#1 C:\Users\masiero.christian\Desktop\UniServerZ\www\ci4\system\Database\BaseConnection.php(693): CodeIgniter\Database\MySQLi\Connection->execute()
#2 C:\Users\masiero.christian\Desktop\UniServerZ\www\ci4\system\Database\BaseConnection.php(607): CodeIgniter\Database\BaseConnection->simpleQuery()
#3 C:\Users\masiero.christian\Desktop\UniServerZ\www\ci4\system\Database\BaseBuilder.php(2469): CodeIgniter\Database\BaseConnection->query()
#4 C:\Users\masiero.christian\Desktop\UniServerZ\www\ci4\app\Models\UtentiModel.php(52): CodeIgniter\Database\BaseBuilder->update()
#5 C:\Users\masiero.christian\Desktop\UniServerZ\www\ci4\app\Controllers\Utenti.php(104): App\Models\UtentiModel->updateUserInfo()
#6 C:\Users\masiero.christian\Desktop\UniServerZ\www\ci4\system\CodeIgniter.php(941): App\Controllers\Utenti->modificaDati()
#7 C:\Users\masiero.christian\Desktop\UniServerZ\www\ci4\system\CodeIgniter.php(502): CodeIgniter\CodeIgniter->runController()
#8 C:\Users\masiero.christian\Desktop\UniServerZ\www\ci4\system\CodeIgniter.php(361): CodeIgniter\CodeIgniter->handleRequest()
#9 C:\Users\masiero.christian\Desktop\UniServerZ\www\ci4\public\index.php(79): CodeIgniter\CodeIgniter->run()
#10 {main}
CRITICAL - 2024-05-24 10:30:28 --> CodeIgniter\Database\Exceptions\DatabaseException: Cannot add or update a child row: a foreign key constraint fails (`comune_in_ascolto`.`utenti`, CONSTRAINT `fk_ComuneResidenza` FOREIGN KEY (`ComuneResidenza`) REFERENCES `gi_comuni` (`nomeComune`))
in SYSTEMPATH\Database\BaseConnection.php on line 647.
 1 SYSTEMPATH\Database\BaseBuilder.php(2469): CodeIgniter\Database\BaseConnection->query()
 2 APPPATH\Models\UtentiModel.php(52): CodeIgniter\Database\BaseBuilder->update()
 3 APPPATH\Controllers\Utenti.php(104): App\Models\UtentiModel->updateUserInfo()
 4 SYSTEMPATH\CodeIgniter.php(941): App\Controllers\Utenti->modificaDati()
 5 SYSTEMPATH\CodeIgniter.php(502): CodeIgniter\CodeIgniter->runController()
 6 SYSTEMPATH\CodeIgniter.php(361): CodeIgniter\CodeIgniter->handleRequest()
 7 FCPATH\index.php(79): CodeIgniter\CodeIgniter->run()
CRITICAL - 2024-05-24 10:30:28 --> [Caused by] CodeIgniter\Database\Exceptions\DatabaseException: Cannot add or update a child row: a foreign key constraint fails (`comune_in_ascolto`.`utenti`, CONSTRAINT `fk_ComuneResidenza` FOREIGN KEY (`ComuneResidenza`) REFERENCES `gi_comuni` (`nomeComune`))
in SYSTEMPATH\Database\MySQLi\Connection.php on line 311.
 1 SYSTEMPATH\Database\BaseConnection.php(693): CodeIgniter\Database\MySQLi\Connection->execute()
 2 SYSTEMPATH\Database\BaseConnection.php(607): CodeIgniter\Database\BaseConnection->simpleQuery()
 3 SYSTEMPATH\Database\BaseBuilder.php(2469): CodeIgniter\Database\BaseConnection->query()
 4 APPPATH\Models\UtentiModel.php(52): CodeIgniter\Database\BaseBuilder->update()
 5 APPPATH\Controllers\Utenti.php(104): App\Models\UtentiModel->updateUserInfo()
 6 SYSTEMPATH\CodeIgniter.php(941): App\Controllers\Utenti->modificaDati()
 7 SYSTEMPATH\CodeIgniter.php(502): CodeIgniter\CodeIgniter->runController()
 8 SYSTEMPATH\CodeIgniter.php(361): CodeIgniter\CodeIgniter->handleRequest()
 9 FCPATH\index.php(79): CodeIgniter\CodeIgniter->run()
CRITICAL - 2024-05-24 10:30:28 --> [Caused by] mysqli_sql_exception: Cannot add or update a child row: a foreign key constraint fails (`comune_in_ascolto`.`utenti`, CONSTRAINT `fk_ComuneResidenza` FOREIGN KEY (`ComuneResidenza`) REFERENCES `gi_comuni` (`nomeComune`))
in SYSTEMPATH\Database\MySQLi\Connection.php on line 306.
 1 SYSTEMPATH\Database\MySQLi\Connection.php(306): mysqli->query()
 2 SYSTEMPATH\Database\BaseConnection.php(693): CodeIgniter\Database\MySQLi\Connection->execute()
 3 SYSTEMPATH\Database\BaseConnection.php(607): CodeIgniter\Database\BaseConnection->simpleQuery()
 4 SYSTEMPATH\Database\BaseBuilder.php(2469): CodeIgniter\Database\BaseConnection->query()
 5 APPPATH\Models\UtentiModel.php(52): CodeIgniter\Database\BaseBuilder->update()
 6 APPPATH\Controllers\Utenti.php(104): App\Models\UtentiModel->updateUserInfo()
 7 SYSTEMPATH\CodeIgniter.php(941): App\Controllers\Utenti->modificaDati()
 8 SYSTEMPATH\CodeIgniter.php(502): CodeIgniter\CodeIgniter->runController()
 9 SYSTEMPATH\CodeIgniter.php(361): CodeIgniter\CodeIgniter->handleRequest()
10 FCPATH\index.php(79): CodeIgniter\CodeIgniter->run()
INFO - 2024-05-24 10:33:40 --> Session: Class initialized using 'CodeIgniter\Session\Handlers\FileHandler' driver.
WARNING - 2024-05-24 10:33:40 --> [DEPRECATED] Creation of dynamic property App\Controllers\Utenti::$session is deprecated in APPPATH\Controllers\BaseController.php on line 61.
 1 SYSTEMPATH\CodeIgniter.php(914): App\Controllers\BaseController->initController(Object(CodeIgniter\HTTP\IncomingRequest), Object(CodeIgniter\HTTP\Response), Object(CodeIgniter\Log\Logger))
 2 SYSTEMPATH\CodeIgniter.php(493): CodeIgniter\CodeIgniter->createController()
 3 SYSTEMPATH\CodeIgniter.php(361): CodeIgniter\CodeIgniter->handleRequest(null, Object(Config\Cache), false)
 4 FCPATH\index.php(79): CodeIgniter\CodeIgniter->run()
INFO - 2024-05-24 10:33:41 --> Session: Class initialized using 'CodeIgniter\Session\Handlers\FileHandler' driver.
WARNING - 2024-05-24 10:33:41 --> [DEPRECATED] Creation of dynamic property App\Controllers\Segnalazioni::$session is deprecated in APPPATH\Controllers\BaseController.php on line 61.
 1 SYSTEMPATH\CodeIgniter.php(914): App\Controllers\BaseController->initController(Object(CodeIgniter\HTTP\IncomingRequest), Object(CodeIgniter\HTTP\Response), Object(CodeIgniter\Log\Logger))
 2 SYSTEMPATH\CodeIgniter.php(493): CodeIgniter\CodeIgniter->createController()
 3 SYSTEMPATH\CodeIgniter.php(361): CodeIgniter\CodeIgniter->handleRequest(null, Object(Config\Cache), false)
 4 FCPATH\index.php(79): CodeIgniter\CodeIgniter->run()
INFO - 2024-05-24 10:33:44 --> Session: Class initialized using 'CodeIgniter\Session\Handlers\FileHandler' driver.
WARNING - 2024-05-24 10:33:44 --> [DEPRECATED] Creation of dynamic property App\Controllers\Utenti::$session is deprecated in APPPATH\Controllers\BaseController.php on line 61.
 1 SYSTEMPATH\CodeIgniter.php(914): App\Controllers\BaseController->initController(Object(CodeIgniter\HTTP\IncomingRequest), Object(CodeIgniter\HTTP\Response), Object(CodeIgniter\Log\Logger))
 2 SYSTEMPATH\CodeIgniter.php(493): CodeIgniter\CodeIgniter->createController()
 3 SYSTEMPATH\CodeIgniter.php(361): CodeIgniter\CodeIgniter->handleRequest(null, Object(Config\Cache), false)
 4 FCPATH\index.php(79): CodeIgniter\CodeIgniter->run()
INFO - 2024-05-24 10:33:53 --> Session: Class initialized using 'CodeIgniter\Session\Handlers\FileHandler' driver.
WARNING - 2024-05-24 10:33:53 --> [DEPRECATED] Creation of dynamic property App\Controllers\Utenti::$session is deprecated in APPPATH\Controllers\BaseController.php on line 61.
 1 SYSTEMPATH\CodeIgniter.php(914): App\Controllers\BaseController->initController(Object(CodeIgniter\HTTP\IncomingRequest), Object(CodeIgniter\HTTP\Response), Object(CodeIgniter\Log\Logger))
 2 SYSTEMPATH\CodeIgniter.php(493): CodeIgniter\CodeIgniter->createController()
 3 SYSTEMPATH\CodeIgniter.php(361): CodeIgniter\CodeIgniter->handleRequest(null, Object(Config\Cache), false)
 4 FCPATH\index.php(79): CodeIgniter\CodeIgniter->run()
ERROR - 2024-05-24 10:33:55 --> mysqli_sql_exception: Cannot add or update a child row: a foreign key constraint fails (`comune_in_ascolto`.`utenti`, CONSTRAINT `fk_ComuneResidenza` FOREIGN KEY (`ComuneResidenza`) REFERENCES `gi_comuni` (`nomeComune`)) in C:\Users\masiero.christian\Desktop\UniServerZ\www\ci4\system\Database\MySQLi\Connection.php:306
Stack trace:
#0 C:\Users\masiero.christian\Desktop\UniServerZ\www\ci4\system\Database\MySQLi\Connection.php(306): mysqli->query()
#1 C:\Users\masiero.christian\Desktop\UniServerZ\www\ci4\system\Database\BaseConnection.php(693): CodeIgniter\Database\MySQLi\Connection->execute()
#2 C:\Users\masiero.christian\Desktop\UniServerZ\www\ci4\system\Database\BaseConnection.php(607): CodeIgniter\Database\BaseConnection->simpleQuery()
#3 C:\Users\masiero.christian\Desktop\UniServerZ\www\ci4\system\Database\BaseBuilder.php(2469): CodeIgniter\Database\BaseConnection->query()
#4 C:\Users\masiero.christian\Desktop\UniServerZ\www\ci4\app\Models\UtentiModel.php(52): CodeIgniter\Database\BaseBuilder->update()
#5 C:\Users\masiero.christian\Desktop\UniServerZ\www\ci4\app\Controllers\Utenti.php(104): App\Models\UtentiModel->updateUserInfo()
#6 C:\Users\masiero.christian\Desktop\UniServerZ\www\ci4\system\CodeIgniter.php(941): App\Controllers\Utenti->modificaDati()
#7 C:\Users\masiero.christian\Desktop\UniServerZ\www\ci4\system\CodeIgniter.php(502): CodeIgniter\CodeIgniter->runController()
#8 C:\Users\masiero.christian\Desktop\UniServerZ\www\ci4\system\CodeIgniter.php(361): CodeIgniter\CodeIgniter->handleRequest()
#9 C:\Users\masiero.christian\Desktop\UniServerZ\www\ci4\public\index.php(79): CodeIgniter\CodeIgniter->run()
#10 {main}
CRITICAL - 2024-05-24 10:33:55 --> CodeIgniter\Database\Exceptions\DatabaseException: Cannot add or update a child row: a foreign key constraint fails (`comune_in_ascolto`.`utenti`, CONSTRAINT `fk_ComuneResidenza` FOREIGN KEY (`ComuneResidenza`) REFERENCES `gi_comuni` (`nomeComune`))
in SYSTEMPATH\Database\BaseConnection.php on line 647.
 1 SYSTEMPATH\Database\BaseBuilder.php(2469): CodeIgniter\Database\BaseConnection->query()
 2 APPPATH\Models\UtentiModel.php(52): CodeIgniter\Database\BaseBuilder->update()
 3 APPPATH\Controllers\Utenti.php(104): App\Models\UtentiModel->updateUserInfo()
 4 SYSTEMPATH\CodeIgniter.php(941): App\Controllers\Utenti->modificaDati()
 5 SYSTEMPATH\CodeIgniter.php(502): CodeIgniter\CodeIgniter->runController()
 6 SYSTEMPATH\CodeIgniter.php(361): CodeIgniter\CodeIgniter->handleRequest()
 7 FCPATH\index.php(79): CodeIgniter\CodeIgniter->run()
CRITICAL - 2024-05-24 10:33:55 --> [Caused by] CodeIgniter\Database\Exceptions\DatabaseException: Cannot add or update a child row: a foreign key constraint fails (`comune_in_ascolto`.`utenti`, CONSTRAINT `fk_ComuneResidenza` FOREIGN KEY (`ComuneResidenza`) REFERENCES `gi_comuni` (`nomeComune`))
in SYSTEMPATH\Database\MySQLi\Connection.php on line 311.
 1 SYSTEMPATH\Database\BaseConnection.php(693): CodeIgniter\Database\MySQLi\Connection->execute()
 2 SYSTEMPATH\Database\BaseConnection.php(607): CodeIgniter\Database\BaseConnection->simpleQuery()
 3 SYSTEMPATH\Database\BaseBuilder.php(2469): CodeIgniter\Database\BaseConnection->query()
 4 APPPATH\Models\UtentiModel.php(52): CodeIgniter\Database\BaseBuilder->update()
 5 APPPATH\Controllers\Utenti.php(104): App\Models\UtentiModel->updateUserInfo()
 6 SYSTEMPATH\CodeIgniter.php(941): App\Controllers\Utenti->modificaDati()
 7 SYSTEMPATH\CodeIgniter.php(502): CodeIgniter\CodeIgniter->runController()
 8 SYSTEMPATH\CodeIgniter.php(361): CodeIgniter\CodeIgniter->handleRequest()
 9 FCPATH\index.php(79): CodeIgniter\CodeIgniter->run()
CRITICAL - 2024-05-24 10:33:55 --> [Caused by] mysqli_sql_exception: Cannot add or update a child row: a foreign key constraint fails (`comune_in_ascolto`.`utenti`, CONSTRAINT `fk_ComuneResidenza` FOREIGN KEY (`ComuneResidenza`) REFERENCES `gi_comuni` (`nomeComune`))
in SYSTEMPATH\Database\MySQLi\Connection.php on line 306.
 1 SYSTEMPATH\Database\MySQLi\Connection.php(306): mysqli->query()
 2 SYSTEMPATH\Database\BaseConnection.php(693): CodeIgniter\Database\MySQLi\Connection->execute()
 3 SYSTEMPATH\Database\BaseConnection.php(607): CodeIgniter\Database\BaseConnection->simpleQuery()
 4 SYSTEMPATH\Database\BaseBuilder.php(2469): CodeIgniter\Database\BaseConnection->query()
 5 APPPATH\Models\UtentiModel.php(52): CodeIgniter\Database\BaseBuilder->update()
 6 APPPATH\Controllers\Utenti.php(104): App\Models\UtentiModel->updateUserInfo()
 7 SYSTEMPATH\CodeIgniter.php(941): App\Controllers\Utenti->modificaDati()
 8 SYSTEMPATH\CodeIgniter.php(502): CodeIgniter\CodeIgniter->runController()
 9 SYSTEMPATH\CodeIgniter.php(361): CodeIgniter\CodeIgniter->handleRequest()
10 FCPATH\index.php(79): CodeIgniter\CodeIgniter->run()
INFO - 2024-05-24 10:36:44 --> Session: Class initialized using 'CodeIgniter\Session\Handlers\FileHandler' driver.
WARNING - 2024-05-24 10:36:44 --> [DEPRECATED] Creation of dynamic property App\Controllers\Home::$session is deprecated in APPPATH\Controllers\BaseController.php on line 61.
 1 SYSTEMPATH\CodeIgniter.php(914): App\Controllers\BaseController->initController(Object(CodeIgniter\HTTP\IncomingRequest), Object(CodeIgniter\HTTP\Response), Object(CodeIgniter\Log\Logger))
 2 SYSTEMPATH\CodeIgniter.php(493): CodeIgniter\CodeIgniter->createController()
 3 SYSTEMPATH\CodeIgniter.php(361): CodeIgniter\CodeIgniter->handleRequest(null, Object(Config\Cache), false)
 4 FCPATH\index.php(79): CodeIgniter\CodeIgniter->run()
INFO - 2024-05-24 10:37:20 --> Session: Class initialized using 'CodeIgniter\Session\Handlers\FileHandler' driver.
WARNING - 2024-05-24 10:37:20 --> [DEPRECATED] Creation of dynamic property App\Controllers\Segnalazioni::$session is deprecated in APPPATH\Controllers\BaseController.php on line 61.
 1 SYSTEMPATH\CodeIgniter.php(914): App\Controllers\BaseController->initController(Object(CodeIgniter\HTTP\IncomingRequest), Object(CodeIgniter\HTTP\Response), Object(CodeIgniter\Log\Logger))
 2 SYSTEMPATH\CodeIgniter.php(493): CodeIgniter\CodeIgniter->createController()
 3 SYSTEMPATH\CodeIgniter.php(361): CodeIgniter\CodeIgniter->handleRequest(null, Object(Config\Cache), false)
 4 FCPATH\index.php(79): CodeIgniter\CodeIgniter->run()
INFO - 2024-05-24 10:37:22 --> Session: Class initialized using 'CodeIgniter\Session\Handlers\FileHandler' driver.
WARNING - 2024-05-24 10:37:22 --> [DEPRECATED] Creation of dynamic property App\Controllers\Utenti::$session is deprecated in APPPATH\Controllers\BaseController.php on line 61.
 1 SYSTEMPATH\CodeIgniter.php(914): App\Controllers\BaseController->initController(Object(CodeIgniter\HTTP\IncomingRequest), Object(CodeIgniter\HTTP\Response), Object(CodeIgniter\Log\Logger))
 2 SYSTEMPATH\CodeIgniter.php(493): CodeIgniter\CodeIgniter->createController()
 3 SYSTEMPATH\CodeIgniter.php(361): CodeIgniter\CodeIgniter->handleRequest(null, Object(Config\Cache), false)
 4 FCPATH\index.php(79): CodeIgniter\CodeIgniter->run()
INFO - 2024-05-24 10:37:26 --> Session: Class initialized using 'CodeIgniter\Session\Handlers\FileHandler' driver.
WARNING - 2024-05-24 10:37:26 --> [DEPRECATED] Creation of dynamic property App\Controllers\Utenti::$session is deprecated in APPPATH\Controllers\BaseController.php on line 61.
 1 SYSTEMPATH\CodeIgniter.php(914): App\Controllers\BaseController->initController(Object(CodeIgniter\HTTP\IncomingRequest), Object(CodeIgniter\HTTP\Response), Object(CodeIgniter\Log\Logger))
 2 SYSTEMPATH\CodeIgniter.php(493): CodeIgniter\CodeIgniter->createController()
 3 SYSTEMPATH\CodeIgniter.php(361): CodeIgniter\CodeIgniter->handleRequest(null, Object(Config\Cache), false)
 4 FCPATH\index.php(79): CodeIgniter\CodeIgniter->run()
INFO - 2024-05-24 10:37:26 --> Session: Class initialized using 'CodeIgniter\Session\Handlers\FileHandler' driver.
WARNING - 2024-05-24 10:37:26 --> [DEPRECATED] Creation of dynamic property App\Controllers\Home::$session is deprecated in APPPATH\Controllers\BaseController.php on line 61.
 1 SYSTEMPATH\CodeIgniter.php(914): App\Controllers\BaseController->initController(Object(CodeIgniter\HTTP\IncomingRequest), Object(CodeIgniter\HTTP\Response), Object(CodeIgniter\Log\Logger))
 2 SYSTEMPATH\CodeIgniter.php(493): CodeIgniter\CodeIgniter->createController()
 3 SYSTEMPATH\CodeIgniter.php(361): CodeIgniter\CodeIgniter->handleRequest(null, Object(Config\Cache), false)
 4 FCPATH\index.php(79): CodeIgniter\CodeIgniter->run()
INFO - 2024-05-24 10:37:29 --> Session: Class initialized using 'CodeIgniter\Session\Handlers\FileHandler' driver.
WARNING - 2024-05-24 10:37:29 --> [DEPRECATED] Creation of dynamic property App\Controllers\Utenti::$session is deprecated in APPPATH\Controllers\BaseController.php on line 61.
 1 SYSTEMPATH\CodeIgniter.php(914): App\Controllers\BaseController->initController(Object(CodeIgniter\HTTP\IncomingRequest), Object(CodeIgniter\HTTP\Response), Object(CodeIgniter\Log\Logger))
 2 SYSTEMPATH\CodeIgniter.php(493): CodeIgniter\CodeIgniter->createController()
 3 SYSTEMPATH\CodeIgniter.php(361): CodeIgniter\CodeIgniter->handleRequest(null, Object(Config\Cache), false)
 4 FCPATH\index.php(79): CodeIgniter\CodeIgniter->run()
INFO - 2024-05-24 10:37:34 --> Session: Class initialized using 'CodeIgniter\Session\Handlers\FileHandler' driver.
WARNING - 2024-05-24 10:37:34 --> [DEPRECATED] Creation of dynamic property App\Controllers\Utenti::$session is deprecated in APPPATH\Controllers\BaseController.php on line 61.
 1 SYSTEMPATH\CodeIgniter.php(914): App\Controllers\BaseController->initController(Object(CodeIgniter\HTTP\IncomingRequest), Object(CodeIgniter\HTTP\Response), Object(CodeIgniter\Log\Logger))
 2 SYSTEMPATH\CodeIgniter.php(493): CodeIgniter\CodeIgniter->createController()
 3 SYSTEMPATH\CodeIgniter.php(361): CodeIgniter\CodeIgniter->handleRequest(null, Object(Config\Cache), false)
 4 FCPATH\index.php(79): CodeIgniter\CodeIgniter->run()
INFO - 2024-05-24 10:37:37 --> Session: Class initialized using 'CodeIgniter\Session\Handlers\FileHandler' driver.
WARNING - 2024-05-24 10:37:37 --> [DEPRECATED] Creation of dynamic property App\Controllers\Segnalazioni::$session is deprecated in APPPATH\Controllers\BaseController.php on line 61.
 1 SYSTEMPATH\CodeIgniter.php(914): App\Controllers\BaseController->initController(Object(CodeIgniter\HTTP\IncomingRequest), Object(CodeIgniter\HTTP\Response), Object(CodeIgniter\Log\Logger))
 2 SYSTEMPATH\CodeIgniter.php(493): CodeIgniter\CodeIgniter->createController()
 3 SYSTEMPATH\CodeIgniter.php(361): CodeIgniter\CodeIgniter->handleRequest(null, Object(Config\Cache), false)
 4 FCPATH\index.php(79): CodeIgniter\CodeIgniter->run()
INFO - 2024-05-24 10:37:46 --> Session: Class initialized using 'CodeIgniter\Session\Handlers\FileHandler' driver.
WARNING - 2024-05-24 10:37:46 --> [DEPRECATED] Creation of dynamic property App\Controllers\Utenti::$session is deprecated in APPPATH\Controllers\BaseController.php on line 61.
 1 SYSTEMPATH\CodeIgniter.php(914): App\Controllers\BaseController->initController(Object(CodeIgniter\HTTP\IncomingRequest), Object(CodeIgniter\HTTP\Response), Object(CodeIgniter\Log\Logger))
 2 SYSTEMPATH\CodeIgniter.php(493): CodeIgniter\CodeIgniter->createController()
 3 SYSTEMPATH\CodeIgniter.php(361): CodeIgniter\CodeIgniter->handleRequest(null, Object(Config\Cache), false)
 4 FCPATH\index.php(79): CodeIgniter\CodeIgniter->run()
INFO - 2024-05-24 10:37:48 --> Session: Class initialized using 'CodeIgniter\Session\Handlers\FileHandler' driver.
WARNING - 2024-05-24 10:37:48 --> [DEPRECATED] Creation of dynamic property App\Controllers\Home::$session is deprecated in APPPATH\Controllers\BaseController.php on line 61.
 1 SYSTEMPATH\CodeIgniter.php(914): App\Controllers\BaseController->initController(Object(CodeIgniter\HTTP\IncomingRequest), Object(CodeIgniter\HTTP\Response), Object(CodeIgniter\Log\Logger))
 2 SYSTEMPATH\CodeIgniter.php(493): CodeIgniter\CodeIgniter->createController()
 3 SYSTEMPATH\CodeIgniter.php(361): CodeIgniter\CodeIgniter->handleRequest(null, Object(Config\Cache), false)
 4 FCPATH\index.php(79): CodeIgniter\CodeIgniter->run()
INFO - 2024-05-24 10:38:07 --> Session: Class initialized using 'CodeIgniter\Session\Handlers\FileHandler' driver.
WARNING - 2024-05-24 10:38:07 --> [DEPRECATED] Creation of dynamic property App\Controllers\Utenti::$session is deprecated in APPPATH\Controllers\BaseController.php on line 61.
 1 SYSTEMPATH\CodeIgniter.php(914): App\Controllers\BaseController->initController(Object(CodeIgniter\HTTP\IncomingRequest), Object(CodeIgniter\HTTP\Response), Object(CodeIgniter\Log\Logger))
 2 SYSTEMPATH\CodeIgniter.php(493): CodeIgniter\CodeIgniter->createController()
 3 SYSTEMPATH\CodeIgniter.php(361): CodeIgniter\CodeIgniter->handleRequest(null, Object(Config\Cache), false)
 4 FCPATH\index.php(79): CodeIgniter\CodeIgniter->run()
INFO - 2024-05-24 10:38:23 --> Session: Class initialized using 'CodeIgniter\Session\Handlers\FileHandler' driver.
WARNING - 2024-05-24 10:38:23 --> [DEPRECATED] Creation of dynamic property App\Controllers\Utenti::$session is deprecated in APPPATH\Controllers\BaseController.php on line 61.
 1 SYSTEMPATH\CodeIgniter.php(914): App\Controllers\BaseController->initController(Object(CodeIgniter\HTTP\IncomingRequest), Object(CodeIgniter\HTTP\Response), Object(CodeIgniter\Log\Logger))
 2 SYSTEMPATH\CodeIgniter.php(493): CodeIgniter\CodeIgniter->createController()
 3 SYSTEMPATH\CodeIgniter.php(361): CodeIgniter\CodeIgniter->handleRequest(null, Object(Config\Cache), false)
 4 FCPATH\index.php(79): CodeIgniter\CodeIgniter->run()
INFO - 2024-05-24 10:38:25 --> Session: Class initialized using 'CodeIgniter\Session\Handlers\FileHandler' driver.
WARNING - 2024-05-24 10:38:25 --> [DEPRECATED] Creation of dynamic property App\Controllers\Utenti::$session is deprecated in APPPATH\Controllers\BaseController.php on line 61.
 1 SYSTEMPATH\CodeIgniter.php(914): App\Controllers\BaseController->initController(Object(CodeIgniter\HTTP\IncomingRequest), Object(CodeIgniter\HTTP\Response), Object(CodeIgniter\Log\Logger))
 2 SYSTEMPATH\CodeIgniter.php(493): CodeIgniter\CodeIgniter->createController()
 3 SYSTEMPATH\CodeIgniter.php(361): CodeIgniter\CodeIgniter->handleRequest(null, Object(Config\Cache), false)
 4 FCPATH\index.php(79): CodeIgniter\CodeIgniter->run()
INFO - 2024-05-24 10:38:27 --> Session: Class initialized using 'CodeIgniter\Session\Handlers\FileHandler' driver.
WARNING - 2024-05-24 10:38:27 --> [DEPRECATED] Creation of dynamic property App\Controllers\Home::$session is deprecated in APPPATH\Controllers\BaseController.php on line 61.
 1 SYSTEMPATH\CodeIgniter.php(914): App\Controllers\BaseController->initController(Object(CodeIgniter\HTTP\IncomingRequest), Object(CodeIgniter\HTTP\Response), Object(CodeIgniter\Log\Logger))
 2 SYSTEMPATH\CodeIgniter.php(493): CodeIgniter\CodeIgniter->createController()
 3 SYSTEMPATH\CodeIgniter.php(361): CodeIgniter\CodeIgniter->handleRequest(null, Object(Config\Cache), false)
 4 FCPATH\index.php(79): CodeIgniter\CodeIgniter->run()
INFO - 2024-05-24 10:38:31 --> Session: Class initialized using 'CodeIgniter\Session\Handlers\FileHandler' driver.
WARNING - 2024-05-24 10:38:31 --> [DEPRECATED] Creation of dynamic property App\Controllers\Utenti::$session is deprecated in APPPATH\Controllers\BaseController.php on line 61.
 1 SYSTEMPATH\CodeIgniter.php(914): App\Controllers\BaseController->initController(Object(CodeIgniter\HTTP\IncomingRequest), Object(CodeIgniter\HTTP\Response), Object(CodeIgniter\Log\Logger))
 2 SYSTEMPATH\CodeIgniter.php(493): CodeIgniter\CodeIgniter->createController()
 3 SYSTEMPATH\CodeIgniter.php(361): CodeIgniter\CodeIgniter->handleRequest(null, Object(Config\Cache), false)
 4 FCPATH\index.php(79): CodeIgniter\CodeIgniter->run()
INFO - 2024-05-24 10:38:36 --> Session: Class initialized using 'CodeIgniter\Session\Handlers\FileHandler' driver.
WARNING - 2024-05-24 10:38:36 --> [DEPRECATED] Creation of dynamic property App\Controllers\Utenti::$session is deprecated in APPPATH\Controllers\BaseController.php on line 61.
 1 SYSTEMPATH\CodeIgniter.php(914): App\Controllers\BaseController->initController(Object(CodeIgniter\HTTP\IncomingRequest), Object(CodeIgniter\HTTP\Response), Object(CodeIgniter\Log\Logger))
 2 SYSTEMPATH\CodeIgniter.php(493): CodeIgniter\CodeIgniter->createController()
 3 SYSTEMPATH\CodeIgniter.php(361): CodeIgniter\CodeIgniter->handleRequest(null, Object(Config\Cache), false)
 4 FCPATH\index.php(79): CodeIgniter\CodeIgniter->run()
INFO - 2024-05-24 10:38:38 --> Session: Class initialized using 'CodeIgniter\Session\Handlers\FileHandler' driver.
WARNING - 2024-05-24 10:38:38 --> [DEPRECATED] Creation of dynamic property App\Controllers\Home::$session is deprecated in APPPATH\Controllers\BaseController.php on line 61.
 1 SYSTEMPATH\CodeIgniter.php(914): App\Controllers\BaseController->initController(Object(CodeIgniter\HTTP\IncomingRequest), Object(CodeIgniter\HTTP\Response), Object(CodeIgniter\Log\Logger))
 2 SYSTEMPATH\CodeIgniter.php(493): CodeIgniter\CodeIgniter->createController()
 3 SYSTEMPATH\CodeIgniter.php(361): CodeIgniter\CodeIgniter->handleRequest(null, Object(Config\Cache), false)
 4 FCPATH\index.php(79): CodeIgniter\CodeIgniter->run()
INFO - 2024-05-24 10:38:41 --> Session: Class initialized using 'CodeIgniter\Session\Handlers\FileHandler' driver.
WARNING - 2024-05-24 10:38:41 --> [DEPRECATED] Creation of dynamic property App\Controllers\Utenti::$session is deprecated in APPPATH\Controllers\BaseController.php on line 61.
 1 SYSTEMPATH\CodeIgniter.php(914): App\Controllers\BaseController->initController(Object(CodeIgniter\HTTP\IncomingRequest), Object(CodeIgniter\HTTP\Response), Object(CodeIgniter\Log\Logger))
 2 SYSTEMPATH\CodeIgniter.php(493): CodeIgniter\CodeIgniter->createController()
 3 SYSTEMPATH\CodeIgniter.php(361): CodeIgniter\CodeIgniter->handleRequest(null, Object(Config\Cache), false)
 4 FCPATH\index.php(79): CodeIgniter\CodeIgniter->run()
INFO - 2024-05-24 10:38:48 --> Session: Class initialized using 'CodeIgniter\Session\Handlers\FileHandler' driver.
WARNING - 2024-05-24 10:38:48 --> [DEPRECATED] Creation of dynamic property App\Controllers\Segnalazioni::$session is deprecated in APPPATH\Controllers\BaseController.php on line 61.
 1 SYSTEMPATH\CodeIgniter.php(914): App\Controllers\BaseController->initController(Object(CodeIgniter\HTTP\IncomingRequest), Object(CodeIgniter\HTTP\Response), Object(CodeIgniter\Log\Logger))
 2 SYSTEMPATH\CodeIgniter.php(493): CodeIgniter\CodeIgniter->createController()
 3 SYSTEMPATH\CodeIgniter.php(361): CodeIgniter\CodeIgniter->handleRequest(null, Object(Config\Cache), false)
 4 FCPATH\index.php(79): CodeIgniter\CodeIgniter->run()
INFO - 2024-05-24 10:38:51 --> Session: Class initialized using 'CodeIgniter\Session\Handlers\FileHandler' driver.
WARNING - 2024-05-24 10:38:51 --> [DEPRECATED] Creation of dynamic property App\Controllers\Utenti::$session is deprecated in APPPATH\Controllers\BaseController.php on line 61.
 1 SYSTEMPATH\CodeIgniter.php(914): App\Controllers\BaseController->initController(Object(CodeIgniter\HTTP\IncomingRequest), Object(CodeIgniter\HTTP\Response), Object(CodeIgniter\Log\Logger))
 2 SYSTEMPATH\CodeIgniter.php(493): CodeIgniter\CodeIgniter->createController()
 3 SYSTEMPATH\CodeIgniter.php(361): CodeIgniter\CodeIgniter->handleRequest(null, Object(Config\Cache), false)
 4 FCPATH\index.php(79): CodeIgniter\CodeIgniter->run()
ERROR - 2024-05-24 10:38:53 --> mysqli_sql_exception: Cannot add or update a child row: a foreign key constraint fails (`comune_in_ascolto`.`utenti`, CONSTRAINT `fk_ComuneResidenza` FOREIGN KEY (`ComuneResidenza`) REFERENCES `gi_comuni` (`nomeComune`)) in C:\Users\masiero.christian\Desktop\UniServerZ\www\ci4\system\Database\MySQLi\Connection.php:306
Stack trace:
#0 C:\Users\masiero.christian\Desktop\UniServerZ\www\ci4\system\Database\MySQLi\Connection.php(306): mysqli->query()
#1 C:\Users\masiero.christian\Desktop\UniServerZ\www\ci4\system\Database\BaseConnection.php(693): CodeIgniter\Database\MySQLi\Connection->execute()
#2 C:\Users\masiero.christian\Desktop\UniServerZ\www\ci4\system\Database\BaseConnection.php(607): CodeIgniter\Database\BaseConnection->simpleQuery()
#3 C:\Users\masiero.christian\Desktop\UniServerZ\www\ci4\system\Database\BaseBuilder.php(2469): CodeIgniter\Database\BaseConnection->query()
#4 C:\Users\masiero.christian\Desktop\UniServerZ\www\ci4\app\Models\UtentiModel.php(52): CodeIgniter\Database\BaseBuilder->update()
#5 C:\Users\masiero.christian\Desktop\UniServerZ\www\ci4\app\Controllers\Utenti.php(104): App\Models\UtentiModel->updateUserInfo()
#6 C:\Users\masiero.christian\Desktop\UniServerZ\www\ci4\system\CodeIgniter.php(941): App\Controllers\Utenti->modificaDati()
#7 C:\Users\masiero.christian\Desktop\UniServerZ\www\ci4\system\CodeIgniter.php(502): CodeIgniter\CodeIgniter->runController()
#8 C:\Users\masiero.christian\Desktop\UniServerZ\www\ci4\system\CodeIgniter.php(361): CodeIgniter\CodeIgniter->handleRequest()
#9 C:\Users\masiero.christian\Desktop\UniServerZ\www\ci4\public\index.php(79): CodeIgniter\CodeIgniter->run()
#10 {main}
CRITICAL - 2024-05-24 10:38:53 --> CodeIgniter\Database\Exceptions\DatabaseException: Cannot add or update a child row: a foreign key constraint fails (`comune_in_ascolto`.`utenti`, CONSTRAINT `fk_ComuneResidenza` FOREIGN KEY (`ComuneResidenza`) REFERENCES `gi_comuni` (`nomeComune`))
in SYSTEMPATH\Database\BaseConnection.php on line 647.
 1 SYSTEMPATH\Database\BaseBuilder.php(2469): CodeIgniter\Database\BaseConnection->query()
 2 APPPATH\Models\UtentiModel.php(52): CodeIgniter\Database\BaseBuilder->update()
 3 APPPATH\Controllers\Utenti.php(104): App\Models\UtentiModel->updateUserInfo()
 4 SYSTEMPATH\CodeIgniter.php(941): App\Controllers\Utenti->modificaDati()
 5 SYSTEMPATH\CodeIgniter.php(502): CodeIgniter\CodeIgniter->runController()
 6 SYSTEMPATH\CodeIgniter.php(361): CodeIgniter\CodeIgniter->handleRequest()
 7 FCPATH\index.php(79): CodeIgniter\CodeIgniter->run()
CRITICAL - 2024-05-24 10:38:53 --> [Caused by] CodeIgniter\Database\Exceptions\DatabaseException: Cannot add or update a child row: a foreign key constraint fails (`comune_in_ascolto`.`utenti`, CONSTRAINT `fk_ComuneResidenza` FOREIGN KEY (`ComuneResidenza`) REFERENCES `gi_comuni` (`nomeComune`))
in SYSTEMPATH\Database\MySQLi\Connection.php on line 311.
 1 SYSTEMPATH\Database\BaseConnection.php(693): CodeIgniter\Database\MySQLi\Connection->execute()
 2 SYSTEMPATH\Database\BaseConnection.php(607): CodeIgniter\Database\BaseConnection->simpleQuery()
 3 SYSTEMPATH\Database\BaseBuilder.php(2469): CodeIgniter\Database\BaseConnection->query()
 4 APPPATH\Models\UtentiModel.php(52): CodeIgniter\Database\BaseBuilder->update()
 5 APPPATH\Controllers\Utenti.php(104): App\Models\UtentiModel->updateUserInfo()
 6 SYSTEMPATH\CodeIgniter.php(941): App\Controllers\Utenti->modificaDati()
 7 SYSTEMPATH\CodeIgniter.php(502): CodeIgniter\CodeIgniter->runController()
 8 SYSTEMPATH\CodeIgniter.php(361): CodeIgniter\CodeIgniter->handleRequest()
 9 FCPATH\index.php(79): CodeIgniter\CodeIgniter->run()
CRITICAL - 2024-05-24 10:38:53 --> [Caused by] mysqli_sql_exception: Cannot add or update a child row: a foreign key constraint fails (`comune_in_ascolto`.`utenti`, CONSTRAINT `fk_ComuneResidenza` FOREIGN KEY (`ComuneResidenza`) REFERENCES `gi_comuni` (`nomeComune`))
in SYSTEMPATH\Database\MySQLi\Connection.php on line 306.
 1 SYSTEMPATH\Database\MySQLi\Connection.php(306): mysqli->query()
 2 SYSTEMPATH\Database\BaseConnection.php(693): CodeIgniter\Database\MySQLi\Connection->execute()
 3 SYSTEMPATH\Database\BaseConnection.php(607): CodeIgniter\Database\BaseConnection->simpleQuery()
 4 SYSTEMPATH\Database\BaseBuilder.php(2469): CodeIgniter\Database\BaseConnection->query()
 5 APPPATH\Models\UtentiModel.php(52): CodeIgniter\Database\BaseBuilder->update()
 6 APPPATH\Controllers\Utenti.php(104): App\Models\UtentiModel->updateUserInfo()
 7 SYSTEMPATH\CodeIgniter.php(941): App\Controllers\Utenti->modificaDati()
 8 SYSTEMPATH\CodeIgniter.php(502): CodeIgniter\CodeIgniter->runController()
 9 SYSTEMPATH\CodeIgniter.php(361): CodeIgniter\CodeIgniter->handleRequest()
10 FCPATH\index.php(79): CodeIgniter\CodeIgniter->run()
INFO - 2024-05-24 10:43:49 --> Session: Class initialized using 'CodeIgniter\Session\Handlers\FileHandler' driver.
WARNING - 2024-05-24 10:43:49 --> [DEPRECATED] Creation of dynamic property App\Controllers\Utenti::$session is deprecated in APPPATH\Controllers\BaseController.php on line 61.
 1 SYSTEMPATH\CodeIgniter.php(914): App\Controllers\BaseController->initController(Object(CodeIgniter\HTTP\IncomingRequest), Object(CodeIgniter\HTTP\Response), Object(CodeIgniter\Log\Logger))
 2 SYSTEMPATH\CodeIgniter.php(493): CodeIgniter\CodeIgniter->createController()
 3 SYSTEMPATH\CodeIgniter.php(361): CodeIgniter\CodeIgniter->handleRequest(null, Object(Config\Cache), false)
 4 FCPATH\index.php(79): CodeIgniter\CodeIgniter->run()
INFO - 2024-05-24 10:43:57 --> Session: Class initialized using 'CodeIgniter\Session\Handlers\FileHandler' driver.
WARNING - 2024-05-24 10:43:57 --> [DEPRECATED] Creation of dynamic property App\Controllers\Utenti::$session is deprecated in APPPATH\Controllers\BaseController.php on line 61.
 1 SYSTEMPATH\CodeIgniter.php(914): App\Controllers\BaseController->initController(Object(CodeIgniter\HTTP\IncomingRequest), Object(CodeIgniter\HTTP\Response), Object(CodeIgniter\Log\Logger))
 2 SYSTEMPATH\CodeIgniter.php(493): CodeIgniter\CodeIgniter->createController()
 3 SYSTEMPATH\CodeIgniter.php(361): CodeIgniter\CodeIgniter->handleRequest(null, Object(Config\Cache), false)
 4 FCPATH\index.php(79): CodeIgniter\CodeIgniter->run()
INFO - 2024-05-24 10:43:59 --> Session: Class initialized using 'CodeIgniter\Session\Handlers\FileHandler' driver.
WARNING - 2024-05-24 10:43:59 --> [DEPRECATED] Creation of dynamic property App\Controllers\Utenti::$session is deprecated in APPPATH\Controllers\BaseController.php on line 61.
 1 SYSTEMPATH\CodeIgniter.php(914): App\Controllers\BaseController->initController(Object(CodeIgniter\HTTP\IncomingRequest), Object(CodeIgniter\HTTP\Response), Object(CodeIgniter\Log\Logger))
 2 SYSTEMPATH\CodeIgniter.php(493): CodeIgniter\CodeIgniter->createController()
 3 SYSTEMPATH\CodeIgniter.php(361): CodeIgniter\CodeIgniter->handleRequest(null, Object(Config\Cache), false)
 4 FCPATH\index.php(79): CodeIgniter\CodeIgniter->run()
INFO - 2024-05-24 11:08:41 --> Session: Class initialized using 'CodeIgniter\Session\Handlers\FileHandler' driver.
WARNING - 2024-05-24 11:08:41 --> [DEPRECATED] Creation of dynamic property App\Controllers\Utenti::$session is deprecated in APPPATH\Controllers\BaseController.php on line 61.
 1 SYSTEMPATH\CodeIgniter.php(914): App\Controllers\BaseController->initController(Object(CodeIgniter\HTTP\IncomingRequest), Object(CodeIgniter\HTTP\Response), Object(CodeIgniter\Log\Logger))
 2 SYSTEMPATH\CodeIgniter.php(493): CodeIgniter\CodeIgniter->createController()
 3 SYSTEMPATH\CodeIgniter.php(361): CodeIgniter\CodeIgniter->handleRequest(null, Object(Config\Cache), false)
 4 FCPATH\index.php(79): CodeIgniter\CodeIgniter->run()
INFO - 2024-05-24 11:08:51 --> Session: Class initialized using 'CodeIgniter\Session\Handlers\FileHandler' driver.
WARNING - 2024-05-24 11:08:51 --> [DEPRECATED] Creation of dynamic property App\Controllers\Segnalazioni::$session is deprecated in APPPATH\Controllers\BaseController.php on line 61.
 1 SYSTEMPATH\CodeIgniter.php(914): App\Controllers\BaseController->initController(Object(CodeIgniter\HTTP\IncomingRequest), Object(CodeIgniter\HTTP\Response), Object(CodeIgniter\Log\Logger))
 2 SYSTEMPATH\CodeIgniter.php(493): CodeIgniter\CodeIgniter->createController()
 3 SYSTEMPATH\CodeIgniter.php(361): CodeIgniter\CodeIgniter->handleRequest(null, Object(Config\Cache), false)
 4 FCPATH\index.php(79): CodeIgniter\CodeIgniter->run()
INFO - 2024-05-24 11:08:55 --> Session: Class initialized using 'CodeIgniter\Session\Handlers\FileHandler' driver.
WARNING - 2024-05-24 11:08:55 --> [DEPRECATED] Creation of dynamic property App\Controllers\Utenti::$session is deprecated in APPPATH\Controllers\BaseController.php on line 61.
 1 SYSTEMPATH\CodeIgniter.php(914): App\Controllers\BaseController->initController(Object(CodeIgniter\HTTP\IncomingRequest), Object(CodeIgniter\HTTP\Response), Object(CodeIgniter\Log\Logger))
 2 SYSTEMPATH\CodeIgniter.php(493): CodeIgniter\CodeIgniter->createController()
 3 SYSTEMPATH\CodeIgniter.php(361): CodeIgniter\CodeIgniter->handleRequest(null, Object(Config\Cache), false)
 4 FCPATH\index.php(79): CodeIgniter\CodeIgniter->run()
ERROR - 2024-05-24 11:08:57 --> mysqli_sql_exception: Unknown column 'comune_residenza' in 'field list' in C:\Users\masiero.christian\Desktop\UniServerZ\www\ci4\system\Database\MySQLi\Connection.php:306
Stack trace:
#0 C:\Users\masiero.christian\Desktop\UniServerZ\www\ci4\system\Database\MySQLi\Connection.php(306): mysqli->query()
#1 C:\Users\masiero.christian\Desktop\UniServerZ\www\ci4\system\Database\BaseConnection.php(693): CodeIgniter\Database\MySQLi\Connection->execute()
#2 C:\Users\masiero.christian\Desktop\UniServerZ\www\ci4\system\Database\BaseConnection.php(607): CodeIgniter\Database\BaseConnection->simpleQuery()
#3 C:\Users\masiero.christian\Desktop\UniServerZ\www\ci4\system\Database\BaseBuilder.php(2469): CodeIgniter\Database\BaseConnection->query()
#4 C:\Users\masiero.christian\Desktop\UniServerZ\www\ci4\app\Models\UtentiModel.php(52): CodeIgniter\Database\BaseBuilder->update()
#5 C:\Users\masiero.christian\Desktop\UniServerZ\www\ci4\app\Controllers\Utenti.php(105): App\Models\UtentiModel->updateUserInfo()
#6 C:\Users\masiero.christian\Desktop\UniServerZ\www\ci4\system\CodeIgniter.php(941): App\Controllers\Utenti->modificaDati()
#7 C:\Users\masiero.christian\Desktop\UniServerZ\www\ci4\system\CodeIgniter.php(502): CodeIgniter\CodeIgniter->runController()
#8 C:\Users\masiero.christian\Desktop\UniServerZ\www\ci4\system\CodeIgniter.php(361): CodeIgniter\CodeIgniter->handleRequest()
#9 C:\Users\masiero.christian\Desktop\UniServerZ\www\ci4\public\index.php(79): CodeIgniter\CodeIgniter->run()
#10 {main}
CRITICAL - 2024-05-24 11:08:57 --> CodeIgniter\Database\Exceptions\DatabaseException: Unknown column 'comune_residenza' in 'field list'
in SYSTEMPATH\Database\BaseConnection.php on line 647.
 1 SYSTEMPATH\Database\BaseBuilder.php(2469): CodeIgniter\Database\BaseConnection->query()
 2 APPPATH\Models\UtentiModel.php(52): CodeIgniter\Database\BaseBuilder->update()
 3 APPPATH\Controllers\Utenti.php(105): App\Models\UtentiModel->updateUserInfo()
 4 SYSTEMPATH\CodeIgniter.php(941): App\Controllers\Utenti->modificaDati()
 5 SYSTEMPATH\CodeIgniter.php(502): CodeIgniter\CodeIgniter->runController()
 6 SYSTEMPATH\CodeIgniter.php(361): CodeIgniter\CodeIgniter->handleRequest()
 7 FCPATH\index.php(79): CodeIgniter\CodeIgniter->run()
CRITICAL - 2024-05-24 11:08:57 --> [Caused by] CodeIgniter\Database\Exceptions\DatabaseException: Unknown column 'comune_residenza' in 'field list'
in SYSTEMPATH\Database\MySQLi\Connection.php on line 311.
 1 SYSTEMPATH\Database\BaseConnection.php(693): CodeIgniter\Database\MySQLi\Connection->execute()
 2 SYSTEMPATH\Database\BaseConnection.php(607): CodeIgniter\Database\BaseConnection->simpleQuery()
 3 SYSTEMPATH\Database\BaseBuilder.php(2469): CodeIgniter\Database\BaseConnection->query()
 4 APPPATH\Models\UtentiModel.php(52): CodeIgniter\Database\BaseBuilder->update()
 5 APPPATH\Controllers\Utenti.php(105): App\Models\UtentiModel->updateUserInfo()
 6 SYSTEMPATH\CodeIgniter.php(941): App\Controllers\Utenti->modificaDati()
 7 SYSTEMPATH\CodeIgniter.php(502): CodeIgniter\CodeIgniter->runController()
 8 SYSTEMPATH\CodeIgniter.php(361): CodeIgniter\CodeIgniter->handleRequest()
 9 FCPATH\index.php(79): CodeIgniter\CodeIgniter->run()
CRITICAL - 2024-05-24 11:08:57 --> [Caused by] mysqli_sql_exception: Unknown column 'comune_residenza' in 'field list'
in SYSTEMPATH\Database\MySQLi\Connection.php on line 306.
 1 SYSTEMPATH\Database\MySQLi\Connection.php(306): mysqli->query()
 2 SYSTEMPATH\Database\BaseConnection.php(693): CodeIgniter\Database\MySQLi\Connection->execute()
 3 SYSTEMPATH\Database\BaseConnection.php(607): CodeIgniter\Database\BaseConnection->simpleQuery()
 4 SYSTEMPATH\Database\BaseBuilder.php(2469): CodeIgniter\Database\BaseConnection->query()
 5 APPPATH\Models\UtentiModel.php(52): CodeIgniter\Database\BaseBuilder->update()
 6 APPPATH\Controllers\Utenti.php(105): App\Models\UtentiModel->updateUserInfo()
 7 SYSTEMPATH\CodeIgniter.php(941): App\Controllers\Utenti->modificaDati()
 8 SYSTEMPATH\CodeIgniter.php(502): CodeIgniter\CodeIgniter->runController()
 9 SYSTEMPATH\CodeIgniter.php(361): CodeIgniter\CodeIgniter->handleRequest()
10 FCPATH\index.php(79): CodeIgniter\CodeIgniter->run()
INFO - 2024-05-24 11:10:00 --> Session: Class initialized using 'CodeIgniter\Session\Handlers\FileHandler' driver.
WARNING - 2024-05-24 11:10:00 --> [DEPRECATED] Creation of dynamic property App\Controllers\Utenti::$session is deprecated in APPPATH\Controllers\BaseController.php on line 61.
 1 SYSTEMPATH\CodeIgniter.php(914): App\Controllers\BaseController->initController(Object(CodeIgniter\HTTP\IncomingRequest), Object(CodeIgniter\HTTP\Response), Object(CodeIgniter\Log\Logger))
 2 SYSTEMPATH\CodeIgniter.php(493): CodeIgniter\CodeIgniter->createController()
 3 SYSTEMPATH\CodeIgniter.php(361): CodeIgniter\CodeIgniter->handleRequest(null, Object(Config\Cache), false)
 4 FCPATH\index.php(79): CodeIgniter\CodeIgniter->run()
ERROR - 2024-05-24 11:10:02 --> mysqli_sql_exception: Unknown column 'comune_residenza' in 'field list' in C:\Users\masiero.christian\Desktop\UniServerZ\www\ci4\system\Database\MySQLi\Connection.php:306
Stack trace:
#0 C:\Users\masiero.christian\Desktop\UniServerZ\www\ci4\system\Database\MySQLi\Connection.php(306): mysqli->query()
#1 C:\Users\masiero.christian\Desktop\UniServerZ\www\ci4\system\Database\BaseConnection.php(693): CodeIgniter\Database\MySQLi\Connection->execute()
#2 C:\Users\masiero.christian\Desktop\UniServerZ\www\ci4\system\Database\BaseConnection.php(607): CodeIgniter\Database\BaseConnection->simpleQuery()
#3 C:\Users\masiero.christian\Desktop\UniServerZ\www\ci4\system\Database\BaseBuilder.php(2469): CodeIgniter\Database\BaseConnection->query()
#4 C:\Users\masiero.christian\Desktop\UniServerZ\www\ci4\app\Models\UtentiModel.php(52): CodeIgniter\Database\BaseBuilder->update()
#5 C:\Users\masiero.christian\Desktop\UniServerZ\www\ci4\app\Controllers\Utenti.php(105): App\Models\UtentiModel->updateUserInfo()
#6 C:\Users\masiero.christian\Desktop\UniServerZ\www\ci4\system\CodeIgniter.php(941): App\Controllers\Utenti->modificaDati()
#7 C:\Users\masiero.christian\Desktop\UniServerZ\www\ci4\system\CodeIgniter.php(502): CodeIgniter\CodeIgniter->runController()
#8 C:\Users\masiero.christian\Desktop\UniServerZ\www\ci4\system\CodeIgniter.php(361): CodeIgniter\CodeIgniter->handleRequest()
#9 C:\Users\masiero.christian\Desktop\UniServerZ\www\ci4\public\index.php(79): CodeIgniter\CodeIgniter->run()
#10 {main}
CRITICAL - 2024-05-24 11:10:02 --> CodeIgniter\Database\Exceptions\DatabaseException: Unknown column 'comune_residenza' in 'field list'
in SYSTEMPATH\Database\BaseConnection.php on line 647.
 1 SYSTEMPATH\Database\BaseBuilder.php(2469): CodeIgniter\Database\BaseConnection->query()
 2 APPPATH\Models\UtentiModel.php(52): CodeIgniter\Database\BaseBuilder->update()
 3 APPPATH\Controllers\Utenti.php(105): App\Models\UtentiModel->updateUserInfo()
 4 SYSTEMPATH\CodeIgniter.php(941): App\Controllers\Utenti->modificaDati()
 5 SYSTEMPATH\CodeIgniter.php(502): CodeIgniter\CodeIgniter->runController()
 6 SYSTEMPATH\CodeIgniter.php(361): CodeIgniter\CodeIgniter->handleRequest()
 7 FCPATH\index.php(79): CodeIgniter\CodeIgniter->run()
CRITICAL - 2024-05-24 11:10:02 --> [Caused by] CodeIgniter\Database\Exceptions\DatabaseException: Unknown column 'comune_residenza' in 'field list'
in SYSTEMPATH\Database\MySQLi\Connection.php on line 311.
 1 SYSTEMPATH\Database\BaseConnection.php(693): CodeIgniter\Database\MySQLi\Connection->execute()
 2 SYSTEMPATH\Database\BaseConnection.php(607): CodeIgniter\Database\BaseConnection->simpleQuery()
 3 SYSTEMPATH\Database\BaseBuilder.php(2469): CodeIgniter\Database\BaseConnection->query()
 4 APPPATH\Models\UtentiModel.php(52): CodeIgniter\Database\BaseBuilder->update()
 5 APPPATH\Controllers\Utenti.php(105): App\Models\UtentiModel->updateUserInfo()
 6 SYSTEMPATH\CodeIgniter.php(941): App\Controllers\Utenti->modificaDati()
 7 SYSTEMPATH\CodeIgniter.php(502): CodeIgniter\CodeIgniter->runController()
 8 SYSTEMPATH\CodeIgniter.php(361): CodeIgniter\CodeIgniter->handleRequest()
 9 FCPATH\index.php(79): CodeIgniter\CodeIgniter->run()
CRITICAL - 2024-05-24 11:10:02 --> [Caused by] mysqli_sql_exception: Unknown column 'comune_residenza' in 'field list'
in SYSTEMPATH\Database\MySQLi\Connection.php on line 306.
 1 SYSTEMPATH\Database\MySQLi\Connection.php(306): mysqli->query()
 2 SYSTEMPATH\Database\BaseConnection.php(693): CodeIgniter\Database\MySQLi\Connection->execute()
 3 SYSTEMPATH\Database\BaseConnection.php(607): CodeIgniter\Database\BaseConnection->simpleQuery()
 4 SYSTEMPATH\Database\BaseBuilder.php(2469): CodeIgniter\Database\BaseConnection->query()
 5 APPPATH\Models\UtentiModel.php(52): CodeIgniter\Database\BaseBuilder->update()
 6 APPPATH\Controllers\Utenti.php(105): App\Models\UtentiModel->updateUserInfo()
 7 SYSTEMPATH\CodeIgniter.php(941): App\Controllers\Utenti->modificaDati()
 8 SYSTEMPATH\CodeIgniter.php(502): CodeIgniter\CodeIgniter->runController()
 9 SYSTEMPATH\CodeIgniter.php(361): CodeIgniter\CodeIgniter->handleRequest()
10 FCPATH\index.php(79): CodeIgniter\CodeIgniter->run()
INFO - 2024-05-24 11:10:05 --> Session: Class initialized using 'CodeIgniter\Session\Handlers\FileHandler' driver.
WARNING - 2024-05-24 11:10:05 --> [DEPRECATED] Creation of dynamic property App\Controllers\Utenti::$session is deprecated in APPPATH\Controllers\BaseController.php on line 61.
 1 SYSTEMPATH\CodeIgniter.php(914): App\Controllers\BaseController->initController(Object(CodeIgniter\HTTP\IncomingRequest), Object(CodeIgniter\HTTP\Response), Object(CodeIgniter\Log\Logger))
 2 SYSTEMPATH\CodeIgniter.php(493): CodeIgniter\CodeIgniter->createController()
 3 SYSTEMPATH\CodeIgniter.php(361): CodeIgniter\CodeIgniter->handleRequest(null, Object(Config\Cache), false)
 4 FCPATH\index.php(79): CodeIgniter\CodeIgniter->run()
INFO - 2024-05-24 11:10:12 --> Session: Class initialized using 'CodeIgniter\Session\Handlers\FileHandler' driver.
WARNING - 2024-05-24 11:10:12 --> [DEPRECATED] Creation of dynamic property App\Controllers\Segnalazioni::$session is deprecated in APPPATH\Controllers\BaseController.php on line 61.
 1 SYSTEMPATH\CodeIgniter.php(914): App\Controllers\BaseController->initController(Object(CodeIgniter\HTTP\IncomingRequest), Object(CodeIgniter\HTTP\Response), Object(CodeIgniter\Log\Logger))
 2 SYSTEMPATH\CodeIgniter.php(493): CodeIgniter\CodeIgniter->createController()
 3 SYSTEMPATH\CodeIgniter.php(361): CodeIgniter\CodeIgniter->handleRequest(null, Object(Config\Cache), false)
 4 FCPATH\index.php(79): CodeIgniter\CodeIgniter->run()
INFO - 2024-05-24 11:10:15 --> Session: Class initialized using 'CodeIgniter\Session\Handlers\FileHandler' driver.
WARNING - 2024-05-24 11:10:15 --> [DEPRECATED] Creation of dynamic property App\Controllers\Utenti::$session is deprecated in APPPATH\Controllers\BaseController.php on line 61.
 1 SYSTEMPATH\CodeIgniter.php(914): App\Controllers\BaseController->initController(Object(CodeIgniter\HTTP\IncomingRequest), Object(CodeIgniter\HTTP\Response), Object(CodeIgniter\Log\Logger))
 2 SYSTEMPATH\CodeIgniter.php(493): CodeIgniter\CodeIgniter->createController()
 3 SYSTEMPATH\CodeIgniter.php(361): CodeIgniter\CodeIgniter->handleRequest(null, Object(Config\Cache), false)
 4 FCPATH\index.php(79): CodeIgniter\CodeIgniter->run()
ERROR - 2024-05-24 11:10:17 --> mysqli_sql_exception: Unknown column 'comune_residenza' in 'field list' in C:\Users\masiero.christian\Desktop\UniServerZ\www\ci4\system\Database\MySQLi\Connection.php:306
Stack trace:
#0 C:\Users\masiero.christian\Desktop\UniServerZ\www\ci4\system\Database\MySQLi\Connection.php(306): mysqli->query()
#1 C:\Users\masiero.christian\Desktop\UniServerZ\www\ci4\system\Database\BaseConnection.php(693): CodeIgniter\Database\MySQLi\Connection->execute()
#2 C:\Users\masiero.christian\Desktop\UniServerZ\www\ci4\system\Database\BaseConnection.php(607): CodeIgniter\Database\BaseConnection->simpleQuery()
#3 C:\Users\masiero.christian\Desktop\UniServerZ\www\ci4\system\Database\BaseBuilder.php(2469): CodeIgniter\Database\BaseConnection->query()
#4 C:\Users\masiero.christian\Desktop\UniServerZ\www\ci4\app\Models\UtentiModel.php(52): CodeIgniter\Database\BaseBuilder->update()
#5 C:\Users\masiero.christian\Desktop\UniServerZ\www\ci4\app\Controllers\Utenti.php(105): App\Models\UtentiModel->updateUserInfo()
#6 C:\Users\masiero.christian\Desktop\UniServerZ\www\ci4\system\CodeIgniter.php(941): App\Controllers\Utenti->modificaDati()
#7 C:\Users\masiero.christian\Desktop\UniServerZ\www\ci4\system\CodeIgniter.php(502): CodeIgniter\CodeIgniter->runController()
#8 C:\Users\masiero.christian\Desktop\UniServerZ\www\ci4\system\CodeIgniter.php(361): CodeIgniter\CodeIgniter->handleRequest()
#9 C:\Users\masiero.christian\Desktop\UniServerZ\www\ci4\public\index.php(79): CodeIgniter\CodeIgniter->run()
#10 {main}
CRITICAL - 2024-05-24 11:10:17 --> CodeIgniter\Database\Exceptions\DatabaseException: Unknown column 'comune_residenza' in 'field list'
in SYSTEMPATH\Database\BaseConnection.php on line 647.
 1 SYSTEMPATH\Database\BaseBuilder.php(2469): CodeIgniter\Database\BaseConnection->query()
 2 APPPATH\Models\UtentiModel.php(52): CodeIgniter\Database\BaseBuilder->update()
 3 APPPATH\Controllers\Utenti.php(105): App\Models\UtentiModel->updateUserInfo()
 4 SYSTEMPATH\CodeIgniter.php(941): App\Controllers\Utenti->modificaDati()
 5 SYSTEMPATH\CodeIgniter.php(502): CodeIgniter\CodeIgniter->runController()
 6 SYSTEMPATH\CodeIgniter.php(361): CodeIgniter\CodeIgniter->handleRequest()
 7 FCPATH\index.php(79): CodeIgniter\CodeIgniter->run()
CRITICAL - 2024-05-24 11:10:17 --> [Caused by] CodeIgniter\Database\Exceptions\DatabaseException: Unknown column 'comune_residenza' in 'field list'
in SYSTEMPATH\Database\MySQLi\Connection.php on line 311.
 1 SYSTEMPATH\Database\BaseConnection.php(693): CodeIgniter\Database\MySQLi\Connection->execute()
 2 SYSTEMPATH\Database\BaseConnection.php(607): CodeIgniter\Database\BaseConnection->simpleQuery()
 3 SYSTEMPATH\Database\BaseBuilder.php(2469): CodeIgniter\Database\BaseConnection->query()
 4 APPPATH\Models\UtentiModel.php(52): CodeIgniter\Database\BaseBuilder->update()
 5 APPPATH\Controllers\Utenti.php(105): App\Models\UtentiModel->updateUserInfo()
 6 SYSTEMPATH\CodeIgniter.php(941): App\Controllers\Utenti->modificaDati()
 7 SYSTEMPATH\CodeIgniter.php(502): CodeIgniter\CodeIgniter->runController()
 8 SYSTEMPATH\CodeIgniter.php(361): CodeIgniter\CodeIgniter->handleRequest()
 9 FCPATH\index.php(79): CodeIgniter\CodeIgniter->run()
CRITICAL - 2024-05-24 11:10:17 --> [Caused by] mysqli_sql_exception: Unknown column 'comune_residenza' in 'field list'
in SYSTEMPATH\Database\MySQLi\Connection.php on line 306.
 1 SYSTEMPATH\Database\MySQLi\Connection.php(306): mysqli->query()
 2 SYSTEMPATH\Database\BaseConnection.php(693): CodeIgniter\Database\MySQLi\Connection->execute()
 3 SYSTEMPATH\Database\BaseConnection.php(607): CodeIgniter\Database\BaseConnection->simpleQuery()
 4 SYSTEMPATH\Database\BaseBuilder.php(2469): CodeIgniter\Database\BaseConnection->query()
 5 APPPATH\Models\UtentiModel.php(52): CodeIgniter\Database\BaseBuilder->update()
 6 APPPATH\Controllers\Utenti.php(105): App\Models\UtentiModel->updateUserInfo()
 7 SYSTEMPATH\CodeIgniter.php(941): App\Controllers\Utenti->modificaDati()
 8 SYSTEMPATH\CodeIgniter.php(502): CodeIgniter\CodeIgniter->runController()
 9 SYSTEMPATH\CodeIgniter.php(361): CodeIgniter\CodeIgniter->handleRequest()
10 FCPATH\index.php(79): CodeIgniter\CodeIgniter->run()
INFO - 2024-05-24 11:11:35 --> Session: Class initialized using 'CodeIgniter\Session\Handlers\FileHandler' driver.
WARNING - 2024-05-24 11:11:35 --> [DEPRECATED] Creation of dynamic property App\Controllers\Utenti::$session is deprecated in APPPATH\Controllers\BaseController.php on line 61.
 1 SYSTEMPATH\CodeIgniter.php(914): App\Controllers\BaseController->initController(Object(CodeIgniter\HTTP\IncomingRequest), Object(CodeIgniter\HTTP\Response), Object(CodeIgniter\Log\Logger))
 2 SYSTEMPATH\CodeIgniter.php(493): CodeIgniter\CodeIgniter->createController()
 3 SYSTEMPATH\CodeIgniter.php(361): CodeIgniter\CodeIgniter->handleRequest(null, Object(Config\Cache), false)
 4 FCPATH\index.php(79): CodeIgniter\CodeIgniter->run()
INFO - 2024-05-24 11:11:38 --> Session: Class initialized using 'CodeIgniter\Session\Handlers\FileHandler' driver.
WARNING - 2024-05-24 11:11:38 --> [DEPRECATED] Creation of dynamic property App\Controllers\Home::$session is deprecated in APPPATH\Controllers\BaseController.php on line 61.
 1 SYSTEMPATH\CodeIgniter.php(914): App\Controllers\BaseController->initController(Object(CodeIgniter\HTTP\IncomingRequest), Object(CodeIgniter\HTTP\Response), Object(CodeIgniter\Log\Logger))
 2 SYSTEMPATH\CodeIgniter.php(493): CodeIgniter\CodeIgniter->createController()
 3 SYSTEMPATH\CodeIgniter.php(361): CodeIgniter\CodeIgniter->handleRequest(null, Object(Config\Cache), false)
 4 FCPATH\index.php(79): CodeIgniter\CodeIgniter->run()
INFO - 2024-05-24 11:11:44 --> Session: Class initialized using 'CodeIgniter\Session\Handlers\FileHandler' driver.
WARNING - 2024-05-24 11:11:44 --> [DEPRECATED] Creation of dynamic property App\Controllers\Utenti::$session is deprecated in APPPATH\Controllers\BaseController.php on line 61.
 1 SYSTEMPATH\CodeIgniter.php(914): App\Controllers\BaseController->initController(Object(CodeIgniter\HTTP\IncomingRequest), Object(CodeIgniter\HTTP\Response), Object(CodeIgniter\Log\Logger))
 2 SYSTEMPATH\CodeIgniter.php(493): CodeIgniter\CodeIgniter->createController()
 3 SYSTEMPATH\CodeIgniter.php(361): CodeIgniter\CodeIgniter->handleRequest(null, Object(Config\Cache), false)
 4 FCPATH\index.php(79): CodeIgniter\CodeIgniter->run()
INFO - 2024-05-24 11:11:49 --> Session: Class initialized using 'CodeIgniter\Session\Handlers\FileHandler' driver.
WARNING - 2024-05-24 11:11:49 --> [DEPRECATED] Creation of dynamic property App\Controllers\Segnalazioni::$session is deprecated in APPPATH\Controllers\BaseController.php on line 61.
 1 SYSTEMPATH\CodeIgniter.php(914): App\Controllers\BaseController->initController(Object(CodeIgniter\HTTP\IncomingRequest), Object(CodeIgniter\HTTP\Response), Object(CodeIgniter\Log\Logger))
 2 SYSTEMPATH\CodeIgniter.php(493): CodeIgniter\CodeIgniter->createController()
 3 SYSTEMPATH\CodeIgniter.php(361): CodeIgniter\CodeIgniter->handleRequest(null, Object(Config\Cache), false)
 4 FCPATH\index.php(79): CodeIgniter\CodeIgniter->run()
INFO - 2024-05-24 11:11:51 --> Session: Class initialized using 'CodeIgniter\Session\Handlers\FileHandler' driver.
WARNING - 2024-05-24 11:11:51 --> [DEPRECATED] Creation of dynamic property App\Controllers\Segnalazioni::$session is deprecated in APPPATH\Controllers\BaseController.php on line 61.
 1 SYSTEMPATH\CodeIgniter.php(914): App\Controllers\BaseController->initController(Object(CodeIgniter\HTTP\IncomingRequest), Object(CodeIgniter\HTTP\Response), Object(CodeIgniter\Log\Logger))
 2 SYSTEMPATH\CodeIgniter.php(493): CodeIgniter\CodeIgniter->createController()
 3 SYSTEMPATH\CodeIgniter.php(361): CodeIgniter\CodeIgniter->handleRequest(null, Object(Config\Cache), false)
 4 FCPATH\index.php(79): CodeIgniter\CodeIgniter->run()
INFO - 2024-05-24 11:11:55 --> Session: Class initialized using 'CodeIgniter\Session\Handlers\FileHandler' driver.
WARNING - 2024-05-24 11:11:55 --> [DEPRECATED] Creation of dynamic property App\Controllers\Utenti::$session is deprecated in APPPATH\Controllers\BaseController.php on line 61.
 1 SYSTEMPATH\CodeIgniter.php(914): App\Controllers\BaseController->initController(Object(CodeIgniter\HTTP\IncomingRequest), Object(CodeIgniter\HTTP\Response), Object(CodeIgniter\Log\Logger))
 2 SYSTEMPATH\CodeIgniter.php(493): CodeIgniter\CodeIgniter->createController()
 3 SYSTEMPATH\CodeIgniter.php(361): CodeIgniter\CodeIgniter->handleRequest(null, Object(Config\Cache), false)
 4 FCPATH\index.php(79): CodeIgniter\CodeIgniter->run()
ERROR - 2024-05-24 11:11:57 --> mysqli_sql_exception: Unknown column 'comune_residenza' in 'field list' in C:\Users\masiero.christian\Desktop\UniServerZ\www\ci4\system\Database\MySQLi\Connection.php:306
Stack trace:
#0 C:\Users\masiero.christian\Desktop\UniServerZ\www\ci4\system\Database\MySQLi\Connection.php(306): mysqli->query()
#1 C:\Users\masiero.christian\Desktop\UniServerZ\www\ci4\system\Database\BaseConnection.php(693): CodeIgniter\Database\MySQLi\Connection->execute()
#2 C:\Users\masiero.christian\Desktop\UniServerZ\www\ci4\system\Database\BaseConnection.php(607): CodeIgniter\Database\BaseConnection->simpleQuery()
#3 C:\Users\masiero.christian\Desktop\UniServerZ\www\ci4\system\Database\BaseBuilder.php(2469): CodeIgniter\Database\BaseConnection->query()
#4 C:\Users\masiero.christian\Desktop\UniServerZ\www\ci4\app\Models\UtentiModel.php(52): CodeIgniter\Database\BaseBuilder->update()
#5 C:\Users\masiero.christian\Desktop\UniServerZ\www\ci4\app\Controllers\Utenti.php(105): App\Models\UtentiModel->updateUserInfo()
#6 C:\Users\masiero.christian\Desktop\UniServerZ\www\ci4\system\CodeIgniter.php(941): App\Controllers\Utenti->modificaDati()
#7 C:\Users\masiero.christian\Desktop\UniServerZ\www\ci4\system\CodeIgniter.php(502): CodeIgniter\CodeIgniter->runController()
#8 C:\Users\masiero.christian\Desktop\UniServerZ\www\ci4\system\CodeIgniter.php(361): CodeIgniter\CodeIgniter->handleRequest()
#9 C:\Users\masiero.christian\Desktop\UniServerZ\www\ci4\public\index.php(79): CodeIgniter\CodeIgniter->run()
#10 {main}
CRITICAL - 2024-05-24 11:11:57 --> CodeIgniter\Database\Exceptions\DatabaseException: Unknown column 'comune_residenza' in 'field list'
in SYSTEMPATH\Database\BaseConnection.php on line 647.
 1 SYSTEMPATH\Database\BaseBuilder.php(2469): CodeIgniter\Database\BaseConnection->query()
 2 APPPATH\Models\UtentiModel.php(52): CodeIgniter\Database\BaseBuilder->update()
 3 APPPATH\Controllers\Utenti.php(105): App\Models\UtentiModel->updateUserInfo()
 4 SYSTEMPATH\CodeIgniter.php(941): App\Controllers\Utenti->modificaDati()
 5 SYSTEMPATH\CodeIgniter.php(502): CodeIgniter\CodeIgniter->runController()
 6 SYSTEMPATH\CodeIgniter.php(361): CodeIgniter\CodeIgniter->handleRequest()
 7 FCPATH\index.php(79): CodeIgniter\CodeIgniter->run()
CRITICAL - 2024-05-24 11:11:57 --> [Caused by] CodeIgniter\Database\Exceptions\DatabaseException: Unknown column 'comune_residenza' in 'field list'
in SYSTEMPATH\Database\MySQLi\Connection.php on line 311.
 1 SYSTEMPATH\Database\BaseConnection.php(693): CodeIgniter\Database\MySQLi\Connection->execute()
 2 SYSTEMPATH\Database\BaseConnection.php(607): CodeIgniter\Database\BaseConnection->simpleQuery()
 3 SYSTEMPATH\Database\BaseBuilder.php(2469): CodeIgniter\Database\BaseConnection->query()
 4 APPPATH\Models\UtentiModel.php(52): CodeIgniter\Database\BaseBuilder->update()
 5 APPPATH\Controllers\Utenti.php(105): App\Models\UtentiModel->updateUserInfo()
 6 SYSTEMPATH\CodeIgniter.php(941): App\Controllers\Utenti->modificaDati()
 7 SYSTEMPATH\CodeIgniter.php(502): CodeIgniter\CodeIgniter->runController()
 8 SYSTEMPATH\CodeIgniter.php(361): CodeIgniter\CodeIgniter->handleRequest()
 9 FCPATH\index.php(79): CodeIgniter\CodeIgniter->run()
CRITICAL - 2024-05-24 11:11:57 --> [Caused by] mysqli_sql_exception: Unknown column 'comune_residenza' in 'field list'
in SYSTEMPATH\Database\MySQLi\Connection.php on line 306.
 1 SYSTEMPATH\Database\MySQLi\Connection.php(306): mysqli->query()
 2 SYSTEMPATH\Database\BaseConnection.php(693): CodeIgniter\Database\MySQLi\Connection->execute()
 3 SYSTEMPATH\Database\BaseConnection.php(607): CodeIgniter\Database\BaseConnection->simpleQuery()
 4 SYSTEMPATH\Database\BaseBuilder.php(2469): CodeIgniter\Database\BaseConnection->query()
 5 APPPATH\Models\UtentiModel.php(52): CodeIgniter\Database\BaseBuilder->update()
 6 APPPATH\Controllers\Utenti.php(105): App\Models\UtentiModel->updateUserInfo()
 7 SYSTEMPATH\CodeIgniter.php(941): App\Controllers\Utenti->modificaDati()
 8 SYSTEMPATH\CodeIgniter.php(502): CodeIgniter\CodeIgniter->runController()
 9 SYSTEMPATH\CodeIgniter.php(361): CodeIgniter\CodeIgniter->handleRequest()
10 FCPATH\index.php(79): CodeIgniter\CodeIgniter->run()
INFO - 2024-05-24 11:13:07 --> Session: Class initialized using 'CodeIgniter\Session\Handlers\FileHandler' driver.
WARNING - 2024-05-24 11:13:07 --> [DEPRECATED] Creation of dynamic property App\Controllers\Utenti::$session is deprecated in APPPATH\Controllers\BaseController.php on line 61.
 1 SYSTEMPATH\CodeIgniter.php(914): App\Controllers\BaseController->initController(Object(CodeIgniter\HTTP\IncomingRequest), Object(CodeIgniter\HTTP\Response), Object(CodeIgniter\Log\Logger))
 2 SYSTEMPATH\CodeIgniter.php(493): CodeIgniter\CodeIgniter->createController()
 3 SYSTEMPATH\CodeIgniter.php(361): CodeIgniter\CodeIgniter->handleRequest(null, Object(Config\Cache), false)
 4 FCPATH\index.php(79): CodeIgniter\CodeIgniter->run()
ERROR - 2024-05-24 11:13:09 --> mysqli_sql_exception: Cannot add or update a child row: a foreign key constraint fails (`comune_in_ascolto`.`utenti`, CONSTRAINT `fk_ComuneResidenza` FOREIGN KEY (`ComuneResidenza`) REFERENCES `gi_comuni` (`nomeComune`)) in C:\Users\masiero.christian\Desktop\UniServerZ\www\ci4\system\Database\MySQLi\Connection.php:306
Stack trace:
#0 C:\Users\masiero.christian\Desktop\UniServerZ\www\ci4\system\Database\MySQLi\Connection.php(306): mysqli->query()
#1 C:\Users\masiero.christian\Desktop\UniServerZ\www\ci4\system\Database\BaseConnection.php(693): CodeIgniter\Database\MySQLi\Connection->execute()
#2 C:\Users\masiero.christian\Desktop\UniServerZ\www\ci4\system\Database\BaseConnection.php(607): CodeIgniter\Database\BaseConnection->simpleQuery()
#3 C:\Users\masiero.christian\Desktop\UniServerZ\www\ci4\system\Database\BaseBuilder.php(2469): CodeIgniter\Database\BaseConnection->query()
#4 C:\Users\masiero.christian\Desktop\UniServerZ\www\ci4\app\Models\UtentiModel.php(52): CodeIgniter\Database\BaseBuilder->update()
#5 C:\Users\masiero.christian\Desktop\UniServerZ\www\ci4\app\Controllers\Utenti.php(105): App\Models\UtentiModel->updateUserInfo()
#6 C:\Users\masiero.christian\Desktop\UniServerZ\www\ci4\system\CodeIgniter.php(941): App\Controllers\Utenti->modificaDati()
#7 C:\Users\masiero.christian\Desktop\UniServerZ\www\ci4\system\CodeIgniter.php(502): CodeIgniter\CodeIgniter->runController()
#8 C:\Users\masiero.christian\Desktop\UniServerZ\www\ci4\system\CodeIgniter.php(361): CodeIgniter\CodeIgniter->handleRequest()
#9 C:\Users\masiero.christian\Desktop\UniServerZ\www\ci4\public\index.php(79): CodeIgniter\CodeIgniter->run()
#10 {main}
CRITICAL - 2024-05-24 11:13:09 --> CodeIgniter\Database\Exceptions\DatabaseException: Cannot add or update a child row: a foreign key constraint fails (`comune_in_ascolto`.`utenti`, CONSTRAINT `fk_ComuneResidenza` FOREIGN KEY (`ComuneResidenza`) REFERENCES `gi_comuni` (`nomeComune`))
in SYSTEMPATH\Database\BaseConnection.php on line 647.
 1 SYSTEMPATH\Database\BaseBuilder.php(2469): CodeIgniter\Database\BaseConnection->query()
 2 APPPATH\Models\UtentiModel.php(52): CodeIgniter\Database\BaseBuilder->update()
 3 APPPATH\Controllers\Utenti.php(105): App\Models\UtentiModel->updateUserInfo()
 4 SYSTEMPATH\CodeIgniter.php(941): App\Controllers\Utenti->modificaDati()
 5 SYSTEMPATH\CodeIgniter.php(502): CodeIgniter\CodeIgniter->runController()
 6 SYSTEMPATH\CodeIgniter.php(361): CodeIgniter\CodeIgniter->handleRequest()
 7 FCPATH\index.php(79): CodeIgniter\CodeIgniter->run()
CRITICAL - 2024-05-24 11:13:09 --> [Caused by] CodeIgniter\Database\Exceptions\DatabaseException: Cannot add or update a child row: a foreign key constraint fails (`comune_in_ascolto`.`utenti`, CONSTRAINT `fk_ComuneResidenza` FOREIGN KEY (`ComuneResidenza`) REFERENCES `gi_comuni` (`nomeComune`))
in SYSTEMPATH\Database\MySQLi\Connection.php on line 311.
 1 SYSTEMPATH\Database\BaseConnection.php(693): CodeIgniter\Database\MySQLi\Connection->execute()
 2 SYSTEMPATH\Database\BaseConnection.php(607): CodeIgniter\Database\BaseConnection->simpleQuery()
 3 SYSTEMPATH\Database\BaseBuilder.php(2469): CodeIgniter\Database\BaseConnection->query()
 4 APPPATH\Models\UtentiModel.php(52): CodeIgniter\Database\BaseBuilder->update()
 5 APPPATH\Controllers\Utenti.php(105): App\Models\UtentiModel->updateUserInfo()
 6 SYSTEMPATH\CodeIgniter.php(941): App\Controllers\Utenti->modificaDati()
 7 SYSTEMPATH\CodeIgniter.php(502): CodeIgniter\CodeIgniter->runController()
 8 SYSTEMPATH\CodeIgniter.php(361): CodeIgniter\CodeIgniter->handleRequest()
 9 FCPATH\index.php(79): CodeIgniter\CodeIgniter->run()
CRITICAL - 2024-05-24 11:13:09 --> [Caused by] mysqli_sql_exception: Cannot add or update a child row: a foreign key constraint fails (`comune_in_ascolto`.`utenti`, CONSTRAINT `fk_ComuneResidenza` FOREIGN KEY (`ComuneResidenza`) REFERENCES `gi_comuni` (`nomeComune`))
in SYSTEMPATH\Database\MySQLi\Connection.php on line 306.
 1 SYSTEMPATH\Database\MySQLi\Connection.php(306): mysqli->query()
 2 SYSTEMPATH\Database\BaseConnection.php(693): CodeIgniter\Database\MySQLi\Connection->execute()
 3 SYSTEMPATH\Database\BaseConnection.php(607): CodeIgniter\Database\BaseConnection->simpleQuery()
 4 SYSTEMPATH\Database\BaseBuilder.php(2469): CodeIgniter\Database\BaseConnection->query()
 5 APPPATH\Models\UtentiModel.php(52): CodeIgniter\Database\BaseBuilder->update()
 6 APPPATH\Controllers\Utenti.php(105): App\Models\UtentiModel->updateUserInfo()
 7 SYSTEMPATH\CodeIgniter.php(941): App\Controllers\Utenti->modificaDati()
 8 SYSTEMPATH\CodeIgniter.php(502): CodeIgniter\CodeIgniter->runController()
 9 SYSTEMPATH\CodeIgniter.php(361): CodeIgniter\CodeIgniter->handleRequest()
10 FCPATH\index.php(79): CodeIgniter\CodeIgniter->run()
INFO - 2024-05-24 11:15:08 --> Session: Class initialized using 'CodeIgniter\Session\Handlers\FileHandler' driver.
WARNING - 2024-05-24 11:15:08 --> [DEPRECATED] Creation of dynamic property App\Controllers\Utenti::$session is deprecated in APPPATH\Controllers\BaseController.php on line 61.
 1 SYSTEMPATH\CodeIgniter.php(914): App\Controllers\BaseController->initController(Object(CodeIgniter\HTTP\IncomingRequest), Object(CodeIgniter\HTTP\Response), Object(CodeIgniter\Log\Logger))
 2 SYSTEMPATH\CodeIgniter.php(493): CodeIgniter\CodeIgniter->createController()
 3 SYSTEMPATH\CodeIgniter.php(361): CodeIgniter\CodeIgniter->handleRequest(null, Object(Config\Cache), false)
 4 FCPATH\index.php(79): CodeIgniter\CodeIgniter->run()
INFO - 2024-05-24 11:15:10 --> Session: Class initialized using 'CodeIgniter\Session\Handlers\FileHandler' driver.
WARNING - 2024-05-24 11:15:10 --> [DEPRECATED] Creation of dynamic property App\Controllers\Utenti::$session is deprecated in APPPATH\Controllers\BaseController.php on line 61.
 1 SYSTEMPATH\CodeIgniter.php(914): App\Controllers\BaseController->initController(Object(CodeIgniter\HTTP\IncomingRequest), Object(CodeIgniter\HTTP\Response), Object(CodeIgniter\Log\Logger))
 2 SYSTEMPATH\CodeIgniter.php(493): CodeIgniter\CodeIgniter->createController()
 3 SYSTEMPATH\CodeIgniter.php(361): CodeIgniter\CodeIgniter->handleRequest(null, Object(Config\Cache), false)
 4 FCPATH\index.php(79): CodeIgniter\CodeIgniter->run()
INFO - 2024-05-24 11:15:25 --> Session: Class initialized using 'CodeIgniter\Session\Handlers\FileHandler' driver.
WARNING - 2024-05-24 11:15:25 --> [DEPRECATED] Creation of dynamic property App\Controllers\Home::$session is deprecated in APPPATH\Controllers\BaseController.php on line 61.
 1 SYSTEMPATH\CodeIgniter.php(914): App\Controllers\BaseController->initController(Object(CodeIgniter\HTTP\IncomingRequest), Object(CodeIgniter\HTTP\Response), Object(CodeIgniter\Log\Logger))
 2 SYSTEMPATH\CodeIgniter.php(493): CodeIgniter\CodeIgniter->createController()
 3 SYSTEMPATH\CodeIgniter.php(361): CodeIgniter\CodeIgniter->handleRequest(null, Object(Config\Cache), false)
 4 FCPATH\index.php(79): CodeIgniter\CodeIgniter->run()
