ERROR - 2024-03-17 17:37:30 --> Error connecting to the database: mysqli_sql_exception: Unknown database 'comune_in_ascolto' in C:\Users\chrim\Desktop\UniserverCI4\UniServerZ\www\ci4\system\Database\MySQLi\Connection.php:184
Stack trace:
#0 C:\Users\chrim\Desktop\UniserverCI4\UniServerZ\www\ci4\system\Database\MySQLi\Connection.php(184): mysqli->real_connect()
#1 C:\Users\chrim\Desktop\UniserverCI4\UniServerZ\www\ci4\system\Database\BaseConnection.php(392): CodeIgniter\Database\MySQLi\Connection->connect()
#2 C:\Users\chrim\Desktop\UniserverCI4\UniServerZ\www\ci4\system\Database\BaseConnection.php(575): CodeIgniter\Database\BaseConnection->initialize()
#3 C:\Users\chrim\Desktop\UniserverCI4\UniServerZ\www\ci4\app\Controllers\Home.php(16): CodeIgniter\Database\BaseConnection->query()
#4 C:\Users\chrim\Desktop\UniserverCI4\UniServerZ\www\ci4\system\CodeIgniter.php(941): App\Controllers\Home->index()
#5 C:\Users\chrim\Desktop\UniserverCI4\UniServerZ\www\ci4\system\CodeIgniter.php(502): CodeIgniter\CodeIgniter->runController()
#6 C:\Users\chrim\Desktop\UniserverCI4\UniServerZ\www\ci4\system\CodeIgniter.php(361): CodeIgniter\CodeIgniter->handleRequest()
#7 C:\Users\chrim\Desktop\UniserverCI4\UniServerZ\www\ci4\public\index.php(79): CodeIgniter\CodeIgniter->run()
#8 {main}

Next CodeIgniter\Database\Exceptions\DatabaseException: Unknown database 'comune_in_ascolto' in C:\Users\chrim\Desktop\UniserverCI4\UniServerZ\www\ci4\system\Database\MySQLi\Connection.php:229
Stack trace:
#0 C:\Users\chrim\Desktop\UniserverCI4\UniServerZ\www\ci4\system\Database\BaseConnection.php(392): CodeIgniter\Database\MySQLi\Connection->connect()
#1 C:\Users\chrim\Desktop\UniserverCI4\UniServerZ\www\ci4\system\Database\BaseConnection.php(575): CodeIgniter\Database\BaseConnection->initialize()
#2 C:\Users\chrim\Desktop\UniserverCI4\UniServerZ\www\ci4\app\Controllers\Home.php(16): CodeIgniter\Database\BaseConnection->query()
#3 C:\Users\chrim\Desktop\UniserverCI4\UniServerZ\www\ci4\system\CodeIgniter.php(941): App\Controllers\Home->index()
#4 C:\Users\chrim\Desktop\UniserverCI4\UniServerZ\www\ci4\system\CodeIgniter.php(502): CodeIgniter\CodeIgniter->runController()
#5 C:\Users\chrim\Desktop\UniserverCI4\UniServerZ\www\ci4\system\CodeIgniter.php(361): CodeIgniter\CodeIgniter->handleRequest()
#6 C:\Users\chrim\Desktop\UniserverCI4\UniServerZ\www\ci4\public\index.php(79): CodeIgniter\CodeIgniter->run()
#7 {main}
CRITICAL - 2024-03-17 17:37:30 --> CodeIgniter\Database\Exceptions\DatabaseException: Unable to connect to the database.
Main connection [MySQLi]: Unknown database 'comune_in_ascolto'
in SYSTEMPATH\Database\BaseConnection.php on line 428.
 1 SYSTEMPATH\Database\BaseConnection.php(575): CodeIgniter\Database\BaseConnection->initialize()
 2 APPPATH\Controllers\Home.php(16): CodeIgniter\Database\BaseConnection->query()
 3 SYSTEMPATH\CodeIgniter.php(941): App\Controllers\Home->index()
 4 SYSTEMPATH\CodeIgniter.php(502): CodeIgniter\CodeIgniter->runController()
 5 SYSTEMPATH\CodeIgniter.php(361): CodeIgniter\CodeIgniter->handleRequest()
 6 FCPATH\index.php(79): CodeIgniter\CodeIgniter->run()
ERROR - 2024-03-17 17:42:33 --> Error connecting to the database: mysqli_sql_exception: Unknown database 'comune_in_ascolto' in C:\Users\chrim\Desktop\UniserverCI4\UniServerZ\www\ci4\system\Database\MySQLi\Connection.php:184
Stack trace:
#0 C:\Users\chrim\Desktop\UniserverCI4\UniServerZ\www\ci4\system\Database\MySQLi\Connection.php(184): mysqli->real_connect()
#1 C:\Users\chrim\Desktop\UniserverCI4\UniServerZ\www\ci4\system\Database\BaseConnection.php(392): CodeIgniter\Database\MySQLi\Connection->connect()
#2 C:\Users\chrim\Desktop\UniserverCI4\UniServerZ\www\ci4\system\Database\BaseConnection.php(575): CodeIgniter\Database\BaseConnection->initialize()
#3 C:\Users\chrim\Desktop\UniserverCI4\UniServerZ\www\ci4\app\Controllers\Home.php(16): CodeIgniter\Database\BaseConnection->query()
#4 C:\Users\chrim\Desktop\UniserverCI4\UniServerZ\www\ci4\system\CodeIgniter.php(941): App\Controllers\Home->index()
#5 C:\Users\chrim\Desktop\UniserverCI4\UniServerZ\www\ci4\system\CodeIgniter.php(502): CodeIgniter\CodeIgniter->runController()
#6 C:\Users\chrim\Desktop\UniserverCI4\UniServerZ\www\ci4\system\CodeIgniter.php(361): CodeIgniter\CodeIgniter->handleRequest()
#7 C:\Users\chrim\Desktop\UniserverCI4\UniServerZ\www\ci4\public\index.php(79): CodeIgniter\CodeIgniter->run()
#8 {main}

Next CodeIgniter\Database\Exceptions\DatabaseException: Unknown database 'comune_in_ascolto' in C:\Users\chrim\Desktop\UniserverCI4\UniServerZ\www\ci4\system\Database\MySQLi\Connection.php:229
Stack trace:
#0 C:\Users\chrim\Desktop\UniserverCI4\UniServerZ\www\ci4\system\Database\BaseConnection.php(392): CodeIgniter\Database\MySQLi\Connection->connect()
#1 C:\Users\chrim\Desktop\UniserverCI4\UniServerZ\www\ci4\system\Database\BaseConnection.php(575): CodeIgniter\Database\BaseConnection->initialize()
#2 C:\Users\chrim\Desktop\UniserverCI4\UniServerZ\www\ci4\app\Controllers\Home.php(16): CodeIgniter\Database\BaseConnection->query()
#3 C:\Users\chrim\Desktop\UniserverCI4\UniServerZ\www\ci4\system\CodeIgniter.php(941): App\Controllers\Home->index()
#4 C:\Users\chrim\Desktop\UniserverCI4\UniServerZ\www\ci4\system\CodeIgniter.php(502): CodeIgniter\CodeIgniter->runController()
#5 C:\Users\chrim\Desktop\UniserverCI4\UniServerZ\www\ci4\system\CodeIgniter.php(361): CodeIgniter\CodeIgniter->handleRequest()
#6 C:\Users\chrim\Desktop\UniserverCI4\UniServerZ\www\ci4\public\index.php(79): CodeIgniter\CodeIgniter->run()
#7 {main}
CRITICAL - 2024-03-17 17:42:33 --> CodeIgniter\Database\Exceptions\DatabaseException: Unable to connect to the database.
Main connection [MySQLi]: Unknown database 'comune_in_ascolto'
in SYSTEMPATH\Database\BaseConnection.php on line 428.
 1 SYSTEMPATH\Database\BaseConnection.php(575): CodeIgniter\Database\BaseConnection->initialize()
 2 APPPATH\Controllers\Home.php(16): CodeIgniter\Database\BaseConnection->query()
 3 SYSTEMPATH\CodeIgniter.php(941): App\Controllers\Home->index()
 4 SYSTEMPATH\CodeIgniter.php(502): CodeIgniter\CodeIgniter->runController()
 5 SYSTEMPATH\CodeIgniter.php(361): CodeIgniter\CodeIgniter->handleRequest()
 6 FCPATH\index.php(79): CodeIgniter\CodeIgniter->run()
CRITICAL - 2024-03-17 17:43:11 --> ErrorException: Undefined property: stdClass::$Titolo
in APPPATH\Views\Home\index.php on line 15.
 1 APPPATH\Views\Home\index.php(15): CodeIgniter\Debug\Exceptions->errorHandler()
 2 SYSTEMPATH\View\View.php(228): include('C:\\Users\\chrim\\Desktop\\UniserverCI4\\UniServerZ\\www\\ci4\\app\\Views\\Home\\index.php')
 3 SYSTEMPATH\View\View.php(231): CodeIgniter\View\View->CodeIgniter\View\{closure}()
 4 SYSTEMPATH\Common.php(1178): CodeIgniter\View\View->render()
 5 APPPATH\Controllers\Home.php(19): view()
 6 SYSTEMPATH\CodeIgniter.php(941): App\Controllers\Home->index()
 7 SYSTEMPATH\CodeIgniter.php(502): CodeIgniter\CodeIgniter->runController()
 8 SYSTEMPATH\CodeIgniter.php(361): CodeIgniter\CodeIgniter->handleRequest()
 9 FCPATH\index.php(79): CodeIgniter\CodeIgniter->run()
CRITICAL - 2024-03-17 17:43:13 --> ErrorException: Undefined property: stdClass::$Titolo
in APPPATH\Views\Home\index.php on line 15.
 1 APPPATH\Views\Home\index.php(15): CodeIgniter\Debug\Exceptions->errorHandler()
 2 SYSTEMPATH\View\View.php(228): include('C:\\Users\\chrim\\Desktop\\UniserverCI4\\UniServerZ\\www\\ci4\\app\\Views\\Home\\index.php')
 3 SYSTEMPATH\View\View.php(231): CodeIgniter\View\View->CodeIgniter\View\{closure}()
 4 SYSTEMPATH\Common.php(1178): CodeIgniter\View\View->render()
 5 APPPATH\Controllers\Home.php(19): view()
 6 SYSTEMPATH\CodeIgniter.php(941): App\Controllers\Home->index()
 7 SYSTEMPATH\CodeIgniter.php(502): CodeIgniter\CodeIgniter->runController()
 8 SYSTEMPATH\CodeIgniter.php(361): CodeIgniter\CodeIgniter->handleRequest()
 9 FCPATH\index.php(79): CodeIgniter\CodeIgniter->run()
ERROR - 2024-03-17 19:25:48 --> mysqli_sql_exception: Unknown column 'comune_residenza' in 'field list' in C:\Users\chrim\Desktop\UniserverCI4\UniServerZ\www\ci4\system\Database\MySQLi\Connection.php:306
Stack trace:
#0 C:\Users\chrim\Desktop\UniserverCI4\UniServerZ\www\ci4\system\Database\MySQLi\Connection.php(306): mysqli->query()
#1 C:\Users\chrim\Desktop\UniserverCI4\UniServerZ\www\ci4\system\Database\BaseConnection.php(693): CodeIgniter\Database\MySQLi\Connection->execute()
#2 C:\Users\chrim\Desktop\UniserverCI4\UniServerZ\www\ci4\system\Database\BaseConnection.php(607): CodeIgniter\Database\BaseConnection->simpleQuery()
#3 C:\Users\chrim\Desktop\UniserverCI4\UniServerZ\www\ci4\system\Database\BaseBuilder.php(2302): CodeIgniter\Database\BaseConnection->query()
#4 C:\Users\chrim\Desktop\UniserverCI4\UniServerZ\www\ci4\app\Controllers\Signup.php(33): CodeIgniter\Database\BaseBuilder->insert()
#5 C:\Users\chrim\Desktop\UniserverCI4\UniServerZ\www\ci4\system\CodeIgniter.php(941): App\Controllers\Signup->index()
#6 C:\Users\chrim\Desktop\UniserverCI4\UniServerZ\www\ci4\system\CodeIgniter.php(502): CodeIgniter\CodeIgniter->runController()
#7 C:\Users\chrim\Desktop\UniserverCI4\UniServerZ\www\ci4\system\CodeIgniter.php(361): CodeIgniter\CodeIgniter->handleRequest()
#8 C:\Users\chrim\Desktop\UniserverCI4\UniServerZ\www\ci4\public\index.php(79): CodeIgniter\CodeIgniter->run()
#9 {main}
CRITICAL - 2024-03-17 19:25:48 --> CodeIgniter\Database\Exceptions\DatabaseException: Unknown column 'comune_residenza' in 'field list'
in SYSTEMPATH\Database\BaseConnection.php on line 647.
 1 SYSTEMPATH\Database\BaseBuilder.php(2302): CodeIgniter\Database\BaseConnection->query()
 2 APPPATH\Controllers\Signup.php(33): CodeIgniter\Database\BaseBuilder->insert()
 3 SYSTEMPATH\CodeIgniter.php(941): App\Controllers\Signup->index()
 4 SYSTEMPATH\CodeIgniter.php(502): CodeIgniter\CodeIgniter->runController()
 5 SYSTEMPATH\CodeIgniter.php(361): CodeIgniter\CodeIgniter->handleRequest()
 6 FCPATH\index.php(79): CodeIgniter\CodeIgniter->run()
CRITICAL - 2024-03-17 19:25:48 --> [Caused by] CodeIgniter\Database\Exceptions\DatabaseException: Unknown column 'comune_residenza' in 'field list'
in SYSTEMPATH\Database\MySQLi\Connection.php on line 311.
 1 SYSTEMPATH\Database\BaseConnection.php(693): CodeIgniter\Database\MySQLi\Connection->execute()
 2 SYSTEMPATH\Database\BaseConnection.php(607): CodeIgniter\Database\BaseConnection->simpleQuery()
 3 SYSTEMPATH\Database\BaseBuilder.php(2302): CodeIgniter\Database\BaseConnection->query()
 4 APPPATH\Controllers\Signup.php(33): CodeIgniter\Database\BaseBuilder->insert()
 5 SYSTEMPATH\CodeIgniter.php(941): App\Controllers\Signup->index()
 6 SYSTEMPATH\CodeIgniter.php(502): CodeIgniter\CodeIgniter->runController()
 7 SYSTEMPATH\CodeIgniter.php(361): CodeIgniter\CodeIgniter->handleRequest()
 8 FCPATH\index.php(79): CodeIgniter\CodeIgniter->run()
CRITICAL - 2024-03-17 19:25:48 --> [Caused by] mysqli_sql_exception: Unknown column 'comune_residenza' in 'field list'
in SYSTEMPATH\Database\MySQLi\Connection.php on line 306.
 1 SYSTEMPATH\Database\MySQLi\Connection.php(306): mysqli->query()
 2 SYSTEMPATH\Database\BaseConnection.php(693): CodeIgniter\Database\MySQLi\Connection->execute()
 3 SYSTEMPATH\Database\BaseConnection.php(607): CodeIgniter\Database\BaseConnection->simpleQuery()
 4 SYSTEMPATH\Database\BaseBuilder.php(2302): CodeIgniter\Database\BaseConnection->query()
 5 APPPATH\Controllers\Signup.php(33): CodeIgniter\Database\BaseBuilder->insert()
 6 SYSTEMPATH\CodeIgniter.php(941): App\Controllers\Signup->index()
 7 SYSTEMPATH\CodeIgniter.php(502): CodeIgniter\CodeIgniter->runController()
 8 SYSTEMPATH\CodeIgniter.php(361): CodeIgniter\CodeIgniter->handleRequest()
 9 FCPATH\index.php(79): CodeIgniter\CodeIgniter->run()
ERROR - 2024-03-17 19:26:26 --> mysqli_sql_exception: Unknown column 'comune_residenza' in 'field list' in C:\Users\chrim\Desktop\UniserverCI4\UniServerZ\www\ci4\system\Database\MySQLi\Connection.php:306
Stack trace:
#0 C:\Users\chrim\Desktop\UniserverCI4\UniServerZ\www\ci4\system\Database\MySQLi\Connection.php(306): mysqli->query()
#1 C:\Users\chrim\Desktop\UniserverCI4\UniServerZ\www\ci4\system\Database\BaseConnection.php(693): CodeIgniter\Database\MySQLi\Connection->execute()
#2 C:\Users\chrim\Desktop\UniserverCI4\UniServerZ\www\ci4\system\Database\BaseConnection.php(607): CodeIgniter\Database\BaseConnection->simpleQuery()
#3 C:\Users\chrim\Desktop\UniserverCI4\UniServerZ\www\ci4\system\Database\BaseBuilder.php(2302): CodeIgniter\Database\BaseConnection->query()
#4 C:\Users\chrim\Desktop\UniserverCI4\UniServerZ\www\ci4\app\Controllers\Signup.php(33): CodeIgniter\Database\BaseBuilder->insert()
#5 C:\Users\chrim\Desktop\UniserverCI4\UniServerZ\www\ci4\system\CodeIgniter.php(941): App\Controllers\Signup->index()
#6 C:\Users\chrim\Desktop\UniserverCI4\UniServerZ\www\ci4\system\CodeIgniter.php(502): CodeIgniter\CodeIgniter->runController()
#7 C:\Users\chrim\Desktop\UniserverCI4\UniServerZ\www\ci4\system\CodeIgniter.php(361): CodeIgniter\CodeIgniter->handleRequest()
#8 C:\Users\chrim\Desktop\UniserverCI4\UniServerZ\www\ci4\public\index.php(79): CodeIgniter\CodeIgniter->run()
#9 {main}
CRITICAL - 2024-03-17 19:26:26 --> CodeIgniter\Database\Exceptions\DatabaseException: Unknown column 'comune_residenza' in 'field list'
in SYSTEMPATH\Database\BaseConnection.php on line 647.
 1 SYSTEMPATH\Database\BaseBuilder.php(2302): CodeIgniter\Database\BaseConnection->query()
 2 APPPATH\Controllers\Signup.php(33): CodeIgniter\Database\BaseBuilder->insert()
 3 SYSTEMPATH\CodeIgniter.php(941): App\Controllers\Signup->index()
 4 SYSTEMPATH\CodeIgniter.php(502): CodeIgniter\CodeIgniter->runController()
 5 SYSTEMPATH\CodeIgniter.php(361): CodeIgniter\CodeIgniter->handleRequest()
 6 FCPATH\index.php(79): CodeIgniter\CodeIgniter->run()
CRITICAL - 2024-03-17 19:26:26 --> [Caused by] CodeIgniter\Database\Exceptions\DatabaseException: Unknown column 'comune_residenza' in 'field list'
in SYSTEMPATH\Database\MySQLi\Connection.php on line 311.
 1 SYSTEMPATH\Database\BaseConnection.php(693): CodeIgniter\Database\MySQLi\Connection->execute()
 2 SYSTEMPATH\Database\BaseConnection.php(607): CodeIgniter\Database\BaseConnection->simpleQuery()
 3 SYSTEMPATH\Database\BaseBuilder.php(2302): CodeIgniter\Database\BaseConnection->query()
 4 APPPATH\Controllers\Signup.php(33): CodeIgniter\Database\BaseBuilder->insert()
 5 SYSTEMPATH\CodeIgniter.php(941): App\Controllers\Signup->index()
 6 SYSTEMPATH\CodeIgniter.php(502): CodeIgniter\CodeIgniter->runController()
 7 SYSTEMPATH\CodeIgniter.php(361): CodeIgniter\CodeIgniter->handleRequest()
 8 FCPATH\index.php(79): CodeIgniter\CodeIgniter->run()
CRITICAL - 2024-03-17 19:26:26 --> [Caused by] mysqli_sql_exception: Unknown column 'comune_residenza' in 'field list'
in SYSTEMPATH\Database\MySQLi\Connection.php on line 306.
 1 SYSTEMPATH\Database\MySQLi\Connection.php(306): mysqli->query()
 2 SYSTEMPATH\Database\BaseConnection.php(693): CodeIgniter\Database\MySQLi\Connection->execute()
 3 SYSTEMPATH\Database\BaseConnection.php(607): CodeIgniter\Database\BaseConnection->simpleQuery()
 4 SYSTEMPATH\Database\BaseBuilder.php(2302): CodeIgniter\Database\BaseConnection->query()
 5 APPPATH\Controllers\Signup.php(33): CodeIgniter\Database\BaseBuilder->insert()
 6 SYSTEMPATH\CodeIgniter.php(941): App\Controllers\Signup->index()
 7 SYSTEMPATH\CodeIgniter.php(502): CodeIgniter\CodeIgniter->runController()
 8 SYSTEMPATH\CodeIgniter.php(361): CodeIgniter\CodeIgniter->handleRequest()
 9 FCPATH\index.php(79): CodeIgniter\CodeIgniter->run()
ERROR - 2024-03-17 19:26:42 --> mysqli_sql_exception: Unknown column 'comune_residenza' in 'field list' in C:\Users\chrim\Desktop\UniserverCI4\UniServerZ\www\ci4\system\Database\MySQLi\Connection.php:306
Stack trace:
#0 C:\Users\chrim\Desktop\UniserverCI4\UniServerZ\www\ci4\system\Database\MySQLi\Connection.php(306): mysqli->query()
#1 C:\Users\chrim\Desktop\UniserverCI4\UniServerZ\www\ci4\system\Database\BaseConnection.php(693): CodeIgniter\Database\MySQLi\Connection->execute()
#2 C:\Users\chrim\Desktop\UniserverCI4\UniServerZ\www\ci4\system\Database\BaseConnection.php(607): CodeIgniter\Database\BaseConnection->simpleQuery()
#3 C:\Users\chrim\Desktop\UniserverCI4\UniServerZ\www\ci4\system\Database\BaseBuilder.php(2302): CodeIgniter\Database\BaseConnection->query()
#4 C:\Users\chrim\Desktop\UniserverCI4\UniServerZ\www\ci4\app\Controllers\Signup.php(33): CodeIgniter\Database\BaseBuilder->insert()
#5 C:\Users\chrim\Desktop\UniserverCI4\UniServerZ\www\ci4\system\CodeIgniter.php(941): App\Controllers\Signup->index()
#6 C:\Users\chrim\Desktop\UniserverCI4\UniServerZ\www\ci4\system\CodeIgniter.php(502): CodeIgniter\CodeIgniter->runController()
#7 C:\Users\chrim\Desktop\UniserverCI4\UniServerZ\www\ci4\system\CodeIgniter.php(361): CodeIgniter\CodeIgniter->handleRequest()
#8 C:\Users\chrim\Desktop\UniserverCI4\UniServerZ\www\ci4\public\index.php(79): CodeIgniter\CodeIgniter->run()
#9 {main}
CRITICAL - 2024-03-17 19:26:42 --> CodeIgniter\Database\Exceptions\DatabaseException: Unknown column 'comune_residenza' in 'field list'
in SYSTEMPATH\Database\BaseConnection.php on line 647.
 1 SYSTEMPATH\Database\BaseBuilder.php(2302): CodeIgniter\Database\BaseConnection->query()
 2 APPPATH\Controllers\Signup.php(33): CodeIgniter\Database\BaseBuilder->insert()
 3 SYSTEMPATH\CodeIgniter.php(941): App\Controllers\Signup->index()
 4 SYSTEMPATH\CodeIgniter.php(502): CodeIgniter\CodeIgniter->runController()
 5 SYSTEMPATH\CodeIgniter.php(361): CodeIgniter\CodeIgniter->handleRequest()
 6 FCPATH\index.php(79): CodeIgniter\CodeIgniter->run()
CRITICAL - 2024-03-17 19:26:42 --> [Caused by] CodeIgniter\Database\Exceptions\DatabaseException: Unknown column 'comune_residenza' in 'field list'
in SYSTEMPATH\Database\MySQLi\Connection.php on line 311.
 1 SYSTEMPATH\Database\BaseConnection.php(693): CodeIgniter\Database\MySQLi\Connection->execute()
 2 SYSTEMPATH\Database\BaseConnection.php(607): CodeIgniter\Database\BaseConnection->simpleQuery()
 3 SYSTEMPATH\Database\BaseBuilder.php(2302): CodeIgniter\Database\BaseConnection->query()
 4 APPPATH\Controllers\Signup.php(33): CodeIgniter\Database\BaseBuilder->insert()
 5 SYSTEMPATH\CodeIgniter.php(941): App\Controllers\Signup->index()
 6 SYSTEMPATH\CodeIgniter.php(502): CodeIgniter\CodeIgniter->runController()
 7 SYSTEMPATH\CodeIgniter.php(361): CodeIgniter\CodeIgniter->handleRequest()
 8 FCPATH\index.php(79): CodeIgniter\CodeIgniter->run()
CRITICAL - 2024-03-17 19:26:42 --> [Caused by] mysqli_sql_exception: Unknown column 'comune_residenza' in 'field list'
in SYSTEMPATH\Database\MySQLi\Connection.php on line 306.
 1 SYSTEMPATH\Database\MySQLi\Connection.php(306): mysqli->query()
 2 SYSTEMPATH\Database\BaseConnection.php(693): CodeIgniter\Database\MySQLi\Connection->execute()
 3 SYSTEMPATH\Database\BaseConnection.php(607): CodeIgniter\Database\BaseConnection->simpleQuery()
 4 SYSTEMPATH\Database\BaseBuilder.php(2302): CodeIgniter\Database\BaseConnection->query()
 5 APPPATH\Controllers\Signup.php(33): CodeIgniter\Database\BaseBuilder->insert()
 6 SYSTEMPATH\CodeIgniter.php(941): App\Controllers\Signup->index()
 7 SYSTEMPATH\CodeIgniter.php(502): CodeIgniter\CodeIgniter->runController()
 8 SYSTEMPATH\CodeIgniter.php(361): CodeIgniter\CodeIgniter->handleRequest()
 9 FCPATH\index.php(79): CodeIgniter\CodeIgniter->run()
ERROR - 2024-03-17 19:27:48 --> mysqli_sql_exception: Cannot add or update a child row: a foreign key constraint fails (`comune_in_ascolto`.`utenti`, CONSTRAINT `utenti_ibfk_1` FOREIGN KEY (`RuoloID`) REFERENCES `ruoli` (`RuoloID`)) in C:\Users\chrim\Desktop\UniserverCI4\UniServerZ\www\ci4\system\Database\MySQLi\Connection.php:306
Stack trace:
#0 C:\Users\chrim\Desktop\UniserverCI4\UniServerZ\www\ci4\system\Database\MySQLi\Connection.php(306): mysqli->query()
#1 C:\Users\chrim\Desktop\UniserverCI4\UniServerZ\www\ci4\system\Database\BaseConnection.php(693): CodeIgniter\Database\MySQLi\Connection->execute()
#2 C:\Users\chrim\Desktop\UniserverCI4\UniServerZ\www\ci4\system\Database\BaseConnection.php(607): CodeIgniter\Database\BaseConnection->simpleQuery()
#3 C:\Users\chrim\Desktop\UniserverCI4\UniServerZ\www\ci4\system\Database\BaseBuilder.php(2302): CodeIgniter\Database\BaseConnection->query()
#4 C:\Users\chrim\Desktop\UniserverCI4\UniServerZ\www\ci4\app\Controllers\Signup.php(33): CodeIgniter\Database\BaseBuilder->insert()
#5 C:\Users\chrim\Desktop\UniserverCI4\UniServerZ\www\ci4\system\CodeIgniter.php(941): App\Controllers\Signup->index()
#6 C:\Users\chrim\Desktop\UniserverCI4\UniServerZ\www\ci4\system\CodeIgniter.php(502): CodeIgniter\CodeIgniter->runController()
#7 C:\Users\chrim\Desktop\UniserverCI4\UniServerZ\www\ci4\system\CodeIgniter.php(361): CodeIgniter\CodeIgniter->handleRequest()
#8 C:\Users\chrim\Desktop\UniserverCI4\UniServerZ\www\ci4\public\index.php(79): CodeIgniter\CodeIgniter->run()
#9 {main}
CRITICAL - 2024-03-17 19:27:48 --> CodeIgniter\Database\Exceptions\DatabaseException: Cannot add or update a child row: a foreign key constraint fails (`comune_in_ascolto`.`utenti`, CONSTRAINT `utenti_ibfk_1` FOREIGN KEY (`RuoloID`) REFERENCES `ruoli` (`RuoloID`))
in SYSTEMPATH\Database\BaseConnection.php on line 647.
 1 SYSTEMPATH\Database\BaseBuilder.php(2302): CodeIgniter\Database\BaseConnection->query()
 2 APPPATH\Controllers\Signup.php(33): CodeIgniter\Database\BaseBuilder->insert()
 3 SYSTEMPATH\CodeIgniter.php(941): App\Controllers\Signup->index()
 4 SYSTEMPATH\CodeIgniter.php(502): CodeIgniter\CodeIgniter->runController()
 5 SYSTEMPATH\CodeIgniter.php(361): CodeIgniter\CodeIgniter->handleRequest()
 6 FCPATH\index.php(79): CodeIgniter\CodeIgniter->run()
CRITICAL - 2024-03-17 19:27:48 --> [Caused by] CodeIgniter\Database\Exceptions\DatabaseException: Cannot add or update a child row: a foreign key constraint fails (`comune_in_ascolto`.`utenti`, CONSTRAINT `utenti_ibfk_1` FOREIGN KEY (`RuoloID`) REFERENCES `ruoli` (`RuoloID`))
in SYSTEMPATH\Database\MySQLi\Connection.php on line 311.
 1 SYSTEMPATH\Database\BaseConnection.php(693): CodeIgniter\Database\MySQLi\Connection->execute()
 2 SYSTEMPATH\Database\BaseConnection.php(607): CodeIgniter\Database\BaseConnection->simpleQuery()
 3 SYSTEMPATH\Database\BaseBuilder.php(2302): CodeIgniter\Database\BaseConnection->query()
 4 APPPATH\Controllers\Signup.php(33): CodeIgniter\Database\BaseBuilder->insert()
 5 SYSTEMPATH\CodeIgniter.php(941): App\Controllers\Signup->index()
 6 SYSTEMPATH\CodeIgniter.php(502): CodeIgniter\CodeIgniter->runController()
 7 SYSTEMPATH\CodeIgniter.php(361): CodeIgniter\CodeIgniter->handleRequest()
 8 FCPATH\index.php(79): CodeIgniter\CodeIgniter->run()
CRITICAL - 2024-03-17 19:27:48 --> [Caused by] mysqli_sql_exception: Cannot add or update a child row: a foreign key constraint fails (`comune_in_ascolto`.`utenti`, CONSTRAINT `utenti_ibfk_1` FOREIGN KEY (`RuoloID`) REFERENCES `ruoli` (`RuoloID`))
in SYSTEMPATH\Database\MySQLi\Connection.php on line 306.
 1 SYSTEMPATH\Database\MySQLi\Connection.php(306): mysqli->query()
 2 SYSTEMPATH\Database\BaseConnection.php(693): CodeIgniter\Database\MySQLi\Connection->execute()
 3 SYSTEMPATH\Database\BaseConnection.php(607): CodeIgniter\Database\BaseConnection->simpleQuery()
 4 SYSTEMPATH\Database\BaseBuilder.php(2302): CodeIgniter\Database\BaseConnection->query()
 5 APPPATH\Controllers\Signup.php(33): CodeIgniter\Database\BaseBuilder->insert()
 6 SYSTEMPATH\CodeIgniter.php(941): App\Controllers\Signup->index()
 7 SYSTEMPATH\CodeIgniter.php(502): CodeIgniter\CodeIgniter->runController()
 8 SYSTEMPATH\CodeIgniter.php(361): CodeIgniter\CodeIgniter->handleRequest()
 9 FCPATH\index.php(79): CodeIgniter\CodeIgniter->run()
ERROR - 2024-03-17 19:27:55 --> mysqli_sql_exception: Cannot add or update a child row: a foreign key constraint fails (`comune_in_ascolto`.`utenti`, CONSTRAINT `utenti_ibfk_1` FOREIGN KEY (`RuoloID`) REFERENCES `ruoli` (`RuoloID`)) in C:\Users\chrim\Desktop\UniserverCI4\UniServerZ\www\ci4\system\Database\MySQLi\Connection.php:306
Stack trace:
#0 C:\Users\chrim\Desktop\UniserverCI4\UniServerZ\www\ci4\system\Database\MySQLi\Connection.php(306): mysqli->query()
#1 C:\Users\chrim\Desktop\UniserverCI4\UniServerZ\www\ci4\system\Database\BaseConnection.php(693): CodeIgniter\Database\MySQLi\Connection->execute()
#2 C:\Users\chrim\Desktop\UniserverCI4\UniServerZ\www\ci4\system\Database\BaseConnection.php(607): CodeIgniter\Database\BaseConnection->simpleQuery()
#3 C:\Users\chrim\Desktop\UniserverCI4\UniServerZ\www\ci4\system\Database\BaseBuilder.php(2302): CodeIgniter\Database\BaseConnection->query()
#4 C:\Users\chrim\Desktop\UniserverCI4\UniServerZ\www\ci4\app\Controllers\Signup.php(33): CodeIgniter\Database\BaseBuilder->insert()
#5 C:\Users\chrim\Desktop\UniserverCI4\UniServerZ\www\ci4\system\CodeIgniter.php(941): App\Controllers\Signup->index()
#6 C:\Users\chrim\Desktop\UniserverCI4\UniServerZ\www\ci4\system\CodeIgniter.php(502): CodeIgniter\CodeIgniter->runController()
#7 C:\Users\chrim\Desktop\UniserverCI4\UniServerZ\www\ci4\system\CodeIgniter.php(361): CodeIgniter\CodeIgniter->handleRequest()
#8 C:\Users\chrim\Desktop\UniserverCI4\UniServerZ\www\ci4\public\index.php(79): CodeIgniter\CodeIgniter->run()
#9 {main}
CRITICAL - 2024-03-17 19:27:55 --> CodeIgniter\Database\Exceptions\DatabaseException: Cannot add or update a child row: a foreign key constraint fails (`comune_in_ascolto`.`utenti`, CONSTRAINT `utenti_ibfk_1` FOREIGN KEY (`RuoloID`) REFERENCES `ruoli` (`RuoloID`))
in SYSTEMPATH\Database\BaseConnection.php on line 647.
 1 SYSTEMPATH\Database\BaseBuilder.php(2302): CodeIgniter\Database\BaseConnection->query()
 2 APPPATH\Controllers\Signup.php(33): CodeIgniter\Database\BaseBuilder->insert()
 3 SYSTEMPATH\CodeIgniter.php(941): App\Controllers\Signup->index()
 4 SYSTEMPATH\CodeIgniter.php(502): CodeIgniter\CodeIgniter->runController()
 5 SYSTEMPATH\CodeIgniter.php(361): CodeIgniter\CodeIgniter->handleRequest()
 6 FCPATH\index.php(79): CodeIgniter\CodeIgniter->run()
CRITICAL - 2024-03-17 19:27:55 --> [Caused by] CodeIgniter\Database\Exceptions\DatabaseException: Cannot add or update a child row: a foreign key constraint fails (`comune_in_ascolto`.`utenti`, CONSTRAINT `utenti_ibfk_1` FOREIGN KEY (`RuoloID`) REFERENCES `ruoli` (`RuoloID`))
in SYSTEMPATH\Database\MySQLi\Connection.php on line 311.
 1 SYSTEMPATH\Database\BaseConnection.php(693): CodeIgniter\Database\MySQLi\Connection->execute()
 2 SYSTEMPATH\Database\BaseConnection.php(607): CodeIgniter\Database\BaseConnection->simpleQuery()
 3 SYSTEMPATH\Database\BaseBuilder.php(2302): CodeIgniter\Database\BaseConnection->query()
 4 APPPATH\Controllers\Signup.php(33): CodeIgniter\Database\BaseBuilder->insert()
 5 SYSTEMPATH\CodeIgniter.php(941): App\Controllers\Signup->index()
 6 SYSTEMPATH\CodeIgniter.php(502): CodeIgniter\CodeIgniter->runController()
 7 SYSTEMPATH\CodeIgniter.php(361): CodeIgniter\CodeIgniter->handleRequest()
 8 FCPATH\index.php(79): CodeIgniter\CodeIgniter->run()
CRITICAL - 2024-03-17 19:27:55 --> [Caused by] mysqli_sql_exception: Cannot add or update a child row: a foreign key constraint fails (`comune_in_ascolto`.`utenti`, CONSTRAINT `utenti_ibfk_1` FOREIGN KEY (`RuoloID`) REFERENCES `ruoli` (`RuoloID`))
in SYSTEMPATH\Database\MySQLi\Connection.php on line 306.
 1 SYSTEMPATH\Database\MySQLi\Connection.php(306): mysqli->query()
 2 SYSTEMPATH\Database\BaseConnection.php(693): CodeIgniter\Database\MySQLi\Connection->execute()
 3 SYSTEMPATH\Database\BaseConnection.php(607): CodeIgniter\Database\BaseConnection->simpleQuery()
 4 SYSTEMPATH\Database\BaseBuilder.php(2302): CodeIgniter\Database\BaseConnection->query()
 5 APPPATH\Controllers\Signup.php(33): CodeIgniter\Database\BaseBuilder->insert()
 6 SYSTEMPATH\CodeIgniter.php(941): App\Controllers\Signup->index()
 7 SYSTEMPATH\CodeIgniter.php(502): CodeIgniter\CodeIgniter->runController()
 8 SYSTEMPATH\CodeIgniter.php(361): CodeIgniter\CodeIgniter->handleRequest()
 9 FCPATH\index.php(79): CodeIgniter\CodeIgniter->run()
ERROR - 2024-03-17 19:29:20 --> mysqli_sql_exception: Cannot add or update a child row: a foreign key constraint fails (`comune_in_ascolto`.`utenti`, CONSTRAINT `utenti_ibfk_1` FOREIGN KEY (`RuoloID`) REFERENCES `ruoli` (`RuoloID`)) in C:\Users\chrim\Desktop\UniserverCI4\UniServerZ\www\ci4\system\Database\MySQLi\Connection.php:306
Stack trace:
#0 C:\Users\chrim\Desktop\UniserverCI4\UniServerZ\www\ci4\system\Database\MySQLi\Connection.php(306): mysqli->query()
#1 C:\Users\chrim\Desktop\UniserverCI4\UniServerZ\www\ci4\system\Database\BaseConnection.php(693): CodeIgniter\Database\MySQLi\Connection->execute()
#2 C:\Users\chrim\Desktop\UniserverCI4\UniServerZ\www\ci4\system\Database\BaseConnection.php(607): CodeIgniter\Database\BaseConnection->simpleQuery()
#3 C:\Users\chrim\Desktop\UniserverCI4\UniServerZ\www\ci4\system\Database\BaseBuilder.php(2302): CodeIgniter\Database\BaseConnection->query()
#4 C:\Users\chrim\Desktop\UniserverCI4\UniServerZ\www\ci4\app\Controllers\Signup.php(34): CodeIgniter\Database\BaseBuilder->insert()
#5 C:\Users\chrim\Desktop\UniserverCI4\UniServerZ\www\ci4\system\CodeIgniter.php(941): App\Controllers\Signup->index()
#6 C:\Users\chrim\Desktop\UniserverCI4\UniServerZ\www\ci4\system\CodeIgniter.php(502): CodeIgniter\CodeIgniter->runController()
#7 C:\Users\chrim\Desktop\UniserverCI4\UniServerZ\www\ci4\system\CodeIgniter.php(361): CodeIgniter\CodeIgniter->handleRequest()
#8 C:\Users\chrim\Desktop\UniserverCI4\UniServerZ\www\ci4\public\index.php(79): CodeIgniter\CodeIgniter->run()
#9 {main}
CRITICAL - 2024-03-17 19:29:20 --> CodeIgniter\Database\Exceptions\DatabaseException: Cannot add or update a child row: a foreign key constraint fails (`comune_in_ascolto`.`utenti`, CONSTRAINT `utenti_ibfk_1` FOREIGN KEY (`RuoloID`) REFERENCES `ruoli` (`RuoloID`))
in SYSTEMPATH\Database\BaseConnection.php on line 647.
 1 SYSTEMPATH\Database\BaseBuilder.php(2302): CodeIgniter\Database\BaseConnection->query()
 2 APPPATH\Controllers\Signup.php(34): CodeIgniter\Database\BaseBuilder->insert()
 3 SYSTEMPATH\CodeIgniter.php(941): App\Controllers\Signup->index()
 4 SYSTEMPATH\CodeIgniter.php(502): CodeIgniter\CodeIgniter->runController()
 5 SYSTEMPATH\CodeIgniter.php(361): CodeIgniter\CodeIgniter->handleRequest()
 6 FCPATH\index.php(79): CodeIgniter\CodeIgniter->run()
CRITICAL - 2024-03-17 19:29:20 --> [Caused by] CodeIgniter\Database\Exceptions\DatabaseException: Cannot add or update a child row: a foreign key constraint fails (`comune_in_ascolto`.`utenti`, CONSTRAINT `utenti_ibfk_1` FOREIGN KEY (`RuoloID`) REFERENCES `ruoli` (`RuoloID`))
in SYSTEMPATH\Database\MySQLi\Connection.php on line 311.
 1 SYSTEMPATH\Database\BaseConnection.php(693): CodeIgniter\Database\MySQLi\Connection->execute()
 2 SYSTEMPATH\Database\BaseConnection.php(607): CodeIgniter\Database\BaseConnection->simpleQuery()
 3 SYSTEMPATH\Database\BaseBuilder.php(2302): CodeIgniter\Database\BaseConnection->query()
 4 APPPATH\Controllers\Signup.php(34): CodeIgniter\Database\BaseBuilder->insert()
 5 SYSTEMPATH\CodeIgniter.php(941): App\Controllers\Signup->index()
 6 SYSTEMPATH\CodeIgniter.php(502): CodeIgniter\CodeIgniter->runController()
 7 SYSTEMPATH\CodeIgniter.php(361): CodeIgniter\CodeIgniter->handleRequest()
 8 FCPATH\index.php(79): CodeIgniter\CodeIgniter->run()
CRITICAL - 2024-03-17 19:29:20 --> [Caused by] mysqli_sql_exception: Cannot add or update a child row: a foreign key constraint fails (`comune_in_ascolto`.`utenti`, CONSTRAINT `utenti_ibfk_1` FOREIGN KEY (`RuoloID`) REFERENCES `ruoli` (`RuoloID`))
in SYSTEMPATH\Database\MySQLi\Connection.php on line 306.
 1 SYSTEMPATH\Database\MySQLi\Connection.php(306): mysqli->query()
 2 SYSTEMPATH\Database\BaseConnection.php(693): CodeIgniter\Database\MySQLi\Connection->execute()
 3 SYSTEMPATH\Database\BaseConnection.php(607): CodeIgniter\Database\BaseConnection->simpleQuery()
 4 SYSTEMPATH\Database\BaseBuilder.php(2302): CodeIgniter\Database\BaseConnection->query()
 5 APPPATH\Controllers\Signup.php(34): CodeIgniter\Database\BaseBuilder->insert()
 6 SYSTEMPATH\CodeIgniter.php(941): App\Controllers\Signup->index()
 7 SYSTEMPATH\CodeIgniter.php(502): CodeIgniter\CodeIgniter->runController()
 8 SYSTEMPATH\CodeIgniter.php(361): CodeIgniter\CodeIgniter->handleRequest()
 9 FCPATH\index.php(79): CodeIgniter\CodeIgniter->run()
ERROR - 2024-03-17 19:30:14 --> mysqli_sql_exception: Duplicate entry '0' for key 'utenti.PRIMARY' in C:\Users\chrim\Desktop\UniserverCI4\UniServerZ\www\ci4\system\Database\MySQLi\Connection.php:306
Stack trace:
#0 C:\Users\chrim\Desktop\UniserverCI4\UniServerZ\www\ci4\system\Database\MySQLi\Connection.php(306): mysqli->query()
#1 C:\Users\chrim\Desktop\UniserverCI4\UniServerZ\www\ci4\system\Database\BaseConnection.php(693): CodeIgniter\Database\MySQLi\Connection->execute()
#2 C:\Users\chrim\Desktop\UniserverCI4\UniServerZ\www\ci4\system\Database\BaseConnection.php(607): CodeIgniter\Database\BaseConnection->simpleQuery()
#3 C:\Users\chrim\Desktop\UniserverCI4\UniServerZ\www\ci4\system\Database\BaseBuilder.php(2302): CodeIgniter\Database\BaseConnection->query()
#4 C:\Users\chrim\Desktop\UniserverCI4\UniServerZ\www\ci4\app\Controllers\Signup.php(34): CodeIgniter\Database\BaseBuilder->insert()
#5 C:\Users\chrim\Desktop\UniserverCI4\UniServerZ\www\ci4\system\CodeIgniter.php(941): App\Controllers\Signup->index()
#6 C:\Users\chrim\Desktop\UniserverCI4\UniServerZ\www\ci4\system\CodeIgniter.php(502): CodeIgniter\CodeIgniter->runController()
#7 C:\Users\chrim\Desktop\UniserverCI4\UniServerZ\www\ci4\system\CodeIgniter.php(361): CodeIgniter\CodeIgniter->handleRequest()
#8 C:\Users\chrim\Desktop\UniserverCI4\UniServerZ\www\ci4\public\index.php(79): CodeIgniter\CodeIgniter->run()
#9 {main}
CRITICAL - 2024-03-17 19:30:14 --> CodeIgniter\Database\Exceptions\DatabaseException: Duplicate entry '0' for key 'utenti.PRIMARY'
in SYSTEMPATH\Database\BaseConnection.php on line 647.
 1 SYSTEMPATH\Database\BaseBuilder.php(2302): CodeIgniter\Database\BaseConnection->query()
 2 APPPATH\Controllers\Signup.php(34): CodeIgniter\Database\BaseBuilder->insert()
 3 SYSTEMPATH\CodeIgniter.php(941): App\Controllers\Signup->index()
 4 SYSTEMPATH\CodeIgniter.php(502): CodeIgniter\CodeIgniter->runController()
 5 SYSTEMPATH\CodeIgniter.php(361): CodeIgniter\CodeIgniter->handleRequest()
 6 FCPATH\index.php(79): CodeIgniter\CodeIgniter->run()
CRITICAL - 2024-03-17 19:30:14 --> [Caused by] CodeIgniter\Database\Exceptions\DatabaseException: Duplicate entry '0' for key 'utenti.PRIMARY'
in SYSTEMPATH\Database\MySQLi\Connection.php on line 311.
 1 SYSTEMPATH\Database\BaseConnection.php(693): CodeIgniter\Database\MySQLi\Connection->execute()
 2 SYSTEMPATH\Database\BaseConnection.php(607): CodeIgniter\Database\BaseConnection->simpleQuery()
 3 SYSTEMPATH\Database\BaseBuilder.php(2302): CodeIgniter\Database\BaseConnection->query()
 4 APPPATH\Controllers\Signup.php(34): CodeIgniter\Database\BaseBuilder->insert()
 5 SYSTEMPATH\CodeIgniter.php(941): App\Controllers\Signup->index()
 6 SYSTEMPATH\CodeIgniter.php(502): CodeIgniter\CodeIgniter->runController()
 7 SYSTEMPATH\CodeIgniter.php(361): CodeIgniter\CodeIgniter->handleRequest()
 8 FCPATH\index.php(79): CodeIgniter\CodeIgniter->run()
CRITICAL - 2024-03-17 19:30:14 --> [Caused by] mysqli_sql_exception: Duplicate entry '0' for key 'utenti.PRIMARY'
in SYSTEMPATH\Database\MySQLi\Connection.php on line 306.
 1 SYSTEMPATH\Database\MySQLi\Connection.php(306): mysqli->query()
 2 SYSTEMPATH\Database\BaseConnection.php(693): CodeIgniter\Database\MySQLi\Connection->execute()
 3 SYSTEMPATH\Database\BaseConnection.php(607): CodeIgniter\Database\BaseConnection->simpleQuery()
 4 SYSTEMPATH\Database\BaseBuilder.php(2302): CodeIgniter\Database\BaseConnection->query()
 5 APPPATH\Controllers\Signup.php(34): CodeIgniter\Database\BaseBuilder->insert()
 6 SYSTEMPATH\CodeIgniter.php(941): App\Controllers\Signup->index()
 7 SYSTEMPATH\CodeIgniter.php(502): CodeIgniter\CodeIgniter->runController()
 8 SYSTEMPATH\CodeIgniter.php(361): CodeIgniter\CodeIgniter->handleRequest()
 9 FCPATH\index.php(79): CodeIgniter\CodeIgniter->run()
ERROR - 2024-03-17 19:31:02 --> mysqli_sql_exception: Duplicate entry '0' for key 'utenti.PRIMARY' in C:\Users\chrim\Desktop\UniserverCI4\UniServerZ\www\ci4\system\Database\MySQLi\Connection.php:306
Stack trace:
#0 C:\Users\chrim\Desktop\UniserverCI4\UniServerZ\www\ci4\system\Database\MySQLi\Connection.php(306): mysqli->query()
#1 C:\Users\chrim\Desktop\UniserverCI4\UniServerZ\www\ci4\system\Database\BaseConnection.php(693): CodeIgniter\Database\MySQLi\Connection->execute()
#2 C:\Users\chrim\Desktop\UniserverCI4\UniServerZ\www\ci4\system\Database\BaseConnection.php(607): CodeIgniter\Database\BaseConnection->simpleQuery()
#3 C:\Users\chrim\Desktop\UniserverCI4\UniServerZ\www\ci4\system\Database\BaseBuilder.php(2302): CodeIgniter\Database\BaseConnection->query()
#4 C:\Users\chrim\Desktop\UniserverCI4\UniServerZ\www\ci4\app\Controllers\Signup.php(34): CodeIgniter\Database\BaseBuilder->insert()
#5 C:\Users\chrim\Desktop\UniserverCI4\UniServerZ\www\ci4\system\CodeIgniter.php(941): App\Controllers\Signup->index()
#6 C:\Users\chrim\Desktop\UniserverCI4\UniServerZ\www\ci4\system\CodeIgniter.php(502): CodeIgniter\CodeIgniter->runController()
#7 C:\Users\chrim\Desktop\UniserverCI4\UniServerZ\www\ci4\system\CodeIgniter.php(361): CodeIgniter\CodeIgniter->handleRequest()
#8 C:\Users\chrim\Desktop\UniserverCI4\UniServerZ\www\ci4\public\index.php(79): CodeIgniter\CodeIgniter->run()
#9 {main}
CRITICAL - 2024-03-17 19:31:02 --> CodeIgniter\Database\Exceptions\DatabaseException: Duplicate entry '0' for key 'utenti.PRIMARY'
in SYSTEMPATH\Database\BaseConnection.php on line 647.
 1 SYSTEMPATH\Database\BaseBuilder.php(2302): CodeIgniter\Database\BaseConnection->query()
 2 APPPATH\Controllers\Signup.php(34): CodeIgniter\Database\BaseBuilder->insert()
 3 SYSTEMPATH\CodeIgniter.php(941): App\Controllers\Signup->index()
 4 SYSTEMPATH\CodeIgniter.php(502): CodeIgniter\CodeIgniter->runController()
 5 SYSTEMPATH\CodeIgniter.php(361): CodeIgniter\CodeIgniter->handleRequest()
 6 FCPATH\index.php(79): CodeIgniter\CodeIgniter->run()
CRITICAL - 2024-03-17 19:31:02 --> [Caused by] CodeIgniter\Database\Exceptions\DatabaseException: Duplicate entry '0' for key 'utenti.PRIMARY'
in SYSTEMPATH\Database\MySQLi\Connection.php on line 311.
 1 SYSTEMPATH\Database\BaseConnection.php(693): CodeIgniter\Database\MySQLi\Connection->execute()
 2 SYSTEMPATH\Database\BaseConnection.php(607): CodeIgniter\Database\BaseConnection->simpleQuery()
 3 SYSTEMPATH\Database\BaseBuilder.php(2302): CodeIgniter\Database\BaseConnection->query()
 4 APPPATH\Controllers\Signup.php(34): CodeIgniter\Database\BaseBuilder->insert()
 5 SYSTEMPATH\CodeIgniter.php(941): App\Controllers\Signup->index()
 6 SYSTEMPATH\CodeIgniter.php(502): CodeIgniter\CodeIgniter->runController()
 7 SYSTEMPATH\CodeIgniter.php(361): CodeIgniter\CodeIgniter->handleRequest()
 8 FCPATH\index.php(79): CodeIgniter\CodeIgniter->run()
CRITICAL - 2024-03-17 19:31:02 --> [Caused by] mysqli_sql_exception: Duplicate entry '0' for key 'utenti.PRIMARY'
in SYSTEMPATH\Database\MySQLi\Connection.php on line 306.
 1 SYSTEMPATH\Database\MySQLi\Connection.php(306): mysqli->query()
 2 SYSTEMPATH\Database\BaseConnection.php(693): CodeIgniter\Database\MySQLi\Connection->execute()
 3 SYSTEMPATH\Database\BaseConnection.php(607): CodeIgniter\Database\BaseConnection->simpleQuery()
 4 SYSTEMPATH\Database\BaseBuilder.php(2302): CodeIgniter\Database\BaseConnection->query()
 5 APPPATH\Controllers\Signup.php(34): CodeIgniter\Database\BaseBuilder->insert()
 6 SYSTEMPATH\CodeIgniter.php(941): App\Controllers\Signup->index()
 7 SYSTEMPATH\CodeIgniter.php(502): CodeIgniter\CodeIgniter->runController()
 8 SYSTEMPATH\CodeIgniter.php(361): CodeIgniter\CodeIgniter->handleRequest()
 9 FCPATH\index.php(79): CodeIgniter\CodeIgniter->run()
ERROR - 2024-03-17 19:34:58 --> mysqli_sql_exception: Unknown column 'comune_residenza' in 'field list' in C:\Users\chrim\Desktop\UniserverCI4\UniServerZ\www\ci4\system\Database\MySQLi\Connection.php:306
Stack trace:
#0 C:\Users\chrim\Desktop\UniserverCI4\UniServerZ\www\ci4\system\Database\MySQLi\Connection.php(306): mysqli->query()
#1 C:\Users\chrim\Desktop\UniserverCI4\UniServerZ\www\ci4\system\Database\BaseConnection.php(693): CodeIgniter\Database\MySQLi\Connection->execute()
#2 C:\Users\chrim\Desktop\UniserverCI4\UniServerZ\www\ci4\system\Database\BaseConnection.php(607): CodeIgniter\Database\BaseConnection->simpleQuery()
#3 C:\Users\chrim\Desktop\UniserverCI4\UniServerZ\www\ci4\system\Database\BaseBuilder.php(2302): CodeIgniter\Database\BaseConnection->query()
#4 C:\Users\chrim\Desktop\UniserverCI4\UniServerZ\www\ci4\app\Controllers\Signup.php(34): CodeIgniter\Database\BaseBuilder->insert()
#5 C:\Users\chrim\Desktop\UniserverCI4\UniServerZ\www\ci4\system\CodeIgniter.php(941): App\Controllers\Signup->index()
#6 C:\Users\chrim\Desktop\UniserverCI4\UniServerZ\www\ci4\system\CodeIgniter.php(502): CodeIgniter\CodeIgniter->runController()
#7 C:\Users\chrim\Desktop\UniserverCI4\UniServerZ\www\ci4\system\CodeIgniter.php(361): CodeIgniter\CodeIgniter->handleRequest()
#8 C:\Users\chrim\Desktop\UniserverCI4\UniServerZ\www\ci4\public\index.php(79): CodeIgniter\CodeIgniter->run()
#9 {main}
CRITICAL - 2024-03-17 19:34:58 --> CodeIgniter\Database\Exceptions\DatabaseException: Unknown column 'comune_residenza' in 'field list'
in SYSTEMPATH\Database\BaseConnection.php on line 647.
 1 SYSTEMPATH\Database\BaseBuilder.php(2302): CodeIgniter\Database\BaseConnection->query()
 2 APPPATH\Controllers\Signup.php(34): CodeIgniter\Database\BaseBuilder->insert()
 3 SYSTEMPATH\CodeIgniter.php(941): App\Controllers\Signup->index()
 4 SYSTEMPATH\CodeIgniter.php(502): CodeIgniter\CodeIgniter->runController()
 5 SYSTEMPATH\CodeIgniter.php(361): CodeIgniter\CodeIgniter->handleRequest()
 6 FCPATH\index.php(79): CodeIgniter\CodeIgniter->run()
CRITICAL - 2024-03-17 19:34:58 --> [Caused by] CodeIgniter\Database\Exceptions\DatabaseException: Unknown column 'comune_residenza' in 'field list'
in SYSTEMPATH\Database\MySQLi\Connection.php on line 311.
 1 SYSTEMPATH\Database\BaseConnection.php(693): CodeIgniter\Database\MySQLi\Connection->execute()
 2 SYSTEMPATH\Database\BaseConnection.php(607): CodeIgniter\Database\BaseConnection->simpleQuery()
 3 SYSTEMPATH\Database\BaseBuilder.php(2302): CodeIgniter\Database\BaseConnection->query()
 4 APPPATH\Controllers\Signup.php(34): CodeIgniter\Database\BaseBuilder->insert()
 5 SYSTEMPATH\CodeIgniter.php(941): App\Controllers\Signup->index()
 6 SYSTEMPATH\CodeIgniter.php(502): CodeIgniter\CodeIgniter->runController()
 7 SYSTEMPATH\CodeIgniter.php(361): CodeIgniter\CodeIgniter->handleRequest()
 8 FCPATH\index.php(79): CodeIgniter\CodeIgniter->run()
CRITICAL - 2024-03-17 19:34:58 --> [Caused by] mysqli_sql_exception: Unknown column 'comune_residenza' in 'field list'
in SYSTEMPATH\Database\MySQLi\Connection.php on line 306.
 1 SYSTEMPATH\Database\MySQLi\Connection.php(306): mysqli->query()
 2 SYSTEMPATH\Database\BaseConnection.php(693): CodeIgniter\Database\MySQLi\Connection->execute()
 3 SYSTEMPATH\Database\BaseConnection.php(607): CodeIgniter\Database\BaseConnection->simpleQuery()
 4 SYSTEMPATH\Database\BaseBuilder.php(2302): CodeIgniter\Database\BaseConnection->query()
 5 APPPATH\Controllers\Signup.php(34): CodeIgniter\Database\BaseBuilder->insert()
 6 SYSTEMPATH\CodeIgniter.php(941): App\Controllers\Signup->index()
 7 SYSTEMPATH\CodeIgniter.php(502): CodeIgniter\CodeIgniter->runController()
 8 SYSTEMPATH\CodeIgniter.php(361): CodeIgniter\CodeIgniter->handleRequest()
 9 FCPATH\index.php(79): CodeIgniter\CodeIgniter->run()
ERROR - 2024-03-17 19:35:16 --> mysqli_sql_exception: Duplicate entry '0' for key 'utenti.PRIMARY' in C:\Users\chrim\Desktop\UniserverCI4\UniServerZ\www\ci4\system\Database\MySQLi\Connection.php:306
Stack trace:
#0 C:\Users\chrim\Desktop\UniserverCI4\UniServerZ\www\ci4\system\Database\MySQLi\Connection.php(306): mysqli->query()
#1 C:\Users\chrim\Desktop\UniserverCI4\UniServerZ\www\ci4\system\Database\BaseConnection.php(693): CodeIgniter\Database\MySQLi\Connection->execute()
#2 C:\Users\chrim\Desktop\UniserverCI4\UniServerZ\www\ci4\system\Database\BaseConnection.php(607): CodeIgniter\Database\BaseConnection->simpleQuery()
#3 C:\Users\chrim\Desktop\UniserverCI4\UniServerZ\www\ci4\system\Database\BaseBuilder.php(2302): CodeIgniter\Database\BaseConnection->query()
#4 C:\Users\chrim\Desktop\UniserverCI4\UniServerZ\www\ci4\app\Controllers\Signup.php(34): CodeIgniter\Database\BaseBuilder->insert()
#5 C:\Users\chrim\Desktop\UniserverCI4\UniServerZ\www\ci4\system\CodeIgniter.php(941): App\Controllers\Signup->index()
#6 C:\Users\chrim\Desktop\UniserverCI4\UniServerZ\www\ci4\system\CodeIgniter.php(502): CodeIgniter\CodeIgniter->runController()
#7 C:\Users\chrim\Desktop\UniserverCI4\UniServerZ\www\ci4\system\CodeIgniter.php(361): CodeIgniter\CodeIgniter->handleRequest()
#8 C:\Users\chrim\Desktop\UniserverCI4\UniServerZ\www\ci4\public\index.php(79): CodeIgniter\CodeIgniter->run()
#9 {main}
CRITICAL - 2024-03-17 19:35:16 --> CodeIgniter\Database\Exceptions\DatabaseException: Duplicate entry '0' for key 'utenti.PRIMARY'
in SYSTEMPATH\Database\BaseConnection.php on line 647.
 1 SYSTEMPATH\Database\BaseBuilder.php(2302): CodeIgniter\Database\BaseConnection->query()
 2 APPPATH\Controllers\Signup.php(34): CodeIgniter\Database\BaseBuilder->insert()
 3 SYSTEMPATH\CodeIgniter.php(941): App\Controllers\Signup->index()
 4 SYSTEMPATH\CodeIgniter.php(502): CodeIgniter\CodeIgniter->runController()
 5 SYSTEMPATH\CodeIgniter.php(361): CodeIgniter\CodeIgniter->handleRequest()
 6 FCPATH\index.php(79): CodeIgniter\CodeIgniter->run()
CRITICAL - 2024-03-17 19:35:16 --> [Caused by] CodeIgniter\Database\Exceptions\DatabaseException: Duplicate entry '0' for key 'utenti.PRIMARY'
in SYSTEMPATH\Database\MySQLi\Connection.php on line 311.
 1 SYSTEMPATH\Database\BaseConnection.php(693): CodeIgniter\Database\MySQLi\Connection->execute()
 2 SYSTEMPATH\Database\BaseConnection.php(607): CodeIgniter\Database\BaseConnection->simpleQuery()
 3 SYSTEMPATH\Database\BaseBuilder.php(2302): CodeIgniter\Database\BaseConnection->query()
 4 APPPATH\Controllers\Signup.php(34): CodeIgniter\Database\BaseBuilder->insert()
 5 SYSTEMPATH\CodeIgniter.php(941): App\Controllers\Signup->index()
 6 SYSTEMPATH\CodeIgniter.php(502): CodeIgniter\CodeIgniter->runController()
 7 SYSTEMPATH\CodeIgniter.php(361): CodeIgniter\CodeIgniter->handleRequest()
 8 FCPATH\index.php(79): CodeIgniter\CodeIgniter->run()
CRITICAL - 2024-03-17 19:35:16 --> [Caused by] mysqli_sql_exception: Duplicate entry '0' for key 'utenti.PRIMARY'
in SYSTEMPATH\Database\MySQLi\Connection.php on line 306.
 1 SYSTEMPATH\Database\MySQLi\Connection.php(306): mysqli->query()
 2 SYSTEMPATH\Database\BaseConnection.php(693): CodeIgniter\Database\MySQLi\Connection->execute()
 3 SYSTEMPATH\Database\BaseConnection.php(607): CodeIgniter\Database\BaseConnection->simpleQuery()
 4 SYSTEMPATH\Database\BaseBuilder.php(2302): CodeIgniter\Database\BaseConnection->query()
 5 APPPATH\Controllers\Signup.php(34): CodeIgniter\Database\BaseBuilder->insert()
 6 SYSTEMPATH\CodeIgniter.php(941): App\Controllers\Signup->index()
 7 SYSTEMPATH\CodeIgniter.php(502): CodeIgniter\CodeIgniter->runController()
 8 SYSTEMPATH\CodeIgniter.php(361): CodeIgniter\CodeIgniter->handleRequest()
 9 FCPATH\index.php(79): CodeIgniter\CodeIgniter->run()
