CRITICAL - 2024-03-22 10:16:35 --> ErrorException: Undefined variable $totalTime
in SYSTEMPATH\Debug\Toolbar\Views\toolbar.tpl.php on line 46.
 1 SYSTEMPATH\Debug\Toolbar\Views\toolbar.tpl.php(46): CodeIgniter\Debug\Exceptions->errorHandler()
 2 SYSTEMPATH\Debug\Toolbar.php(512): include('C:\\Users\\masiero.christian\\Desktop\\UniserverCI4\\UniServerZ\\www\\ci4\\system\\Debug\\Toolbar\\Views\\toolbar.tpl.php')
 3 SYSTEMPATH\Debug\Toolbar.php(475): CodeIgniter\Debug\Toolbar->format()
 4 APPPATH\Config\Events.php(47): CodeIgniter\Debug\Toolbar->respond()
 5 SYSTEMPATH\Events\Events.php(154): CodeIgniter\Events\Events::Config\{closure}()
 6 SYSTEMPATH\CodeIgniter.php(442): CodeIgniter\Events\Events::trigger()
 7 SYSTEMPATH\CodeIgniter.php(361): CodeIgniter\CodeIgniter->handleRequest()
 8 FCPATH\index.php(79): CodeIgniter\CodeIgniter->run()
CRITICAL - 2024-03-22 10:16:35 --> ErrorException: Undefined variable $totalTime
in SYSTEMPATH\Debug\Toolbar\Views\toolbar.tpl.php on line 46.
 1 SYSTEMPATH\Debug\Toolbar\Views\toolbar.tpl.php(46): CodeIgniter\Debug\Exceptions->errorHandler()
 2 SYSTEMPATH\Debug\Toolbar.php(512): include('C:\\Users\\masiero.christian\\Desktop\\UniserverCI4\\UniServerZ\\www\\ci4\\system\\Debug\\Toolbar\\Views\\toolbar.tpl.php')
 3 SYSTEMPATH\Debug\Toolbar.php(475): CodeIgniter\Debug\Toolbar->format()
 4 APPPATH\Config\Events.php(47): CodeIgniter\Debug\Toolbar->respond()
 5 SYSTEMPATH\Events\Events.php(154): CodeIgniter\Events\Events::Config\{closure}()
 6 SYSTEMPATH\CodeIgniter.php(442): CodeIgniter\Events\Events::trigger()
 7 SYSTEMPATH\CodeIgniter.php(361): CodeIgniter\CodeIgniter->handleRequest()
 8 FCPATH\index.php(79): CodeIgniter\CodeIgniter->run()
ERROR - 2024-03-22 12:11:11 --> mysqli_sql_exception: Unknown column 'telefono' in 'field list' in C:\Users\masiero.christian\Desktop\UniserverCI4\UniServerZ\www\ci4\system\Database\MySQLi\Connection.php:306
Stack trace:
#0 C:\Users\masiero.christian\Desktop\UniserverCI4\UniServerZ\www\ci4\system\Database\MySQLi\Connection.php(306): mysqli->query()
#1 C:\Users\masiero.christian\Desktop\UniserverCI4\UniServerZ\www\ci4\system\Database\BaseConnection.php(693): CodeIgniter\Database\MySQLi\Connection->execute()
#2 C:\Users\masiero.christian\Desktop\UniserverCI4\UniServerZ\www\ci4\system\Database\BaseConnection.php(607): CodeIgniter\Database\BaseConnection->simpleQuery()
#3 C:\Users\masiero.christian\Desktop\UniserverCI4\UniServerZ\www\ci4\system\Database\BaseBuilder.php(2302): CodeIgniter\Database\BaseConnection->query()
#4 C:\Users\masiero.christian\Desktop\UniserverCI4\UniServerZ\www\ci4\app\Controllers\Signup.php(35): CodeIgniter\Database\BaseBuilder->insert()
#5 C:\Users\masiero.christian\Desktop\UniserverCI4\UniServerZ\www\ci4\system\CodeIgniter.php(941): App\Controllers\Signup->index()
#6 C:\Users\masiero.christian\Desktop\UniserverCI4\UniServerZ\www\ci4\system\CodeIgniter.php(502): CodeIgniter\CodeIgniter->runController()
#7 C:\Users\masiero.christian\Desktop\UniserverCI4\UniServerZ\www\ci4\system\CodeIgniter.php(361): CodeIgniter\CodeIgniter->handleRequest()
#8 C:\Users\masiero.christian\Desktop\UniserverCI4\UniServerZ\www\ci4\public\index.php(79): CodeIgniter\CodeIgniter->run()
#9 {main}
CRITICAL - 2024-03-22 12:11:11 --> CodeIgniter\Database\Exceptions\DatabaseException: Unknown column 'telefono' in 'field list'
in SYSTEMPATH\Database\BaseConnection.php on line 647.
 1 SYSTEMPATH\Database\BaseBuilder.php(2302): CodeIgniter\Database\BaseConnection->query()
 2 APPPATH\Controllers\Signup.php(35): CodeIgniter\Database\BaseBuilder->insert()
 3 SYSTEMPATH\CodeIgniter.php(941): App\Controllers\Signup->index()
 4 SYSTEMPATH\CodeIgniter.php(502): CodeIgniter\CodeIgniter->runController()
 5 SYSTEMPATH\CodeIgniter.php(361): CodeIgniter\CodeIgniter->handleRequest()
 6 FCPATH\index.php(79): CodeIgniter\CodeIgniter->run()
CRITICAL - 2024-03-22 12:11:11 --> [Caused by] CodeIgniter\Database\Exceptions\DatabaseException: Unknown column 'telefono' in 'field list'
in SYSTEMPATH\Database\MySQLi\Connection.php on line 311.
 1 SYSTEMPATH\Database\BaseConnection.php(693): CodeIgniter\Database\MySQLi\Connection->execute()
 2 SYSTEMPATH\Database\BaseConnection.php(607): CodeIgniter\Database\BaseConnection->simpleQuery()
 3 SYSTEMPATH\Database\BaseBuilder.php(2302): CodeIgniter\Database\BaseConnection->query()
 4 APPPATH\Controllers\Signup.php(35): CodeIgniter\Database\BaseBuilder->insert()
 5 SYSTEMPATH\CodeIgniter.php(941): App\Controllers\Signup->index()
 6 SYSTEMPATH\CodeIgniter.php(502): CodeIgniter\CodeIgniter->runController()
 7 SYSTEMPATH\CodeIgniter.php(361): CodeIgniter\CodeIgniter->handleRequest()
 8 FCPATH\index.php(79): CodeIgniter\CodeIgniter->run()
CRITICAL - 2024-03-22 12:11:11 --> [Caused by] mysqli_sql_exception: Unknown column 'telefono' in 'field list'
in SYSTEMPATH\Database\MySQLi\Connection.php on line 306.
 1 SYSTEMPATH\Database\MySQLi\Connection.php(306): mysqli->query()
 2 SYSTEMPATH\Database\BaseConnection.php(693): CodeIgniter\Database\MySQLi\Connection->execute()
 3 SYSTEMPATH\Database\BaseConnection.php(607): CodeIgniter\Database\BaseConnection->simpleQuery()
 4 SYSTEMPATH\Database\BaseBuilder.php(2302): CodeIgniter\Database\BaseConnection->query()
 5 APPPATH\Controllers\Signup.php(35): CodeIgniter\Database\BaseBuilder->insert()
 6 SYSTEMPATH\CodeIgniter.php(941): App\Controllers\Signup->index()
 7 SYSTEMPATH\CodeIgniter.php(502): CodeIgniter\CodeIgniter->runController()
 8 SYSTEMPATH\CodeIgniter.php(361): CodeIgniter\CodeIgniter->handleRequest()
 9 FCPATH\index.php(79): CodeIgniter\CodeIgniter->run()
ERROR - 2024-03-22 12:13:00 --> mysqli_sql_exception: Column 'Nome' cannot be null in C:\Users\masiero.christian\Desktop\UniserverCI4\UniServerZ\www\ci4\system\Database\MySQLi\Connection.php:306
Stack trace:
#0 C:\Users\masiero.christian\Desktop\UniserverCI4\UniServerZ\www\ci4\system\Database\MySQLi\Connection.php(306): mysqli->query()
#1 C:\Users\masiero.christian\Desktop\UniserverCI4\UniServerZ\www\ci4\system\Database\BaseConnection.php(693): CodeIgniter\Database\MySQLi\Connection->execute()
#2 C:\Users\masiero.christian\Desktop\UniserverCI4\UniServerZ\www\ci4\system\Database\BaseConnection.php(607): CodeIgniter\Database\BaseConnection->simpleQuery()
#3 C:\Users\masiero.christian\Desktop\UniserverCI4\UniServerZ\www\ci4\system\Database\BaseBuilder.php(2302): CodeIgniter\Database\BaseConnection->query()
#4 C:\Users\masiero.christian\Desktop\UniserverCI4\UniServerZ\www\ci4\app\Controllers\Signup.php(35): CodeIgniter\Database\BaseBuilder->insert()
#5 C:\Users\masiero.christian\Desktop\UniserverCI4\UniServerZ\www\ci4\system\CodeIgniter.php(941): App\Controllers\Signup->index()
#6 C:\Users\masiero.christian\Desktop\UniserverCI4\UniServerZ\www\ci4\system\CodeIgniter.php(502): CodeIgniter\CodeIgniter->runController()
#7 C:\Users\masiero.christian\Desktop\UniserverCI4\UniServerZ\www\ci4\system\CodeIgniter.php(361): CodeIgniter\CodeIgniter->handleRequest()
#8 C:\Users\masiero.christian\Desktop\UniserverCI4\UniServerZ\www\ci4\public\index.php(79): CodeIgniter\CodeIgniter->run()
#9 {main}
CRITICAL - 2024-03-22 12:13:00 --> CodeIgniter\Database\Exceptions\DatabaseException: Column 'Nome' cannot be null
in SYSTEMPATH\Database\BaseConnection.php on line 647.
 1 SYSTEMPATH\Database\BaseBuilder.php(2302): CodeIgniter\Database\BaseConnection->query()
 2 APPPATH\Controllers\Signup.php(35): CodeIgniter\Database\BaseBuilder->insert()
 3 SYSTEMPATH\CodeIgniter.php(941): App\Controllers\Signup->index()
 4 SYSTEMPATH\CodeIgniter.php(502): CodeIgniter\CodeIgniter->runController()
 5 SYSTEMPATH\CodeIgniter.php(361): CodeIgniter\CodeIgniter->handleRequest()
 6 FCPATH\index.php(79): CodeIgniter\CodeIgniter->run()
CRITICAL - 2024-03-22 12:13:00 --> [Caused by] CodeIgniter\Database\Exceptions\DatabaseException: Column 'Nome' cannot be null
in SYSTEMPATH\Database\MySQLi\Connection.php on line 311.
 1 SYSTEMPATH\Database\BaseConnection.php(693): CodeIgniter\Database\MySQLi\Connection->execute()
 2 SYSTEMPATH\Database\BaseConnection.php(607): CodeIgniter\Database\BaseConnection->simpleQuery()
 3 SYSTEMPATH\Database\BaseBuilder.php(2302): CodeIgniter\Database\BaseConnection->query()
 4 APPPATH\Controllers\Signup.php(35): CodeIgniter\Database\BaseBuilder->insert()
 5 SYSTEMPATH\CodeIgniter.php(941): App\Controllers\Signup->index()
 6 SYSTEMPATH\CodeIgniter.php(502): CodeIgniter\CodeIgniter->runController()
 7 SYSTEMPATH\CodeIgniter.php(361): CodeIgniter\CodeIgniter->handleRequest()
 8 FCPATH\index.php(79): CodeIgniter\CodeIgniter->run()
CRITICAL - 2024-03-22 12:13:00 --> [Caused by] mysqli_sql_exception: Column 'Nome' cannot be null
in SYSTEMPATH\Database\MySQLi\Connection.php on line 306.
 1 SYSTEMPATH\Database\MySQLi\Connection.php(306): mysqli->query()
 2 SYSTEMPATH\Database\BaseConnection.php(693): CodeIgniter\Database\MySQLi\Connection->execute()
 3 SYSTEMPATH\Database\BaseConnection.php(607): CodeIgniter\Database\BaseConnection->simpleQuery()
 4 SYSTEMPATH\Database\BaseBuilder.php(2302): CodeIgniter\Database\BaseConnection->query()
 5 APPPATH\Controllers\Signup.php(35): CodeIgniter\Database\BaseBuilder->insert()
 6 SYSTEMPATH\CodeIgniter.php(941): App\Controllers\Signup->index()
 7 SYSTEMPATH\CodeIgniter.php(502): CodeIgniter\CodeIgniter->runController()
 8 SYSTEMPATH\CodeIgniter.php(361): CodeIgniter\CodeIgniter->handleRequest()
 9 FCPATH\index.php(79): CodeIgniter\CodeIgniter->run()
ERROR - 2024-03-22 12:13:34 --> mysqli_sql_exception: Column 'Nome' cannot be null in C:\Users\masiero.christian\Desktop\UniserverCI4\UniServerZ\www\ci4\system\Database\MySQLi\Connection.php:306
Stack trace:
#0 C:\Users\masiero.christian\Desktop\UniserverCI4\UniServerZ\www\ci4\system\Database\MySQLi\Connection.php(306): mysqli->query()
#1 C:\Users\masiero.christian\Desktop\UniserverCI4\UniServerZ\www\ci4\system\Database\BaseConnection.php(693): CodeIgniter\Database\MySQLi\Connection->execute()
#2 C:\Users\masiero.christian\Desktop\UniserverCI4\UniServerZ\www\ci4\system\Database\BaseConnection.php(607): CodeIgniter\Database\BaseConnection->simpleQuery()
#3 C:\Users\masiero.christian\Desktop\UniserverCI4\UniServerZ\www\ci4\system\Database\BaseBuilder.php(2302): CodeIgniter\Database\BaseConnection->query()
#4 C:\Users\masiero.christian\Desktop\UniserverCI4\UniServerZ\www\ci4\app\Controllers\Signup.php(35): CodeIgniter\Database\BaseBuilder->insert()
#5 C:\Users\masiero.christian\Desktop\UniserverCI4\UniServerZ\www\ci4\system\CodeIgniter.php(941): App\Controllers\Signup->index()
#6 C:\Users\masiero.christian\Desktop\UniserverCI4\UniServerZ\www\ci4\system\CodeIgniter.php(502): CodeIgniter\CodeIgniter->runController()
#7 C:\Users\masiero.christian\Desktop\UniserverCI4\UniServerZ\www\ci4\system\CodeIgniter.php(361): CodeIgniter\CodeIgniter->handleRequest()
#8 C:\Users\masiero.christian\Desktop\UniserverCI4\UniServerZ\www\ci4\public\index.php(79): CodeIgniter\CodeIgniter->run()
#9 {main}
CRITICAL - 2024-03-22 12:13:34 --> CodeIgniter\Database\Exceptions\DatabaseException: Column 'Nome' cannot be null
in SYSTEMPATH\Database\BaseConnection.php on line 647.
 1 SYSTEMPATH\Database\BaseBuilder.php(2302): CodeIgniter\Database\BaseConnection->query()
 2 APPPATH\Controllers\Signup.php(35): CodeIgniter\Database\BaseBuilder->insert()
 3 SYSTEMPATH\CodeIgniter.php(941): App\Controllers\Signup->index()
 4 SYSTEMPATH\CodeIgniter.php(502): CodeIgniter\CodeIgniter->runController()
 5 SYSTEMPATH\CodeIgniter.php(361): CodeIgniter\CodeIgniter->handleRequest()
 6 FCPATH\index.php(79): CodeIgniter\CodeIgniter->run()
CRITICAL - 2024-03-22 12:13:34 --> [Caused by] CodeIgniter\Database\Exceptions\DatabaseException: Column 'Nome' cannot be null
in SYSTEMPATH\Database\MySQLi\Connection.php on line 311.
 1 SYSTEMPATH\Database\BaseConnection.php(693): CodeIgniter\Database\MySQLi\Connection->execute()
 2 SYSTEMPATH\Database\BaseConnection.php(607): CodeIgniter\Database\BaseConnection->simpleQuery()
 3 SYSTEMPATH\Database\BaseBuilder.php(2302): CodeIgniter\Database\BaseConnection->query()
 4 APPPATH\Controllers\Signup.php(35): CodeIgniter\Database\BaseBuilder->insert()
 5 SYSTEMPATH\CodeIgniter.php(941): App\Controllers\Signup->index()
 6 SYSTEMPATH\CodeIgniter.php(502): CodeIgniter\CodeIgniter->runController()
 7 SYSTEMPATH\CodeIgniter.php(361): CodeIgniter\CodeIgniter->handleRequest()
 8 FCPATH\index.php(79): CodeIgniter\CodeIgniter->run()
CRITICAL - 2024-03-22 12:13:34 --> [Caused by] mysqli_sql_exception: Column 'Nome' cannot be null
in SYSTEMPATH\Database\MySQLi\Connection.php on line 306.
 1 SYSTEMPATH\Database\MySQLi\Connection.php(306): mysqli->query()
 2 SYSTEMPATH\Database\BaseConnection.php(693): CodeIgniter\Database\MySQLi\Connection->execute()
 3 SYSTEMPATH\Database\BaseConnection.php(607): CodeIgniter\Database\BaseConnection->simpleQuery()
 4 SYSTEMPATH\Database\BaseBuilder.php(2302): CodeIgniter\Database\BaseConnection->query()
 5 APPPATH\Controllers\Signup.php(35): CodeIgniter\Database\BaseBuilder->insert()
 6 SYSTEMPATH\CodeIgniter.php(941): App\Controllers\Signup->index()
 7 SYSTEMPATH\CodeIgniter.php(502): CodeIgniter\CodeIgniter->runController()
 8 SYSTEMPATH\CodeIgniter.php(361): CodeIgniter\CodeIgniter->handleRequest()
 9 FCPATH\index.php(79): CodeIgniter\CodeIgniter->run()
ERROR - 2024-03-22 12:15:03 --> mysqli_sql_exception: Column 'Nome' cannot be null in C:\Users\masiero.christian\Desktop\UniserverCI4\UniServerZ\www\ci4\system\Database\MySQLi\Connection.php:306
Stack trace:
#0 C:\Users\masiero.christian\Desktop\UniserverCI4\UniServerZ\www\ci4\system\Database\MySQLi\Connection.php(306): mysqli->query()
#1 C:\Users\masiero.christian\Desktop\UniserverCI4\UniServerZ\www\ci4\system\Database\BaseConnection.php(693): CodeIgniter\Database\MySQLi\Connection->execute()
#2 C:\Users\masiero.christian\Desktop\UniserverCI4\UniServerZ\www\ci4\system\Database\BaseConnection.php(607): CodeIgniter\Database\BaseConnection->simpleQuery()
#3 C:\Users\masiero.christian\Desktop\UniserverCI4\UniServerZ\www\ci4\system\Database\BaseBuilder.php(2302): CodeIgniter\Database\BaseConnection->query()
#4 C:\Users\masiero.christian\Desktop\UniserverCI4\UniServerZ\www\ci4\app\Controllers\Signup.php(35): CodeIgniter\Database\BaseBuilder->insert()
#5 C:\Users\masiero.christian\Desktop\UniserverCI4\UniServerZ\www\ci4\system\CodeIgniter.php(941): App\Controllers\Signup->index()
#6 C:\Users\masiero.christian\Desktop\UniserverCI4\UniServerZ\www\ci4\system\CodeIgniter.php(502): CodeIgniter\CodeIgniter->runController()
#7 C:\Users\masiero.christian\Desktop\UniserverCI4\UniServerZ\www\ci4\system\CodeIgniter.php(361): CodeIgniter\CodeIgniter->handleRequest()
#8 C:\Users\masiero.christian\Desktop\UniserverCI4\UniServerZ\www\ci4\public\index.php(79): CodeIgniter\CodeIgniter->run()
#9 {main}
CRITICAL - 2024-03-22 12:15:03 --> CodeIgniter\Database\Exceptions\DatabaseException: Column 'Nome' cannot be null
in SYSTEMPATH\Database\BaseConnection.php on line 647.
 1 SYSTEMPATH\Database\BaseBuilder.php(2302): CodeIgniter\Database\BaseConnection->query()
 2 APPPATH\Controllers\Signup.php(35): CodeIgniter\Database\BaseBuilder->insert()
 3 SYSTEMPATH\CodeIgniter.php(941): App\Controllers\Signup->index()
 4 SYSTEMPATH\CodeIgniter.php(502): CodeIgniter\CodeIgniter->runController()
 5 SYSTEMPATH\CodeIgniter.php(361): CodeIgniter\CodeIgniter->handleRequest()
 6 FCPATH\index.php(79): CodeIgniter\CodeIgniter->run()
CRITICAL - 2024-03-22 12:15:03 --> [Caused by] CodeIgniter\Database\Exceptions\DatabaseException: Column 'Nome' cannot be null
in SYSTEMPATH\Database\MySQLi\Connection.php on line 311.
 1 SYSTEMPATH\Database\BaseConnection.php(693): CodeIgniter\Database\MySQLi\Connection->execute()
 2 SYSTEMPATH\Database\BaseConnection.php(607): CodeIgniter\Database\BaseConnection->simpleQuery()
 3 SYSTEMPATH\Database\BaseBuilder.php(2302): CodeIgniter\Database\BaseConnection->query()
 4 APPPATH\Controllers\Signup.php(35): CodeIgniter\Database\BaseBuilder->insert()
 5 SYSTEMPATH\CodeIgniter.php(941): App\Controllers\Signup->index()
 6 SYSTEMPATH\CodeIgniter.php(502): CodeIgniter\CodeIgniter->runController()
 7 SYSTEMPATH\CodeIgniter.php(361): CodeIgniter\CodeIgniter->handleRequest()
 8 FCPATH\index.php(79): CodeIgniter\CodeIgniter->run()
CRITICAL - 2024-03-22 12:15:03 --> [Caused by] mysqli_sql_exception: Column 'Nome' cannot be null
in SYSTEMPATH\Database\MySQLi\Connection.php on line 306.
 1 SYSTEMPATH\Database\MySQLi\Connection.php(306): mysqli->query()
 2 SYSTEMPATH\Database\BaseConnection.php(693): CodeIgniter\Database\MySQLi\Connection->execute()
 3 SYSTEMPATH\Database\BaseConnection.php(607): CodeIgniter\Database\BaseConnection->simpleQuery()
 4 SYSTEMPATH\Database\BaseBuilder.php(2302): CodeIgniter\Database\BaseConnection->query()
 5 APPPATH\Controllers\Signup.php(35): CodeIgniter\Database\BaseBuilder->insert()
 6 SYSTEMPATH\CodeIgniter.php(941): App\Controllers\Signup->index()
 7 SYSTEMPATH\CodeIgniter.php(502): CodeIgniter\CodeIgniter->runController()
 8 SYSTEMPATH\CodeIgniter.php(361): CodeIgniter\CodeIgniter->handleRequest()
 9 FCPATH\index.php(79): CodeIgniter\CodeIgniter->run()
